

================================================================
== Vitis HLS Report for 'dit_fft_8'
================================================================
* Date:           Fri Apr 10 15:16:51 2026

* Version:        2023.1 (Build 3854077 on May  4 2023)
* Project:        FFT
* Solution:       solution1 (Vivado IP Flow Target)
* Product family: zynq
* Target device:  xc7z020-clg484-1


================================================================
== Performance Estimates
================================================================
+ Timing: 
    * Summary: 
    +--------+----------+----------+------------+
    |  Clock |  Target  | Estimated| Uncertainty|
    +--------+----------+----------+------------+
    |ap_clk  |  10.00 ns|  7.127 ns|     2.70 ns|
    +--------+----------+----------+------------+

+ Latency: 
    * Summary: 
    +---------+---------+-----------+-----------+-----+-----+---------+
    |  Latency (cycles) |   Latency (absolute)  |  Interval | Pipeline|
    |   min   |   max   |    min    |    max    | min | max |   Type  |
    +---------+---------+-----------+-----------+-----+-----+---------+
    |        6|        6|  60.000 ns|  60.000 ns|    1|    1|      yes|
    +---------+---------+-----------+-----------+-----+-----+---------+

    + Detail: 
        * Instance: 
        N/A

        * Loop: 
        N/A



================================================================
== Utilization Estimates
================================================================
* Summary: 
+-----------------+---------+-----+--------+-------+-----+
|       Name      | BRAM_18K| DSP |   FF   |  LUT  | URAM|
+-----------------+---------+-----+--------+-------+-----+
|DSP              |        -|    3|       -|      -|    -|
|Expression       |        -|    -|       0|   5261|    -|
|FIFO             |        -|    -|       -|      -|    -|
|Instance         |        -|    3|       0|     18|    -|
|Memory           |        -|    -|       -|      -|    -|
|Multiplexer      |        -|    -|       -|      -|    -|
|Register         |        -|    -|    1650|    384|    -|
+-----------------+---------+-----+--------+-------+-----+
|Total            |        0|    6|    1650|   5663|    0|
+-----------------+---------+-----+--------+-------+-----+
|Available        |      280|  220|  106400|  53200|    0|
+-----------------+---------+-----+--------+-------+-----+
|Utilization (%)  |        0|    2|       1|     10|    0|
+-----------------+---------+-----+--------+-------+-----+

+ Detail: 
    * Instance: 
    +------------------------+---------------------+---------+----+---+----+-----+
    |        Instance        |        Module       | BRAM_18K| DSP| FF| LUT| URAM|
    +------------------------+---------------------+---------+----+---+----+-----+
    |mul_12s_12ns_12_1_1_U3  |mul_12s_12ns_12_1_1  |        0|   1|  0|   6|    0|
    |mul_16s_13ns_29_1_1_U2  |mul_16s_13ns_29_1_1  |        0|   1|  0|   6|    0|
    |mul_16s_13s_29_1_1_U1   |mul_16s_13s_29_1_1   |        0|   1|  0|   6|    0|
    +------------------------+---------------------+---------+----+---+----+-----+
    |Total                   |                     |        0|   3|  0|  18|    0|
    +------------------------+---------------------+---------+----+---+----+-----+

    * DSP: 
    +----------------------------------+-------------------------------+----------------+
    |             Instance             |             Module            |   Expression   |
    +----------------------------------+-------------------------------+----------------+
    |am_addmul_16s_16s_12ns_29_4_1_U4  |am_addmul_16s_16s_12ns_29_4_1  |  (i0 + i1) * i2|
    |am_addmul_16s_16s_13s_29_4_1_U6   |am_addmul_16s_16s_13s_29_4_1   |  (i0 + i1) * i2|
    |am_submul_16s_16s_13s_29_4_1_U5   |am_submul_16s_16s_13s_29_4_1   |  (i0 - i1) * i2|
    +----------------------------------+-------------------------------+----------------+

    * Memory: 
    N/A

    * FIFO: 
    N/A

    * Expression: 
    +---------------------------+----------+----+---+----+------------+------------+
    |       Variable Name       | Operation| DSP| FF| LUT| Bitwidth P0| Bitwidth P1|
    +---------------------------+----------+----+---+----+------------+------------+
    |add_ln11_10_fu_4416_p2     |         +|   0|  0|  24|          17|          17|
    |add_ln11_11_fu_1981_p2     |         +|   0|  0|  24|          17|          17|
    |add_ln11_12_fu_3163_p2     |         +|   0|  0|  24|          17|          17|
    |add_ln11_13_fu_2647_p2     |         +|   0|  0|  24|          17|          17|
    |add_ln11_14_fu_2108_p2     |         +|   0|  0|  24|          17|          17|
    |add_ln11_15_fu_2174_p2     |         +|   0|  0|  24|          17|          17|
    |add_ln11_16_fu_4543_p2     |         +|   0|  0|  24|          17|          17|
    |add_ln11_17_fu_4611_p2     |         +|   0|  0|  24|          17|          17|
    |add_ln11_18_fu_4817_p2     |         +|   0|  0|  24|          17|          17|
    |add_ln11_19_fu_4884_p2     |         +|   0|  0|  24|          17|          17|
    |add_ln11_1_fu_1854_p2      |         +|   0|  0|  24|          17|          17|
    |add_ln11_20_fu_5071_p2     |         +|   0|  0|  24|          17|          17|
    |add_ln11_21_fu_5139_p2     |         +|   0|  0|  24|          17|          17|
    |add_ln11_22_fu_5363_p2     |         +|   0|  0|  24|          17|          17|
    |add_ln11_23_fu_5430_p2     |         +|   0|  0|  24|          17|          17|
    |add_ln11_24_fu_2964_p2     |         +|   0|  0|  23|          16|          16|
    |add_ln11_25_fu_1868_p2     |         +|   0|  0|  23|          16|          16|
    |add_ln11_26_fu_950_p2      |         +|   0|  0|  23|          16|          16|
    |add_ln11_27_fu_2457_p2     |         +|   0|  0|  23|          16|          16|
    |add_ln11_28_fu_1060_p2     |         +|   0|  0|  23|          16|          16|
    |add_ln11_29_fu_1126_p2     |         +|   0|  0|  23|          16|          16|
    |add_ln11_2_fu_936_p2       |         +|   0|  0|  24|          17|          17|
    |add_ln11_30_fu_1312_p2     |         +|   0|  0|  23|          16|          16|
    |add_ln11_31_fu_750_p2      |         +|   0|  0|  23|          16|          16|
    |add_ln11_32_fu_4178_p2     |         +|   0|  0|  23|          16|          16|
    |add_ln11_33_fu_4244_p2     |         +|   0|  0|  23|          16|          16|
    |add_ln11_34_fu_4430_p2     |         +|   0|  0|  23|          16|          16|
    |add_ln11_35_fu_1995_p2     |         +|   0|  0|  23|          16|          16|
    |add_ln11_36_fu_3177_p2     |         +|   0|  0|  23|          16|          16|
    |add_ln11_37_fu_2661_p2     |         +|   0|  0|  23|          16|          16|
    |add_ln11_38_fu_2122_p2     |         +|   0|  0|  23|          16|          16|
    |add_ln11_39_fu_2188_p2     |         +|   0|  0|  23|          16|          16|
    |add_ln11_3_fu_2443_p2      |         +|   0|  0|  24|          17|          17|
    |add_ln11_40_fu_4557_p2     |         +|   0|  0|  23|          16|          16|
    |add_ln11_41_fu_4625_p2     |         +|   0|  0|  23|          16|          16|
    |add_ln11_42_fu_4831_p2     |         +|   0|  0|  23|          16|          16|
    |add_ln11_43_fu_4898_p2     |         +|   0|  0|  23|          16|          16|
    |add_ln11_44_fu_5085_p2     |         +|   0|  0|  23|          16|          16|
    |add_ln11_45_fu_5153_p2     |         +|   0|  0|  23|          16|          16|
    |add_ln11_46_fu_5377_p2     |         +|   0|  0|  23|          16|          16|
    |add_ln11_47_fu_5444_p2     |         +|   0|  0|  23|          16|          16|
    |add_ln11_4_fu_1046_p2      |         +|   0|  0|  24|          17|          17|
    |add_ln11_5_fu_1112_p2      |         +|   0|  0|  24|          17|          17|
    |add_ln11_6_fu_1298_p2      |         +|   0|  0|  24|          17|          17|
    |add_ln11_7_fu_736_p2       |         +|   0|  0|  24|          17|          17|
    |add_ln11_8_fu_4164_p2      |         +|   0|  0|  24|          17|          17|
    |add_ln11_9_fu_4230_p2      |         +|   0|  0|  24|          17|          17|
    |add_ln11_fu_2950_p2        |         +|   0|  0|  24|          17|          17|
    |add_ln9_1_fu_2410_p2       |         +|   0|  0|  12|          12|          12|
    |add_ln9_4_fu_2378_p2       |         +|   0|  0|  12|          12|          12|
    |add_ln9_fu_2801_p2         |         +|   0|  0|  36|          29|          29|
    |ti_19_fu_2834_p2           |         +|   0|  0|  23|          16|          16|
    |ti_24_fu_4006_p2           |         +|   0|  0|  23|          16|          16|
    |tr_19_fu_3351_p2           |         +|   0|  0|  23|          16|          16|
    |tr_24_fu_3828_p2           |         +|   0|  0|  23|          16|          16|
    |sub_ln12_10_fu_4476_p2     |         -|   0|  0|  24|          17|          17|
    |sub_ln12_11_fu_2042_p2     |         -|   0|  0|  24|          17|          17|
    |sub_ln12_12_fu_3223_p2     |         -|   0|  0|  24|          17|          17|
    |sub_ln12_13_fu_2707_p2     |         -|   0|  0|  24|          17|          17|
    |sub_ln12_14_fu_2234_p2     |         -|   0|  0|  24|          17|          17|
    |sub_ln12_15_fu_2294_p2     |         -|   0|  0|  24|          17|          17|
    |sub_ln12_16_fu_4681_p2     |         -|   0|  0|  24|          17|          17|
    |sub_ln12_17_fu_4741_p2     |         -|   0|  0|  24|          17|          17|
    |sub_ln12_18_fu_4944_p2     |         -|   0|  0|  24|          17|          17|
    |sub_ln12_19_fu_5004_p2     |         -|   0|  0|  24|          17|          17|
    |sub_ln12_1_fu_1914_p2      |         -|   0|  0|  24|          17|          17|
    |sub_ln12_20_fu_5200_p2     |         -|   0|  0|  24|          17|          17|
    |sub_ln12_21_fu_5260_p2     |         -|   0|  0|  24|          17|          17|
    |sub_ln12_22_fu_5490_p2     |         -|   0|  0|  24|          17|          17|
    |sub_ln12_23_fu_5550_p2     |         -|   0|  0|  24|          17|          17|
    |sub_ln12_2_fu_996_p2       |         -|   0|  0|  24|          17|          17|
    |sub_ln12_3_fu_2503_p2      |         -|   0|  0|  24|          17|          17|
    |sub_ln12_4_fu_1172_p2      |         -|   0|  0|  24|          17|          17|
    |sub_ln12_5_fu_1232_p2      |         -|   0|  0|  24|          17|          17|
    |sub_ln12_6_fu_1358_p2      |         -|   0|  0|  24|          17|          17|
    |sub_ln12_7_fu_798_p2       |         -|   0|  0|  24|          17|          17|
    |sub_ln12_8_fu_4290_p2      |         -|   0|  0|  24|          17|          17|
    |sub_ln12_9_fu_4350_p2      |         -|   0|  0|  24|          17|          17|
    |sub_ln12_fu_3010_p2        |         -|   0|  0|  24|          17|          17|
    |sub_ln8_1_fu_3070_p2       |         -|   0|  0|  35|           1|          28|
    |sub_ln8_2_fu_920_p2        |         -|   0|  0|  36|           1|          29|
    |sub_ln8_3_fu_1628_p2       |         -|   0|  0|  35|           1|          28|
    |sub_ln8_4_fu_2928_p2       |         -|   0|  0|  36|           1|          29|
    |sub_ln8_5_fu_3581_p2       |         -|   0|  0|  35|           1|          28|
    |sub_ln8_fu_2625_p2         |         -|   0|  0|  36|           1|          29|
    |sub_ln9_1_fu_1750_p2       |         -|   0|  0|  36|           1|          29|
    |sub_ln9_2_fu_3696_p2       |         -|   0|  0|  36|           1|          29|
    |sub_ln9_fu_1480_p2         |         -|   0|  0|  36|           1|          29|
    |and_ln11_10_fu_4448_p2     |       and|   0|  0|   2|           1|           1|
    |and_ln11_11_fu_2014_p2     |       and|   0|  0|   2|           1|           1|
    |and_ln11_12_fu_3195_p2     |       and|   0|  0|   2|           1|           1|
    |and_ln11_13_fu_2679_p2     |       and|   0|  0|   2|           1|           1|
    |and_ln11_14_fu_2140_p2     |       and|   0|  0|   2|           1|           1|
    |and_ln11_15_fu_2206_p2     |       and|   0|  0|   2|           1|           1|
    |and_ln11_16_fu_4576_p2     |       and|   0|  0|   2|           1|           1|
    |and_ln11_17_fu_4644_p2     |       and|   0|  0|   2|           1|           1|
    |and_ln11_18_fu_4850_p2     |       and|   0|  0|   2|           1|           1|
    |and_ln11_19_fu_4916_p2     |       and|   0|  0|   2|           1|           1|
    |and_ln11_1_fu_1886_p2      |       and|   0|  0|   2|           1|           1|
    |and_ln11_20_fu_5104_p2     |       and|   0|  0|   2|           1|           1|
    |and_ln11_21_fu_5172_p2     |       and|   0|  0|   2|           1|           1|
    |and_ln11_22_fu_5396_p2     |       and|   0|  0|   2|           1|           1|
    |and_ln11_23_fu_5462_p2     |       and|   0|  0|   2|           1|           1|
    |and_ln11_2_fu_968_p2       |       and|   0|  0|   2|           1|           1|
    |and_ln11_3_fu_2475_p2      |       and|   0|  0|   2|           1|           1|
    |and_ln11_4_fu_1078_p2      |       and|   0|  0|   2|           1|           1|
    |and_ln11_5_fu_1144_p2      |       and|   0|  0|   2|           1|           1|
    |and_ln11_6_fu_1330_p2      |       and|   0|  0|   2|           1|           1|
    |and_ln11_7_fu_770_p2       |       and|   0|  0|   2|           1|           1|
    |and_ln11_8_fu_4196_p2      |       and|   0|  0|   2|           1|           1|
    |and_ln11_9_fu_4262_p2      |       and|   0|  0|   2|           1|           1|
    |and_ln11_fu_2982_p2        |       and|   0|  0|   2|           1|           1|
    |and_ln12_10_fu_4508_p2     |       and|   0|  0|   2|           1|           1|
    |and_ln12_11_fu_2074_p2     |       and|   0|  0|   2|           1|           1|
    |and_ln12_12_fu_3255_p2     |       and|   0|  0|   2|           1|           1|
    |and_ln12_13_fu_2739_p2     |       and|   0|  0|   2|           1|           1|
    |and_ln12_14_fu_2266_p2     |       and|   0|  0|   2|           1|           1|
    |and_ln12_15_fu_2326_p2     |       and|   0|  0|   2|           1|           1|
    |and_ln12_16_fu_4713_p2     |       and|   0|  0|   2|           1|           1|
    |and_ln12_17_fu_4773_p2     |       and|   0|  0|   2|           1|           1|
    |and_ln12_18_fu_4976_p2     |       and|   0|  0|   2|           1|           1|
    |and_ln12_19_fu_5036_p2     |       and|   0|  0|   2|           1|           1|
    |and_ln12_1_fu_1946_p2      |       and|   0|  0|   2|           1|           1|
    |and_ln12_20_fu_5232_p2     |       and|   0|  0|   2|           1|           1|
    |and_ln12_21_fu_5292_p2     |       and|   0|  0|   2|           1|           1|
    |and_ln12_22_fu_5522_p2     |       and|   0|  0|   2|           1|           1|
    |and_ln12_23_fu_5582_p2     |       and|   0|  0|   2|           1|           1|
    |and_ln12_2_fu_1028_p2      |       and|   0|  0|   2|           1|           1|
    |and_ln12_3_fu_2535_p2      |       and|   0|  0|   2|           1|           1|
    |and_ln12_4_fu_1204_p2      |       and|   0|  0|   2|           1|           1|
    |and_ln12_5_fu_1264_p2      |       and|   0|  0|   2|           1|           1|
    |and_ln12_6_fu_1390_p2      |       and|   0|  0|   2|           1|           1|
    |and_ln12_7_fu_830_p2       |       and|   0|  0|   2|           1|           1|
    |and_ln12_8_fu_4322_p2      |       and|   0|  0|   2|           1|           1|
    |and_ln12_9_fu_4382_p2      |       and|   0|  0|   2|           1|           1|
    |and_ln12_fu_3042_p2        |       and|   0|  0|   2|           1|           1|
    |and_ln8_10_fu_1682_p2      |       and|   0|  0|   2|           1|           1|
    |and_ln8_11_fu_1694_p2      |       and|   0|  0|   2|           1|           1|
    |and_ln8_12_fu_3289_p2      |       and|   0|  0|   2|           1|           1|
    |and_ln8_13_fu_3371_p2      |       and|   0|  0|   2|           1|           1|
    |and_ln8_14_fu_3421_p2      |       and|   0|  0|   2|           1|           1|
    |and_ln8_15_fu_3427_p2      |       and|   0|  0|   2|           1|           1|
    |and_ln8_16_fu_3451_p2      |       and|   0|  0|   2|           1|           1|
    |and_ln8_17_fu_3457_p2      |       and|   0|  0|   2|           1|           1|
    |and_ln8_18_fu_3475_p2      |       and|   0|  0|   2|           1|           1|
    |and_ln8_19_fu_3623_p2      |       and|   0|  0|   2|           1|           1|
    |and_ln8_1_fu_450_p2        |       and|   0|  0|   2|           1|           1|
    |and_ln8_20_fu_3629_p2      |       and|   0|  0|   2|           1|           1|
    |and_ln8_21_fu_3641_p2      |       and|   0|  0|   2|           1|           1|
    |and_ln8_22_fu_3848_p2      |       and|   0|  0|   2|           1|           1|
    |and_ln8_23_fu_3898_p2      |       and|   0|  0|   2|           1|           1|
    |and_ln8_24_fu_3904_p2      |       and|   0|  0|   2|           1|           1|
    |and_ln8_25_fu_3928_p2      |       and|   0|  0|   2|           1|           1|
    |and_ln8_26_fu_3934_p2      |       and|   0|  0|   2|           1|           1|
    |and_ln8_27_fu_3952_p2      |       and|   0|  0|   2|           1|           1|
    |and_ln8_2_fu_550_p2        |       and|   0|  0|   2|           1|           1|
    |and_ln8_3_fu_650_p2        |       and|   0|  0|   2|           1|           1|
    |and_ln8_4_fu_1424_p2       |       and|   0|  0|   2|           1|           1|
    |and_ln8_5_fu_3112_p2       |       and|   0|  0|   2|           1|           1|
    |and_ln8_6_fu_3118_p2       |       and|   0|  0|   2|           1|           1|
    |and_ln8_7_fu_3130_p2       |       and|   0|  0|   2|           1|           1|
    |and_ln8_8_fu_1600_p2       |       and|   0|  0|   2|           1|           1|
    |and_ln8_9_fu_1676_p2       |       and|   0|  0|   2|           1|           1|
    |and_ln8_fu_350_p2          |       and|   0|  0|   2|           1|           1|
    |and_ln9_10_fu_1808_p2      |       and|   0|  0|   2|           1|           1|
    |and_ln9_11_fu_1820_p2      |       and|   0|  0|   2|           1|           1|
    |and_ln9_12_fu_2773_p2      |       and|   0|  0|   2|           1|           1|
    |and_ln9_13_fu_3508_p2      |       and|   0|  0|   2|           1|           1|
    |and_ln9_14_fu_2888_p2      |       and|   0|  0|   2|           1|           1|
    |and_ln9_15_fu_3517_p2      |       and|   0|  0|   2|           1|           1|
    |and_ln9_16_fu_3538_p2      |       and|   0|  0|   2|           1|           1|
    |and_ln9_17_fu_2894_p2      |       and|   0|  0|   2|           1|           1|
    |and_ln9_18_fu_3555_p2      |       and|   0|  0|   2|           1|           1|
    |and_ln9_19_fu_3748_p2      |       and|   0|  0|   2|           1|           1|
    |and_ln9_1_fu_500_p2        |       and|   0|  0|   2|           1|           1|
    |and_ln9_20_fu_3754_p2      |       and|   0|  0|   2|           1|           1|
    |and_ln9_21_fu_3766_p2      |       and|   0|  0|   2|           1|           1|
    |and_ln9_22_fu_4026_p2      |       and|   0|  0|   2|           1|           1|
    |and_ln9_23_fu_4076_p2      |       and|   0|  0|   2|           1|           1|
    |and_ln9_24_fu_4082_p2      |       and|   0|  0|   2|           1|           1|
    |and_ln9_25_fu_4106_p2      |       and|   0|  0|   2|           1|           1|
    |and_ln9_26_fu_4112_p2      |       and|   0|  0|   2|           1|           1|
    |and_ln9_27_fu_4130_p2      |       and|   0|  0|   2|           1|           1|
    |and_ln9_2_fu_600_p2        |       and|   0|  0|   2|           1|           1|
    |and_ln9_3_fu_700_p2        |       and|   0|  0|   2|           1|           1|
    |and_ln9_4_fu_2569_p2       |       and|   0|  0|   2|           1|           1|
    |and_ln9_5_fu_1532_p2       |       and|   0|  0|   2|           1|           1|
    |and_ln9_6_fu_1538_p2       |       and|   0|  0|   2|           1|           1|
    |and_ln9_7_fu_1550_p2       |       and|   0|  0|   2|           1|           1|
    |and_ln9_8_fu_864_p2        |       and|   0|  0|   2|           1|           1|
    |and_ln9_9_fu_1802_p2       |       and|   0|  0|   2|           1|           1|
    |and_ln9_fu_400_p2          |       and|   0|  0|   2|           1|           1|
    |icmp_ln8_1_fu_1633_p2      |      icmp|   0|  0|  36|          29|           1|
    |icmp_ln8_2_fu_2938_p2      |      icmp|   0|  0|  36|          29|           1|
    |icmp_ln8_fu_2635_p2        |      icmp|   0|  0|  36|          29|           1|
    |or_ln8_10_fu_3654_p2       |        or|   0|  0|   2|           1|           1|
    |or_ln8_11_fu_3867_p2       |        or|   0|  0|   2|           1|           1|
    |or_ln8_12_fu_3892_p2       |        or|   0|  0|   2|           1|           1|
    |or_ln8_13_fu_3916_p2       |        or|   0|  0|   2|           1|           1|
    |or_ln8_14_fu_3940_p2       |        or|   0|  0|   2|           1|           1|
    |or_ln8_15_fu_3966_p2       |        or|   0|  0|   2|           1|           1|
    |or_ln8_1_fu_3143_p2        |        or|   0|  0|   2|           1|           1|
    |or_ln8_2_fu_1664_p2        |        or|   0|  0|   2|           1|           1|
    |or_ln8_3_fu_1708_p2        |        or|   0|  0|   2|           1|           1|
    |or_ln8_4_fu_3390_p2        |        or|   0|  0|   2|           1|           1|
    |or_ln8_5_fu_3415_p2        |        or|   0|  0|   2|           1|           1|
    |or_ln8_6_fu_3439_p2        |        or|   0|  0|   2|           1|           1|
    |or_ln8_7_fu_3463_p2        |        or|   0|  0|   2|           1|           1|
    |or_ln8_8_fu_3489_p2        |        or|   0|  0|   2|           1|           1|
    |or_ln8_9_fu_3612_p2        |        or|   0|  0|   2|           1|           1|
    |or_ln8_fu_3101_p2          |        or|   0|  0|   2|           1|           1|
    |or_ln9_10_fu_3780_p2       |        or|   0|  0|   2|           1|           1|
    |or_ln9_11_fu_4045_p2       |        or|   0|  0|   2|           1|           1|
    |or_ln9_12_fu_4070_p2       |        or|   0|  0|   2|           1|           1|
    |or_ln9_13_fu_4094_p2       |        or|   0|  0|   2|           1|           1|
    |or_ln9_14_fu_4118_p2       |        or|   0|  0|   2|           1|           1|
    |or_ln9_15_fu_4144_p2       |        or|   0|  0|   2|           1|           1|
    |or_ln9_1_fu_1564_p2        |        or|   0|  0|   2|           1|           1|
    |or_ln9_2_fu_1790_p2        |        or|   0|  0|   2|           1|           1|
    |or_ln9_3_fu_1834_p2        |        or|   0|  0|   2|           1|           1|
    |or_ln9_4_fu_2862_p2        |        or|   0|  0|   2|           1|           1|
    |or_ln9_5_fu_2882_p2        |        or|   0|  0|   2|           1|           1|
    |or_ln9_6_fu_3528_p2        |        or|   0|  0|   2|           1|           1|
    |or_ln9_7_fu_3544_p2        |        or|   0|  0|   2|           1|           1|
    |or_ln9_8_fu_3568_p2        |        or|   0|  0|   2|           1|           1|
    |or_ln9_9_fu_3736_p2        |        or|   0|  0|   2|           1|           1|
    |or_ln9_fu_1520_p2          |        or|   0|  0|   2|           1|           1|
    |ai_10_fu_4402_p3           |    select|   0|  0|  16|           1|          16|
    |ai_11_fu_2094_p3           |    select|   0|  0|  16|           1|          16|
    |ai_4_fu_1906_p3            |    select|   0|  0|  16|           1|          16|
    |ai_5_fu_1966_p3            |    select|   0|  0|  16|           1|          16|
    |ai_6_fu_1164_p3            |    select|   0|  0|  16|           1|          16|
    |ai_7_fu_1284_p3            |    select|   0|  0|  16|           1|          16|
    |ai_8_fu_4282_p3            |    select|   0|  0|  16|           1|          16|
    |ai_9_fu_2034_p3            |    select|   0|  0|  16|           1|          16|
    |ar_10_fu_4342_p3           |    select|   0|  0|  16|           1|          16|
    |ar_11_fu_4528_p3           |    select|   0|  0|  16|           1|          16|
    |ar_4_fu_3002_p3            |    select|   0|  0|  16|           1|          16|
    |ar_5_fu_3062_p3            |    select|   0|  0|  16|           1|          16|
    |ar_6_fu_1098_p3            |    select|   0|  0|  16|           1|          16|
    |ar_7_fu_1224_p3            |    select|   0|  0|  16|           1|          16|
    |ar_8_fu_4216_p3            |    select|   0|  0|  16|           1|          16|
    |ar_9_fu_4468_p3            |    select|   0|  0|  16|           1|          16|
    |select_ln11_10_fu_1156_p3  |    select|   0|  0|  17|           1|          15|
    |select_ln11_12_fu_1342_p3  |    select|   0|  0|  17|           1|          15|
    |select_ln11_14_fu_782_p3   |    select|   0|  0|  17|           1|          15|
    |select_ln11_16_fu_4208_p3  |    select|   0|  0|  17|           1|          15|
    |select_ln11_18_fu_4274_p3  |    select|   0|  0|  17|           1|          15|
    |select_ln11_20_fu_4460_p3  |    select|   0|  0|  17|           1|          15|
    |select_ln11_22_fu_2026_p3  |    select|   0|  0|  17|           1|          15|
    |select_ln11_24_fu_3207_p3  |    select|   0|  0|  17|           1|          15|
    |select_ln11_26_fu_2691_p3  |    select|   0|  0|  17|           1|          15|
    |select_ln11_28_fu_2152_p3  |    select|   0|  0|  17|           1|          15|
    |select_ln11_29_fu_2160_p3  |    select|   0|  0|  16|           1|          16|
    |select_ln11_2_fu_1898_p3   |    select|   0|  0|  17|           1|          15|
    |select_ln11_30_fu_2218_p3  |    select|   0|  0|  17|           1|          15|
    |select_ln11_31_fu_2226_p3  |    select|   0|  0|  16|           1|          16|
    |select_ln11_32_fu_4588_p3  |    select|   0|  0|  17|           1|          15|
    |select_ln11_33_fu_4596_p3  |    select|   0|  0|  16|           1|          16|
    |select_ln11_34_fu_4656_p3  |    select|   0|  0|  17|           1|          15|
    |select_ln11_35_fu_4664_p3  |    select|   0|  0|  16|           1|          16|
    |select_ln11_36_fu_4862_p3  |    select|   0|  0|  17|           1|          15|
    |select_ln11_37_fu_4870_p3  |    select|   0|  0|  16|           1|          16|
    |select_ln11_38_fu_4928_p3  |    select|   0|  0|  17|           1|          15|
    |select_ln11_39_fu_4936_p3  |    select|   0|  0|  16|           1|          16|
    |select_ln11_40_fu_5116_p3  |    select|   0|  0|  17|           1|          15|
    |select_ln11_41_fu_5124_p3  |    select|   0|  0|  16|           1|          16|
    |select_ln11_42_fu_5184_p3  |    select|   0|  0|  17|           1|          15|
    |select_ln11_43_fu_5192_p3  |    select|   0|  0|  16|           1|          16|
    |select_ln11_44_fu_5408_p3  |    select|   0|  0|  17|           1|          15|
    |select_ln11_45_fu_5416_p3  |    select|   0|  0|  16|           1|          16|
    |select_ln11_46_fu_5474_p3  |    select|   0|  0|  17|           1|          15|
    |select_ln11_47_fu_5482_p3  |    select|   0|  0|  16|           1|          16|
    |select_ln11_4_fu_980_p3    |    select|   0|  0|  17|           1|          15|
    |select_ln11_6_fu_2487_p3   |    select|   0|  0|  17|           1|          15|
    |select_ln11_8_fu_1090_p3   |    select|   0|  0|  17|           1|          15|
    |select_ln11_fu_2994_p3     |    select|   0|  0|  17|           1|          15|
    |select_ln12_10_fu_4394_p3  |    select|   0|  0|  17|           1|          15|
    |select_ln12_12_fu_2597_p3  |    select|   0|  0|  17|           1|          15|
    |select_ln12_13_fu_2605_p3  |    select|   0|  0|  16|           1|          16|
    |select_ln12_14_fu_1452_p3  |    select|   0|  0|  17|           1|          15|
    |select_ln12_15_fu_1460_p3  |    select|   0|  0|  16|           1|          16|
    |select_ln12_16_fu_4520_p3  |    select|   0|  0|  17|           1|          15|
    |select_ln12_18_fu_2086_p3  |    select|   0|  0|  17|           1|          15|
    |select_ln12_20_fu_892_p3   |    select|   0|  0|  17|           1|          15|
    |select_ln12_21_fu_900_p3   |    select|   0|  0|  16|           1|          16|
    |select_ln12_22_fu_1722_p3  |    select|   0|  0|  17|           1|          15|
    |select_ln12_23_fu_1730_p3  |    select|   0|  0|  16|           1|          16|
    |select_ln12_24_fu_2278_p3  |    select|   0|  0|  17|           1|          15|
    |select_ln12_25_fu_2286_p3  |    select|   0|  0|  16|           1|          16|
    |select_ln12_26_fu_2338_p3  |    select|   0|  0|  17|           1|          15|
    |select_ln12_27_fu_2346_p3  |    select|   0|  0|  16|           1|          16|
    |select_ln12_28_fu_4725_p3  |    select|   0|  0|  17|           1|          15|
    |select_ln12_29_fu_4733_p3  |    select|   0|  0|  16|           1|          16|
    |select_ln12_2_fu_1958_p3   |    select|   0|  0|  17|           1|          15|
    |select_ln12_30_fu_4785_p3  |    select|   0|  0|  17|           1|          15|
    |select_ln12_31_fu_4793_p3  |    select|   0|  0|  16|           1|          16|
    |select_ln12_32_fu_4988_p3  |    select|   0|  0|  17|           1|          15|
    |select_ln12_33_fu_4996_p3  |    select|   0|  0|  16|           1|          16|
    |select_ln12_34_fu_5048_p3  |    select|   0|  0|  17|           1|          15|
    |select_ln12_35_fu_5056_p3  |    select|   0|  0|  16|           1|          16|
    |select_ln12_36_fu_2900_p3  |    select|   0|  0|  17|           1|          15|
    |select_ln12_37_fu_2908_p3  |    select|   0|  0|  16|           1|          16|
    |select_ln12_38_fu_3668_p3  |    select|   0|  0|  17|           1|          15|
    |select_ln12_39_fu_3676_p3  |    select|   0|  0|  16|           1|          16|
    |select_ln12_40_fu_5244_p3  |    select|   0|  0|  17|           1|          15|
    |select_ln12_41_fu_5252_p3  |    select|   0|  0|  16|           1|          16|
    |select_ln12_42_fu_5304_p3  |    select|   0|  0|  17|           1|          15|
    |select_ln12_43_fu_5312_p3  |    select|   0|  0|  16|           1|          16|
    |select_ln12_44_fu_5534_p3  |    select|   0|  0|  17|           1|          15|
    |select_ln12_45_fu_5542_p3  |    select|   0|  0|  16|           1|          16|
    |select_ln12_46_fu_5594_p3  |    select|   0|  0|  17|           1|          15|
    |select_ln12_47_fu_5602_p3  |    select|   0|  0|  16|           1|          16|
    |select_ln12_4_fu_1216_p3   |    select|   0|  0|  17|           1|          15|
    |select_ln12_6_fu_1276_p3   |    select|   0|  0|  17|           1|          15|
    |select_ln12_8_fu_4334_p3   |    select|   0|  0|  17|           1|          15|
    |select_ln12_fu_3054_p3     |    select|   0|  0|  17|           1|          15|
    |select_ln8_10_fu_3135_p3   |    select|   0|  0|  17|           1|          15|
    |select_ln8_12_fu_1606_p3   |    select|   0|  0|  17|           1|          15|
    |select_ln8_14_fu_1700_p3   |    select|   0|  0|  17|           1|          15|
    |select_ln8_16_fu_3295_p3   |    select|   0|  0|  17|           1|          15|
    |select_ln8_18_fu_3481_p3   |    select|   0|  0|  17|           1|          15|
    |select_ln8_20_fu_3646_p3   |    select|   0|  0|  17|           1|          15|
    |select_ln8_22_fu_3958_p3   |    select|   0|  0|  17|           1|          15|
    |select_ln8_2_fu_456_p3     |    select|   0|  0|  17|           1|          15|
    |select_ln8_4_fu_556_p3     |    select|   0|  0|  17|           1|          15|
    |select_ln8_6_fu_656_p3     |    select|   0|  0|  17|           1|          15|
    |select_ln8_8_fu_1430_p3    |    select|   0|  0|  17|           1|          15|
    |select_ln8_fu_356_p3       |    select|   0|  0|  17|           1|          15|
    |select_ln9_10_fu_1556_p3   |    select|   0|  0|  17|           1|          15|
    |select_ln9_12_fu_870_p3    |    select|   0|  0|  17|           1|          15|
    |select_ln9_14_fu_1826_p3   |    select|   0|  0|  17|           1|          15|
    |select_ln9_16_fu_2779_p3   |    select|   0|  0|  17|           1|          15|
    |select_ln9_18_fu_3560_p3   |    select|   0|  0|  17|           1|          15|
    |select_ln9_20_fu_3772_p3   |    select|   0|  0|  17|           1|          15|
    |select_ln9_22_fu_4136_p3   |    select|   0|  0|  17|           1|          15|
    |select_ln9_2_fu_506_p3     |    select|   0|  0|  17|           1|          15|
    |select_ln9_4_fu_606_p3     |    select|   0|  0|  17|           1|          15|
    |select_ln9_6_fu_706_p3     |    select|   0|  0|  17|           1|          15|
    |select_ln9_8_fu_2575_p3    |    select|   0|  0|  17|           1|          15|
    |select_ln9_fu_406_p3       |    select|   0|  0|  17|           1|          15|
    |ti_11_fu_1570_p3           |    select|   0|  0|  16|           1|          16|
    |ti_12_fu_790_p3            |    select|   0|  0|  16|           1|          16|
    |ti_13_fu_884_p3            |    select|   0|  0|  16|           1|          16|
    |ti_15_fu_1840_p3           |    select|   0|  0|  16|           1|          16|
    |ti_16_fu_2699_p3           |    select|   0|  0|  16|           1|          16|
    |ti_17_fu_2793_p3           |    select|   0|  0|  16|           1|          16|
    |ti_1_fu_420_p3             |    select|   0|  0|  16|           1|          16|
    |ti_20_fu_3574_p3           |    select|   0|  0|  16|           1|          16|
    |ti_22_fu_3786_p3           |    select|   0|  0|  16|           1|          16|
    |ti_25_fu_4150_p3           |    select|   0|  0|  16|           1|          16|
    |ti_3_fu_520_p3             |    select|   0|  0|  16|           1|          16|
    |ti_5_fu_620_p3             |    select|   0|  0|  16|           1|          16|
    |ti_7_fu_720_p3             |    select|   0|  0|  16|           1|          16|
    |ti_8_fu_2495_p3            |    select|   0|  0|  16|           1|          16|
    |ti_9_fu_2589_p3            |    select|   0|  0|  16|           1|          16|
    |tr_11_fu_3149_p3           |    select|   0|  0|  16|           1|          16|
    |tr_12_fu_1350_p3           |    select|   0|  0|  16|           1|          16|
    |tr_13_fu_1620_p3           |    select|   0|  0|  16|           1|          16|
    |tr_15_fu_1714_p3           |    select|   0|  0|  16|           1|          16|
    |tr_16_fu_3215_p3           |    select|   0|  0|  16|           1|          16|
    |tr_17_fu_3309_p3           |    select|   0|  0|  16|           1|          16|
    |tr_1_fu_370_p3             |    select|   0|  0|  16|           1|          16|
    |tr_20_fu_3495_p3           |    select|   0|  0|  16|           1|          16|
    |tr_22_fu_3660_p3           |    select|   0|  0|  16|           1|          16|
    |tr_25_fu_3972_p3           |    select|   0|  0|  16|           1|          16|
    |tr_3_fu_470_p3             |    select|   0|  0|  16|           1|          16|
    |tr_5_fu_570_p3             |    select|   0|  0|  16|           1|          16|
    |tr_7_fu_670_p3             |    select|   0|  0|  16|           1|          16|
    |tr_8_fu_988_p3             |    select|   0|  0|  16|           1|          16|
    |tr_9_fu_1444_p3            |    select|   0|  0|  16|           1|          16|
    |xor_ln11_10_fu_1138_p2     |       xor|   0|  0|   2|           1|           2|
    |xor_ln11_11_fu_1150_p2     |       xor|   0|  0|   2|           1|           1|
    |xor_ln11_12_fu_1324_p2     |       xor|   0|  0|   2|           1|           2|
    |xor_ln11_13_fu_1336_p2     |       xor|   0|  0|   2|           1|           1|
    |xor_ln11_14_fu_764_p2      |       xor|   0|  0|   2|           1|           2|
    |xor_ln11_15_fu_776_p2      |       xor|   0|  0|   2|           1|           1|
    |xor_ln11_16_fu_4190_p2     |       xor|   0|  0|   2|           1|           2|
    |xor_ln11_17_fu_4202_p2     |       xor|   0|  0|   2|           1|           1|
    |xor_ln11_18_fu_4256_p2     |       xor|   0|  0|   2|           1|           2|
    |xor_ln11_19_fu_4268_p2     |       xor|   0|  0|   2|           1|           1|
    |xor_ln11_1_fu_2988_p2      |       xor|   0|  0|   2|           1|           1|
    |xor_ln11_20_fu_4442_p2     |       xor|   0|  0|   2|           1|           2|
    |xor_ln11_21_fu_4454_p2     |       xor|   0|  0|   2|           1|           1|
    |xor_ln11_22_fu_2008_p2     |       xor|   0|  0|   2|           1|           2|
    |xor_ln11_23_fu_2020_p2     |       xor|   0|  0|   2|           1|           1|
    |xor_ln11_24_fu_3189_p2     |       xor|   0|  0|   2|           1|           2|
    |xor_ln11_25_fu_3201_p2     |       xor|   0|  0|   2|           1|           1|
    |xor_ln11_26_fu_2673_p2     |       xor|   0|  0|   2|           1|           2|
    |xor_ln11_27_fu_2685_p2     |       xor|   0|  0|   2|           1|           1|
    |xor_ln11_28_fu_2134_p2     |       xor|   0|  0|   2|           1|           2|
    |xor_ln11_29_fu_2146_p2     |       xor|   0|  0|   2|           1|           1|
    |xor_ln11_2_fu_1880_p2      |       xor|   0|  0|   2|           1|           2|
    |xor_ln11_30_fu_2200_p2     |       xor|   0|  0|   2|           1|           2|
    |xor_ln11_31_fu_2212_p2     |       xor|   0|  0|   2|           1|           1|
    |xor_ln11_32_fu_4570_p2     |       xor|   0|  0|   2|           1|           2|
    |xor_ln11_33_fu_4582_p2     |       xor|   0|  0|   2|           1|           1|
    |xor_ln11_34_fu_4638_p2     |       xor|   0|  0|   2|           1|           2|
    |xor_ln11_35_fu_4650_p2     |       xor|   0|  0|   2|           1|           1|
    |xor_ln11_36_fu_4844_p2     |       xor|   0|  0|   2|           1|           2|
    |xor_ln11_37_fu_4856_p2     |       xor|   0|  0|   2|           1|           1|
    |xor_ln11_38_fu_4910_p2     |       xor|   0|  0|   2|           1|           2|
    |xor_ln11_39_fu_4922_p2     |       xor|   0|  0|   2|           1|           1|
    |xor_ln11_3_fu_1892_p2      |       xor|   0|  0|   2|           1|           1|
    |xor_ln11_40_fu_5098_p2     |       xor|   0|  0|   2|           1|           2|
    |xor_ln11_41_fu_5110_p2     |       xor|   0|  0|   2|           1|           1|
    |xor_ln11_42_fu_5166_p2     |       xor|   0|  0|   2|           1|           2|
    |xor_ln11_43_fu_5178_p2     |       xor|   0|  0|   2|           1|           1|
    |xor_ln11_44_fu_5390_p2     |       xor|   0|  0|   2|           1|           2|
    |xor_ln11_45_fu_5402_p2     |       xor|   0|  0|   2|           1|           1|
    |xor_ln11_46_fu_5456_p2     |       xor|   0|  0|   2|           1|           2|
    |xor_ln11_47_fu_5468_p2     |       xor|   0|  0|   2|           1|           1|
    |xor_ln11_4_fu_962_p2       |       xor|   0|  0|   2|           1|           2|
    |xor_ln11_5_fu_974_p2       |       xor|   0|  0|   2|           1|           1|
    |xor_ln11_6_fu_2469_p2      |       xor|   0|  0|   2|           1|           2|
    |xor_ln11_7_fu_2481_p2      |       xor|   0|  0|   2|           1|           1|
    |xor_ln11_8_fu_1072_p2      |       xor|   0|  0|   2|           1|           2|
    |xor_ln11_9_fu_1084_p2      |       xor|   0|  0|   2|           1|           1|
    |xor_ln11_fu_2976_p2        |       xor|   0|  0|   2|           1|           2|
    |xor_ln12_10_fu_1258_p2     |       xor|   0|  0|   2|           1|           2|
    |xor_ln12_11_fu_1270_p2     |       xor|   0|  0|   2|           1|           1|
    |xor_ln12_12_fu_1384_p2     |       xor|   0|  0|   2|           1|           2|
    |xor_ln12_13_fu_1396_p2     |       xor|   0|  0|   2|           1|           1|
    |xor_ln12_14_fu_824_p2      |       xor|   0|  0|   2|           1|           2|
    |xor_ln12_15_fu_836_p2      |       xor|   0|  0|   2|           1|           1|
    |xor_ln12_16_fu_4316_p2     |       xor|   0|  0|   2|           1|           2|
    |xor_ln12_17_fu_4328_p2     |       xor|   0|  0|   2|           1|           1|
    |xor_ln12_18_fu_4376_p2     |       xor|   0|  0|   2|           1|           2|
    |xor_ln12_19_fu_4388_p2     |       xor|   0|  0|   2|           1|           1|
    |xor_ln12_1_fu_3048_p2      |       xor|   0|  0|   2|           1|           1|
    |xor_ln12_20_fu_4502_p2     |       xor|   0|  0|   2|           1|           2|
    |xor_ln12_21_fu_4514_p2     |       xor|   0|  0|   2|           1|           1|
    |xor_ln12_22_fu_2068_p2     |       xor|   0|  0|   2|           1|           2|
    |xor_ln12_23_fu_2080_p2     |       xor|   0|  0|   2|           1|           1|
    |xor_ln12_24_fu_3249_p2     |       xor|   0|  0|   2|           1|           2|
    |xor_ln12_25_fu_3261_p2     |       xor|   0|  0|   2|           1|           1|
    |xor_ln12_26_fu_2733_p2     |       xor|   0|  0|   2|           1|           2|
    |xor_ln12_27_fu_2745_p2     |       xor|   0|  0|   2|           1|           1|
    |xor_ln12_28_fu_2260_p2     |       xor|   0|  0|   2|           1|           2|
    |xor_ln12_29_fu_2272_p2     |       xor|   0|  0|   2|           1|           1|
    |xor_ln12_2_fu_1940_p2      |       xor|   0|  0|   2|           1|           2|
    |xor_ln12_30_fu_2320_p2     |       xor|   0|  0|   2|           1|           2|
    |xor_ln12_31_fu_2332_p2     |       xor|   0|  0|   2|           1|           1|
    |xor_ln12_32_fu_4707_p2     |       xor|   0|  0|   2|           1|           2|
    |xor_ln12_33_fu_4719_p2     |       xor|   0|  0|   2|           1|           1|
    |xor_ln12_34_fu_4767_p2     |       xor|   0|  0|   2|           1|           2|
    |xor_ln12_35_fu_4779_p2     |       xor|   0|  0|   2|           1|           1|
    |xor_ln12_36_fu_4970_p2     |       xor|   0|  0|   2|           1|           2|
    |xor_ln12_37_fu_4982_p2     |       xor|   0|  0|   2|           1|           1|
    |xor_ln12_38_fu_5030_p2     |       xor|   0|  0|   2|           1|           2|
    |xor_ln12_39_fu_5042_p2     |       xor|   0|  0|   2|           1|           1|
    |xor_ln12_3_fu_1952_p2      |       xor|   0|  0|   2|           1|           1|
    |xor_ln12_40_fu_5226_p2     |       xor|   0|  0|   2|           1|           2|
    |xor_ln12_41_fu_5238_p2     |       xor|   0|  0|   2|           1|           1|
    |xor_ln12_42_fu_5286_p2     |       xor|   0|  0|   2|           1|           2|
    |xor_ln12_43_fu_5298_p2     |       xor|   0|  0|   2|           1|           1|
    |xor_ln12_44_fu_5516_p2     |       xor|   0|  0|   2|           1|           2|
    |xor_ln12_45_fu_5528_p2     |       xor|   0|  0|   2|           1|           1|
    |xor_ln12_46_fu_5576_p2     |       xor|   0|  0|   2|           1|           2|
    |xor_ln12_47_fu_5588_p2     |       xor|   0|  0|   2|           1|           1|
    |xor_ln12_4_fu_1022_p2      |       xor|   0|  0|   2|           1|           2|
    |xor_ln12_5_fu_1034_p2      |       xor|   0|  0|   2|           1|           1|
    |xor_ln12_6_fu_2529_p2      |       xor|   0|  0|   2|           1|           2|
    |xor_ln12_7_fu_2541_p2      |       xor|   0|  0|   2|           1|           1|
    |xor_ln12_8_fu_1198_p2      |       xor|   0|  0|   2|           1|           2|
    |xor_ln12_9_fu_1210_p2      |       xor|   0|  0|   2|           1|           1|
    |xor_ln12_fu_3036_p2        |       xor|   0|  0|   2|           1|           2|
    |xor_ln8_10_fu_3107_p2      |       xor|   0|  0|   2|           1|           2|
    |xor_ln8_11_fu_3124_p2      |       xor|   0|  0|   2|           2|           1|
    |xor_ln8_12_fu_1594_p2      |       xor|   0|  0|   2|           1|           2|
    |xor_ln8_13_fu_1614_p2      |       xor|   0|  0|   2|           1|           1|
    |xor_ln8_14_fu_1670_p2      |       xor|   0|  0|   2|           1|           2|
    |xor_ln8_15_fu_1688_p2      |       xor|   0|  0|   2|           2|           1|
    |xor_ln8_16_fu_3283_p2      |       xor|   0|  0|   2|           1|           2|
    |xor_ln8_17_fu_3303_p2      |       xor|   0|  0|   2|           1|           1|
    |xor_ln8_18_fu_3365_p2      |       xor|   0|  0|   2|           1|           2|
    |xor_ln8_19_fu_3384_p2      |       xor|   0|  0|   2|           1|           2|
    |xor_ln8_1_fu_364_p2        |       xor|   0|  0|   2|           1|           1|
    |xor_ln8_20_fu_3433_p2      |       xor|   0|  0|   2|           1|           2|
    |xor_ln8_21_fu_3445_p2      |       xor|   0|  0|   2|           1|           2|
    |xor_ln8_22_fu_3396_p2      |       xor|   0|  0|   2|           1|           1|
    |xor_ln8_23_fu_3618_p2      |       xor|   0|  0|   2|           1|           2|
    |xor_ln8_24_fu_3469_p2      |       xor|   0|  0|   2|           1|           2|
    |xor_ln8_25_fu_3842_p2      |       xor|   0|  0|   2|           1|           2|
    |xor_ln8_26_fu_3635_p2      |       xor|   0|  0|   2|           2|           1|
    |xor_ln8_27_fu_3910_p2      |       xor|   0|  0|   2|           1|           2|
    |xor_ln8_28_fu_3922_p2      |       xor|   0|  0|   2|           1|           2|
    |xor_ln8_29_fu_3861_p2      |       xor|   0|  0|   2|           1|           2|
    |xor_ln8_2_fu_444_p2        |       xor|   0|  0|   2|           1|           2|
    |xor_ln8_30_fu_3873_p2      |       xor|   0|  0|   2|           1|           1|
    |xor_ln8_31_fu_3946_p2      |       xor|   0|  0|   2|           1|           2|
    |xor_ln8_32_fu_3409_p2      |       xor|   0|  0|   2|           1|           2|
    |xor_ln8_33_fu_3886_p2      |       xor|   0|  0|   2|           1|           2|
    |xor_ln8_3_fu_464_p2        |       xor|   0|  0|   2|           1|           1|
    |xor_ln8_4_fu_544_p2        |       xor|   0|  0|   2|           1|           2|
    |xor_ln8_5_fu_564_p2        |       xor|   0|  0|   2|           1|           1|
    |xor_ln8_6_fu_644_p2        |       xor|   0|  0|   2|           1|           2|
    |xor_ln8_7_fu_664_p2        |       xor|   0|  0|   2|           1|           1|
    |xor_ln8_8_fu_1418_p2       |       xor|   0|  0|   2|           1|           2|
    |xor_ln8_9_fu_1438_p2       |       xor|   0|  0|   2|           1|           1|
    |xor_ln8_fu_344_p2          |       xor|   0|  0|   2|           1|           2|
    |xor_ln9_10_fu_1526_p2      |       xor|   0|  0|   2|           1|           2|
    |xor_ln9_11_fu_1544_p2      |       xor|   0|  0|   2|           2|           1|
    |xor_ln9_12_fu_858_p2       |       xor|   0|  0|   2|           1|           2|
    |xor_ln9_13_fu_878_p2       |       xor|   0|  0|   2|           1|           1|
    |xor_ln9_14_fu_1796_p2      |       xor|   0|  0|   2|           1|           2|
    |xor_ln9_15_fu_1814_p2      |       xor|   0|  0|   2|           2|           1|
    |xor_ln9_16_fu_2767_p2      |       xor|   0|  0|   2|           1|           2|
    |xor_ln9_17_fu_2787_p2      |       xor|   0|  0|   2|           1|           1|
    |xor_ln9_18_fu_3503_p2      |       xor|   0|  0|   2|           1|           2|
    |xor_ln9_19_fu_2856_p2      |       xor|   0|  0|   2|           1|           2|
    |xor_ln9_1_fu_414_p2        |       xor|   0|  0|   2|           1|           1|
    |xor_ln9_20_fu_3522_p2      |       xor|   0|  0|   2|           1|           2|
    |xor_ln9_21_fu_3533_p2      |       xor|   0|  0|   2|           1|           2|
    |xor_ln9_22_fu_3513_p2      |       xor|   0|  0|   2|           1|           1|
    |xor_ln9_23_fu_3742_p2      |       xor|   0|  0|   2|           1|           2|
    |xor_ln9_24_fu_3549_p2      |       xor|   0|  0|   2|           1|           2|
    |xor_ln9_25_fu_4020_p2      |       xor|   0|  0|   2|           1|           2|
    |xor_ln9_26_fu_3760_p2      |       xor|   0|  0|   2|           2|           1|
    |xor_ln9_27_fu_4088_p2      |       xor|   0|  0|   2|           1|           2|
    |xor_ln9_28_fu_4100_p2      |       xor|   0|  0|   2|           1|           2|
    |xor_ln9_29_fu_4039_p2      |       xor|   0|  0|   2|           1|           2|
    |xor_ln9_2_fu_494_p2        |       xor|   0|  0|   2|           1|           2|
    |xor_ln9_30_fu_4051_p2      |       xor|   0|  0|   2|           1|           1|
    |xor_ln9_31_fu_4124_p2      |       xor|   0|  0|   2|           1|           2|
    |xor_ln9_32_fu_2876_p2      |       xor|   0|  0|   2|           1|           2|
    |xor_ln9_33_fu_4064_p2      |       xor|   0|  0|   2|           1|           2|
    |xor_ln9_3_fu_514_p2        |       xor|   0|  0|   2|           1|           1|
    |xor_ln9_4_fu_594_p2        |       xor|   0|  0|   2|           1|           2|
    |xor_ln9_5_fu_614_p2        |       xor|   0|  0|   2|           1|           1|
    |xor_ln9_6_fu_694_p2        |       xor|   0|  0|   2|           1|           2|
    |xor_ln9_7_fu_714_p2        |       xor|   0|  0|   2|           1|           1|
    |xor_ln9_8_fu_2563_p2       |       xor|   0|  0|   2|           1|           2|
    |xor_ln9_9_fu_2583_p2       |       xor|   0|  0|   2|           1|           1|
    |xor_ln9_fu_394_p2          |       xor|   0|  0|   2|           1|           2|
    +---------------------------+----------+----+---+----+------------+------------+
    |Total                      |          |   0|  0|5261|        1863|        4202|
    +---------------------------+----------+----+---+----+------------+------------+

    * Multiplexer: 
    N/A

    * Register: 
    +--------------------------------+----+----+-----+-----------+
    |              Name              | FF | LUT| Bits| Const Bits|
    +--------------------------------+----+----+-----+-----------+
    |add_ln9_4_reg_5851              |  12|   0|   12|          0|
    |ai_11_reg_5835                  |  16|   0|   16|          0|
    |ai_1_reg_5687                   |  16|   0|   16|          0|
    |ai_2_reg_5699                   |  16|   0|   16|          0|
    |ai_4_reg_5823                   |  16|   0|   16|          0|
    |ai_6_reg_5775                   |  16|   0|   16|          0|
    |ai_7_reg_5787                   |  16|   0|   16|          0|
    |ai_9_reg_5829                   |  16|   0|   16|          0|
    |ai_reg_5675                     |  16|   0|   16|          0|
    |ai_reg_5675_pp0_iter1_reg       |  16|   0|   16|          0|
    |and_ln9_17_reg_5932             |   1|   0|    1|          0|
    |ar_1_reg_5681                   |  16|   0|   16|          0|
    |ar_2_reg_5693                   |  16|   0|   16|          0|
    |ar_3_reg_5705                   |  16|   0|   16|          0|
    |ar_4_reg_5948                   |  16|   0|   16|          0|
    |ar_5_reg_5954                   |  16|   0|   16|          0|
    |ar_6_reg_5769                   |  16|   0|   16|          0|
    |ar_7_reg_5781                   |  16|   0|   16|          0|
    |ar_reg_5669                     |  16|   0|   16|          0|
    |icmp_ln8_2_reg_5942             |   1|   0|    1|          0|
    |icmp_ln8_reg_5887               |   1|   0|    1|          0|
    |mul_ln9_1_reg_5861              |  29|   0|   29|          0|
    |mul_ln9_reg_5856                |  29|   0|   29|          0|
    |or_ln9_4_reg_5927               |   1|   0|    1|          0|
    |select_ln11_29_reg_5841         |  16|   0|   16|          0|
    |select_ln11_31_reg_5846         |  16|   0|   16|          0|
    |sub_ln8_2_reg_5759              |  17|   0|   29|         12|
    |ti_11_reg_5799                  |  16|   0|   16|          0|
    |ti_13_reg_5753                  |  16|   0|   16|          0|
    |ti_15_reg_5817                  |  16|   0|   16|          0|
    |ti_17_reg_5893                  |  16|   0|   16|          0|
    |ti_17_reg_5893_pp0_iter5_reg    |  16|   0|   16|          0|
    |ti_19_reg_5910                  |  16|   0|   16|          0|
    |ti_1_reg_5717                   |  16|   0|   16|          0|
    |ti_1_reg_5717_pp0_iter1_reg     |  16|   0|   16|          0|
    |ti_20_reg_5978                  |  16|   0|   16|          0|
    |ti_22_reg_5990                  |  16|   0|   16|          0|
    |ti_25_reg_6002                  |  16|   0|   16|          0|
    |ti_3_reg_5729                   |  16|   0|   16|          0|
    |ti_5_reg_5741                   |  16|   0|   16|          0|
    |ti_9_reg_5876                   |  16|   0|   16|          0|
    |ti_9_reg_5876_pp0_iter5_reg     |  16|   0|   16|          0|
    |tmp_116_reg_5899                |   1|   0|    1|          0|
    |tmp_117_reg_5905                |   1|   0|    1|          0|
    |tmp_118_reg_5866                |   1|   0|    1|          0|
    |tmp_119_reg_5915                |   1|   0|    1|          0|
    |tmp_120_reg_5921                |   1|   0|    1|          0|
    |tmp_151_reg_5871                |   1|   0|    1|          0|
    |tmp_151_reg_5871_pp0_iter4_reg  |   1|   0|    1|          0|
    |tr_11_reg_5960                  |  16|   0|   16|          0|
    |tr_13_reg_5805                  |  16|   0|   16|          0|
    |tr_15_reg_5811                  |  16|   0|   16|          0|
    |tr_17_reg_5966                  |  16|   0|   16|          0|
    |tr_1_reg_5711                   |  16|   0|   16|          0|
    |tr_20_reg_5972                  |  16|   0|   16|          0|
    |tr_22_reg_5984                  |  16|   0|   16|          0|
    |tr_25_reg_5996                  |  16|   0|   16|          0|
    |tr_3_reg_5723                   |  16|   0|   16|          0|
    |tr_5_reg_5735                   |  16|   0|   16|          0|
    |tr_7_reg_5747                   |  16|   0|   16|          0|
    |tr_9_reg_5793                   |  16|   0|   16|          0|
    |trunc_ln8_1_reg_5764            |  16|   0|   28|         12|
    |trunc_ln8_2_reg_5937            |  16|   0|   28|         12|
    |trunc_ln8_reg_5882              |  16|   0|   28|         12|
    |ai_11_reg_5835                  |  64|  32|   16|          0|
    |ai_1_reg_5687                   |  64|  32|   16|          0|
    |ai_4_reg_5823                   |  64|  32|   16|          0|
    |ai_6_reg_5775                   |  64|  32|   16|          0|
    |ai_9_reg_5829                   |  64|  32|   16|          0|
    |ar_6_reg_5769                   |  64|  32|   16|          0|
    |ar_reg_5669                     |  64|  32|   16|          0|
    |ti_13_reg_5753                  |  64|  32|   16|          0|
    |ti_3_reg_5729                   |  64|  32|   16|          0|
    |tr_13_reg_5805                  |  64|  32|   16|          0|
    |tr_1_reg_5711                   |  64|  32|   16|          0|
    |tr_9_reg_5793                   |  64|  32|   16|          0|
    +--------------------------------+----+----+-----+-----------+
    |Total                           |1650| 384| 1122|         48|
    +--------------------------------+----+----+-----+-----------+



================================================================
== Interface
================================================================
* Summary: 
+----------+-----+-----+--------------+--------------+--------------+
| RTL Ports| Dir | Bits|   Protocol   | Source Object|    C Type    |
+----------+-----+-----+--------------+--------------+--------------+
|ap_clk    |   in|    1|  ap_ctrl_none|     dit_fft_8|  return value|
|ap_rst    |   in|    1|  ap_ctrl_none|     dit_fft_8|  return value|
|in_0      |   in|   32|       ap_none|          in_0|       pointer|
|in_1      |   in|   32|       ap_none|          in_1|       pointer|
|in_2      |   in|   32|       ap_none|          in_2|       pointer|
|in_3      |   in|   32|       ap_none|          in_3|       pointer|
|in_4      |   in|   32|       ap_none|          in_4|       pointer|
|in_5      |   in|   32|       ap_none|          in_5|       pointer|
|in_6      |   in|   32|       ap_none|          in_6|       pointer|
|in_7      |   in|   32|       ap_none|          in_7|       pointer|
|out_0     |  out|   32|       ap_none|         out_0|       pointer|
|out_1     |  out|   32|       ap_none|         out_1|       pointer|
|out_2     |  out|   32|       ap_none|         out_2|       pointer|
|out_3     |  out|   32|       ap_none|         out_3|       pointer|
|out_4     |  out|   32|       ap_none|         out_4|       pointer|
|out_5     |  out|   32|       ap_none|         out_5|       pointer|
|out_6     |  out|   32|       ap_none|         out_6|       pointer|
|out_7     |  out|   32|       ap_none|         out_7|       pointer|
+----------+-----+-----+--------------+--------------+--------------+

