INFO-FLOW: Workspace D:/mayur/PG/SoCD_lab/FFT/FFT/solution1 opened at Fri Apr 10 15:16:33 +0530 2026
Execute     ap_set_clock -name default -period 10 -default=false 
INFO: [SYN 201-201] Setting up clock 'default' with a period of 10ns.
Execute     set_part xc7z020-clg484-1 
Execute       create_platform xc7z020-clg484-1 -board  
DBG:HLSDevice: Trying to load device library: C:/Xilinx/Vitis_HLS/2023.1\lib\win64.o\xv_hlsvwrap.dll
DBG:HLSDevice: first parts/arch.xml in RDI_DATADIR: C:/Xilinx/Vivado/2023.1/data/parts/arch.xml
DBG:HLSDevice: init success
INFO: [HLS 200-1611] Setting target device to 'xc7z020-clg484-1'
Command       create_platform done; 0.425 sec.
Execute       source C:/Xilinx/Vitis_HLS/2023.1/common/technology/xilinx/common/xilinx.gen 
Execute         source C:/Xilinx/Vitis_HLS/2023.1/common/technology/xilinx/interface/plb46.gen 
Execute         source C:/Xilinx/Vitis_HLS/2023.1/common/technology/xilinx/interface/axi4.gen 
Execute         source C:/Xilinx/Vitis_HLS/2023.1/common/technology/xilinx/interface/nativeAXI4.gen 
Execute           source C:/Xilinx/Vitis_HLS/2023.1/common/technology/xilinx/interface/saxilite.gen 
Execute         source C:/Xilinx/Vitis_HLS/2023.1/common/technology/xilinx/scripts/xilinxcoregen.gen 
Execute         source C:/Xilinx/Vitis_HLS/2023.1/common/technology/xilinx/interface/XilEDKCoreGen.gen 
Execute         source C:/Xilinx/Vitis_HLS/2023.1/common/technology/xilinx/ip/dds_compiler.gen 
Execute         source C:/Xilinx/Vitis_HLS/2023.1/common/technology/xilinx/ip/util.gen 
Execute         source C:/Xilinx/Vitis_HLS/2023.1/common/technology/xilinx/ip/xfft.gen 
Execute         source C:/Xilinx/Vitis_HLS/2023.1/common/technology/xilinx/ip/xfir.gen 
Execute         source C:/Xilinx/Vitis_HLS/2023.1/common/technology/xilinx/DSP48/dsp48.gen 
Execute       ap_part_info -name xc7z020-clg484-1 -data info 
Execute       config_compile -quiet -complex-mul-dsp=0 
Command     set_part done; 0.531 sec.
Execute     send_msg_by_id INFO @200-1505@%s%s  vivado 
INFO: [HLS 200-1505] Using flow_target 'vivado'
Command   open_solution done; 0.633 sec.
Execute   set_part xc7z020clg484-1 
INFO: [HLS 200-1510] Running: set_part xc7z020clg484-1 
Execute     create_platform xc7z020clg484-1 -board  
Execute     source C:/Xilinx/Vitis_HLS/2023.1/common/technology/xilinx/common/xilinx.gen 
Execute       source C:/Xilinx/Vitis_HLS/2023.1/common/technology/xilinx/interface/plb46.gen 
Execute       source C:/Xilinx/Vitis_HLS/2023.1/common/technology/xilinx/interface/axi4.gen 
Execute       source C:/Xilinx/Vitis_HLS/2023.1/common/technology/xilinx/interface/nativeAXI4.gen 
Execute         source C:/Xilinx/Vitis_HLS/2023.1/common/technology/xilinx/interface/saxilite.gen 
Execute       source C:/Xilinx/Vitis_HLS/2023.1/common/technology/xilinx/scripts/xilinxcoregen.gen 
Execute       source C:/Xilinx/Vitis_HLS/2023.1/common/technology/xilinx/interface/XilEDKCoreGen.gen 
Execute       source C:/Xilinx/Vitis_HLS/2023.1/common/technology/xilinx/ip/dds_compiler.gen 
Execute       source C:/Xilinx/Vitis_HLS/2023.1/common/technology/xilinx/ip/util.gen 
Execute       source C:/Xilinx/Vitis_HLS/2023.1/common/technology/xilinx/ip/xfft.gen 
Execute       source C:/Xilinx/Vitis_HLS/2023.1/common/technology/xilinx/ip/xfir.gen 
Execute       source C:/Xilinx/Vitis_HLS/2023.1/common/technology/xilinx/DSP48/dsp48.gen 
Execute     ap_part_info -name xc7z020-clg484-1 -data info 
Execute     config_compile -quiet -complex-mul-dsp=0 
Command   set_part done; 0.102 sec.
Execute   create_clock -period 10 -name default 
INFO: [HLS 200-1510] Running: create_clock -period 10 -name default 
Execute   csynth_design 
INFO: [HLS 200-1510] Running: csynth_design 
INFO-FLOW: Running SLX 'csynth' proc: ::SLX::run_csynth
Execute     elaborate -effort=medium -skip_syncheck=0 -keep_printf=0 -skip_cdt=0 -skip_transform=0 -ng=0 -g=0 -opt_fp=0 -from_csynth_design=1 
INFO: [HLS 200-111] Finished File checks and directory preparation: CPU user time: 0 seconds. CPU system time: 0 seconds. Elapsed time: 0.122 seconds; current allocated memory: 90.438 MB.
Execute       set_directive_top dit_fft_8 -name=dit_fft_8 
Execute       source C:/Xilinx/Vitis_HLS/2023.1/tps/tcl/tcllib1.11.1/yaml/huddle.tcl 
Execute       source C:/Xilinx/Vitis_HLS/2023.1/tps/tcl/tcllib1.11.1/yaml/json2huddle.tcl 
Execute         source C:/Xilinx/Vitis_HLS/2023.1/tps/tcl/tcllib1.11.1/try/try.tcl 
INFO: [HLS 200-10] Analyzing design file 'fft8.cpp' ... 
INFO-FLOW: Compiling one TU...
INFO-FLOW: Handling fft8.cpp as C++
Execute       ap_part_info -name xc7z020-clg484-1 -data info 
INFO-FLOW: Running: GCC PP 39
INFO-FLOW: Source preprocessing
INFO-FLOW: run_clang exec: C:/Xilinx/Vitis_HLS/2023.1/win64/tools/clang-3.9-csynth/bin/clang fft8.cpp -foptimization-record-file=D:/mayur/PG/SoCD_lab/FFT/FFT/solution1/.autopilot/db/fft8.cpp.clang.diag.yml -mllvm -pass-remarks-missed=reflow|pasta|unroll -mllvm -pass-remarks=reflow|pasta|unroll|inline -fno-limit-debug-info --sysroot C:/Xilinx/Vitis_HLS/2023.1/tps/mingw/8.3.0/win64.o/nt -fhls -fno-exceptions -insert-hls-directive=D:/mayur/PG/SoCD_lab/FFT/FFT/solution1/.autopilot/db/all.directive.json -E -fno-math-errno -c -emit-llvm -mllvm -disable-llvm-optzns -Werror=implicit-function-declaration -Werror=implicit-hls-streams -Werror=return-type -Wpragmas -Wunused-parameter -Wdump-hls-pragmas -Wno-error=dump-hls-pragmas -fno-threadsafe-statics -fno-use-cxa-atexit -std=gnu++14 -target fpga64-xilinx-mingw32 -fno-threadsafe-statics -fno-use-cxa-atexit -D__VITIS_HLS__ -DAESL_SYN -D__SYNTHESIS__ -D__HLS_SYN__ -I C:/Xilinx/Vitis_HLS/2023.1/common/technology/autopilot -I C:/Xilinx/Vitis_HLS/2023.1/common/technology/autopilot/ap_sysc -include etc/autopilot_ssdm_op.h -D__DSP48E1__ -I /usr/include/x86_64-linux-gnu -o D:/mayur/PG/SoCD_lab/FFT/FFT/solution1/.autopilot/db/fft8.pp.0.cpp {-hls-platform-db-name=C:/Xilinx/Vitis_HLS/2023.1/common/technology\xilinx/common/platform.db} -hls-platform-name=zynq_slow -device-resource-info=BRAM_280.000000_DSP_220.000000_FF_106400.000000_LUT_53200.000000_SLICE_13300.000000_URAM_0.000000 -device-name-info=xc7z020clg484-1 > D:/mayur/PG/SoCD_lab/FFT/FFT/solution1/.autopilot/db/fft8.cpp.clang.out.log 2> D:/mayur/PG/SoCD_lab/FFT/FFT/solution1/.autopilot/db/fft8.cpp.clang.err.log
INFO-FLOW: Done: GCC PP 39 time: 0.3 seconds per iteration
INFO-FLOW: Source syntax check for synthesis
INFO-FLOW: run_clang exec: C:/Xilinx/Vitis_HLS/2023.1/win64/tools/clang-3.9-csynth/bin/clang -foptimization-record-file=D:/mayur/PG/SoCD_lab/FFT/FFT/solution1/.autopilot/db/clang.diag.yml -mllvm -pass-remarks-missed=reflow|pasta|unroll -mllvm -pass-remarks=reflow|pasta|unroll|inline -fsyntax-only -fhls -target fpga64-xilinx-linux-gnu D:/mayur/PG/SoCD_lab/FFT/FFT/solution1/.autopilot/db/fft8.pp.0.cpp {-hls-platform-db-name=C:/Xilinx/Vitis_HLS/2023.1/common/technology\xilinx/common/platform.db} -hls-platform-name=zynq_slow -device-resource-info=BRAM_280.000000_DSP_220.000000_FF_106400.000000_LUT_53200.000000_SLICE_13300.000000_URAM_0.000000 -device-name-info=xc7z020clg484-1 > D:/mayur/PG/SoCD_lab/FFT/FFT/solution1/.autopilot/db/clang.out.log 2> D:/mayur/PG/SoCD_lab/FFT/FFT/solution1/.autopilot/db/clang.err.log
Execute       clang_tidy xilinx-systemc-detector -desc systemc-detector D:/mayur/PG/SoCD_lab/FFT/FFT/solution1/.autopilot/db/fft8.pp.0.cpp std=gnu++14 -target fpga  -directive=D:/mayur/PG/SoCD_lab/FFT/FFT/solution1/.autopilot/db/.systemc_flag 
INFO-FLOW: exec C:/Xilinx/Vitis_HLS/2023.1/win64/tools/clang-3.9-csynth/bin/clang-tidy -header-filter=.* --checks=-*,xilinx-systemc-detector -import-directive=D:/mayur/PG/SoCD_lab/FFT/FFT/solution1/.autopilot/db/.systemc_flag -fix-errors D:/mayur/PG/SoCD_lab/FFT/FFT/solution1/.autopilot/db/fft8.pp.0.cpp -- -std=gnu++14 -target fpga -fhls -ferror-limit=0
Command       clang_tidy done; 0.744 sec.
INFO-FLOW: Running: clang-tidy CDT preprocess 39
Execute       clang_tidy xilinx-directive2pragma -desc directive2pragma D:/mayur/PG/SoCD_lab/FFT/FFT/solution1/.autopilot/db/fft8.pp.0.cpp std=gnu++14 -target fpga  -directive=D:/mayur/PG/SoCD_lab/FFT/FFT/solution1/.autopilot/db/all.directive.json 
INFO-FLOW: exec C:/Xilinx/Vitis_HLS/2023.1/win64/tools/clang-3.9-csynth/bin/clang-tidy -header-filter=.* --checks=-*,xilinx-directive2pragma -import-directive=D:/mayur/PG/SoCD_lab/FFT/FFT/solution1/.autopilot/db/all.directive.json -fix-errors D:/mayur/PG/SoCD_lab/FFT/FFT/solution1/.autopilot/db/fft8.pp.0.cpp -- -std=gnu++14 -target fpga -fhls -ferror-limit=0
Command       clang_tidy done; 1.243 sec.
INFO-FLOW: Done: clang-tidy CDT preprocess 39 time: 1.2 seconds per iteration
INFO-FLOW: Calling xilinx-label-all-loops ... 
INFO-FLOW: Calling xilinx-aggregate-on-hls-vector ... 
Execute       clang_tidy -errorcheck -desc loop-label xilinx-label-all-loops,xilinx-aggregate-on-hls-vector,,xilinx-warn-mayneed-no-ctor-attribute D:/mayur/PG/SoCD_lab/FFT/FFT/solution1/.autopilot/db/fft8.pp.0.cpp std=gnu++14 -target fpga  
INFO-FLOW: run_clang exec: C:/Xilinx/Vitis_HLS/2023.1/win64/tools/clang-3.9-csynth/bin/clang-tidy -export-fixes=D:/mayur/PG/SoCD_lab/FFT/FFT/solution1/.autopilot/db/fft8.pp.0.cpp.clang-tidy.loop-label.diag.yml -header-filter=.* --checks=-*,xilinx-label-all-loops,xilinx-aggregate-on-hls-vector,,xilinx-warn-mayneed-no-ctor-attribute -fix-errors D:/mayur/PG/SoCD_lab/FFT/FFT/solution1/.autopilot/db/fft8.pp.0.cpp -- -std=gnu++14 -target fpga -fhls -ferror-limit=0 > D:/mayur/PG/SoCD_lab/FFT/FFT/solution1/.autopilot/db/fft8.pp.0.cpp.clang-tidy.loop-label.out.log 2> D:/mayur/PG/SoCD_lab/FFT/FFT/solution1/.autopilot/db/fft8.pp.0.cpp.clang-tidy.loop-label.err.log
Execute         source C:/Xilinx/Vitis_HLS/2023.1/tps/tcl/tcllib1.11.1/yaml/yaml.tcl 
Command       clang_tidy done; 1.414 sec.
INFO-FLOW: run_clang exec: C:/Xilinx/Vitis_HLS/2023.1/win64/tools/clang-3.9-csynth/bin/xilinx-dataflow-lawyer -export-fixes=D:/mayur/PG/SoCD_lab/FFT/FFT/solution1/.autopilot/db/fft8.pp.0.cpp.xilinx-dataflow-lawyer.diag.yml D:/mayur/PG/SoCD_lab/FFT/FFT/solution1/.autopilot/db/fft8.pp.0.cpp -- -std=gnu++14 -target fpga -fhls -ferror-limit=0 -fstrict-dataflow > D:/mayur/PG/SoCD_lab/FFT/FFT/solution1/.autopilot/db/fft8.pp.0.cpp.xilinx-dataflow-lawyer.out.log 2> D:/mayur/PG/SoCD_lab/FFT/FFT/solution1/.autopilot/db/fft8.pp.0.cpp.xilinx-dataflow-lawyer.err.log
Execute       ap_part_info -name xc7z020-clg484-1 -data info 
INFO-FLOW: compiling source code to llvm bc
INFO-FLOW: run_clang exec: C:/Xilinx/Vitis_HLS/2023.1/win64/tools/clang-3.9-csynth/bin/clang -foptimization-record-file=D:/mayur/PG/SoCD_lab/FFT/FFT/solution1/.autopilot/db/fft8.pp.0.cpp.clang.diag.yml -mllvm -pass-remarks-missed=reflow|pasta|unroll -mllvm -pass-remarks=reflow|pasta|unroll|inline -fno-limit-debug-info -fhls -flto -fno-exceptions -Wno-error=c++11-narrowing D:/mayur/PG/SoCD_lab/FFT/FFT/solution1/.autopilot/db/fft8.pp.0.cpp -fno-math-errno -c -emit-llvm -mllvm -disable-llvm-optzns -Werror=implicit-function-declaration -Werror=implicit-hls-streams -Werror=return-type -Wpragmas -Wunused-parameter -Wdump-hls-pragmas -Wno-error=dump-hls-pragmas -fno-threadsafe-statics -fno-use-cxa-atexit -std=gnu++14 -target fpga64-xilinx-linux-gnu -D__VITIS_HLS__ -DAESL_SYN -D__SYNTHESIS__ -D__HLS_SYN__ -I C:/Xilinx/Vitis_HLS/2023.1/common/technology/autopilot -I C:/Xilinx/Vitis_HLS/2023.1/common/technology/autopilot/ap_sysc -include etc/autopilot_ssdm_op.h -D__DSP48E1__ -g -o D:/mayur/PG/SoCD_lab/FFT/FFT/solution1/.autopilot/db/fft8.bc {-hls-platform-db-name=C:/Xilinx/Vitis_HLS/2023.1/common/technology\xilinx/common/platform.db} -hls-platform-name=zynq_slow -device-resource-info=BRAM_280.000000_DSP_220.000000_FF_106400.000000_LUT_53200.000000_SLICE_13300.000000_URAM_0.000000 -device-name-info=xc7z020clg484-1 > D:/mayur/PG/SoCD_lab/FFT/FFT/solution1/.autopilot/db/fft8.pp.0.cpp.clang.out.log 2> D:/mayur/PG/SoCD_lab/FFT/FFT/solution1/.autopilot/db/fft8.pp.0.cpp.clang.err.log
INFO: [HLS 200-111] Finished Source Code Analysis and Preprocessing: CPU user time: 0 seconds. CPU system time: 0 seconds. Elapsed time: 6.3 seconds; current allocated memory: 91.699 MB.
INFO-FLOW: Linking Debug ...
INFO-FLOW: Linking dut bc code.
Execute       run_link_or_opt -out D:/mayur/PG/SoCD_lab/FFT/FFT/solution1/.autopilot/db/a.g.ld.0.bc -args  "D:/mayur/PG/SoCD_lab/FFT/FFT/solution1/.autopilot/db/fft8.g.bc"  
INFO-FLOW: run_clang exec: C:/Xilinx/Vitis_HLS/2023.1/win64/tools/clang-3.9-csynth/bin/llvm-link D:/mayur/PG/SoCD_lab/FFT/FFT/solution1/.autopilot/db/fft8.g.bc -o D:/mayur/PG/SoCD_lab/FFT/FFT/solution1/.autopilot/db/a.g.ld.0.bc > D:/mayur/PG/SoCD_lab/FFT/FFT/solution1/.autopilot/db/a.g.ld.0.bc.llvm-link.out.log 2> D:/mayur/PG/SoCD_lab/FFT/FFT/solution1/.autopilot/db/a.g.ld.0.bc.llvm-link.err.log
INFO-FLOW: 
Execute       run_link_or_opt -opt -out D:/mayur/PG/SoCD_lab/FFT/FFT/solution1/.autopilot/db/a.g.ld.1.lower.bc -args D:/mayur/PG/SoCD_lab/FFT/FFT/solution1/.autopilot/db/a.g.ld.0.bc -reflow-lower-math-intrinsics 
INFO-FLOW: run_clang exec: C:/Xilinx/Vitis_HLS/2023.1/win64/tools/clang-3.9-csynth/bin/opt -pass-remarks-missed=reflow|pasta|unroll -pass-remarks=reflow|pasta|unroll|inline -pass-remarks-output=D:/mayur/PG/SoCD_lab/FFT/FFT/solution1/.autopilot/db/a.g.ld.1.lower.bc.opt.diag.yml D:/mayur/PG/SoCD_lab/FFT/FFT/solution1/.autopilot/db/a.g.ld.0.bc -reflow-lower-math-intrinsics -o D:/mayur/PG/SoCD_lab/FFT/FFT/solution1/.autopilot/db/a.g.ld.1.lower.bc > D:/mayur/PG/SoCD_lab/FFT/FFT/solution1/.autopilot/db/a.g.ld.1.lower.bc.opt.out.log 2> D:/mayur/PG/SoCD_lab/FFT/FFT/solution1/.autopilot/db/a.g.ld.1.lower.bc.opt.err.log
INFO-FLOW: 
INFO-FLOW: Running: gen_design_size_report post-opt
INFO-FLOW: Done: gen_design_size_report post-opt time: 0 seconds per iteration
INFO-FLOW: Linking math bc lib
Execute       run_link_or_opt -out D:/mayur/PG/SoCD_lab/FFT/FFT/solution1/.autopilot/db/a.g.ld.2.m1.bc -args D:/mayur/PG/SoCD_lab/FFT/FFT/solution1/.autopilot/db/a.g.ld.1.lower.bc -only-needed C:/Xilinx/Vitis_HLS/2023.1/win64/lib/libhlsm_39.bc C:/Xilinx/Vitis_HLS/2023.1/win64/lib/libhlsmc++_39.bc 
INFO-FLOW: run_clang exec: C:/Xilinx/Vitis_HLS/2023.1/win64/tools/clang-3.9-csynth/bin/llvm-link D:/mayur/PG/SoCD_lab/FFT/FFT/solution1/.autopilot/db/a.g.ld.1.lower.bc -only-needed C:/Xilinx/Vitis_HLS/2023.1/win64/lib/libhlsm_39.bc C:/Xilinx/Vitis_HLS/2023.1/win64/lib/libhlsmc++_39.bc -o D:/mayur/PG/SoCD_lab/FFT/FFT/solution1/.autopilot/db/a.g.ld.2.m1.bc > D:/mayur/PG/SoCD_lab/FFT/FFT/solution1/.autopilot/db/a.g.ld.2.m1.bc.llvm-link.out.log 2> D:/mayur/PG/SoCD_lab/FFT/FFT/solution1/.autopilot/db/a.g.ld.2.m1.bc.llvm-link.err.log
INFO-FLOW: 
Command       run_link_or_opt done; 1.67 sec.
Execute       run_link_or_opt -opt -out D:/mayur/PG/SoCD_lab/FFT/FFT/solution1/.autopilot/db/a.g.ld.3.fpc.bc -args D:/mayur/PG/SoCD_lab/FFT/FFT/solution1/.autopilot/db/a.g.ld.2.m1.bc -reflow-globaldce -hls-top-function-name=dit_fft_8 -reflow-float-conversion 
INFO-FLOW: run_clang exec: C:/Xilinx/Vitis_HLS/2023.1/win64/tools/clang-3.9-csynth/bin/opt -pass-remarks-missed=reflow|pasta|unroll -pass-remarks=reflow|pasta|unroll|inline -pass-remarks-output=D:/mayur/PG/SoCD_lab/FFT/FFT/solution1/.autopilot/db/a.g.ld.3.fpc.bc.opt.diag.yml D:/mayur/PG/SoCD_lab/FFT/FFT/solution1/.autopilot/db/a.g.ld.2.m1.bc -reflow-globaldce -hls-top-function-name=dit_fft_8 -reflow-float-conversion -o D:/mayur/PG/SoCD_lab/FFT/FFT/solution1/.autopilot/db/a.g.ld.3.fpc.bc > D:/mayur/PG/SoCD_lab/FFT/FFT/solution1/.autopilot/db/a.g.ld.3.fpc.bc.opt.out.log 2> D:/mayur/PG/SoCD_lab/FFT/FFT/solution1/.autopilot/db/a.g.ld.3.fpc.bc.opt.err.log
INFO-FLOW: 
INFO-FLOW: Running: gen_design_size_report post-opt
INFO-FLOW: Done: gen_design_size_report post-opt time: 0 seconds per iteration
Command       run_link_or_opt done; 0.787 sec.
Execute       run_link_or_opt -out D:/mayur/PG/SoCD_lab/FFT/FFT/solution1/.autopilot/db/a.g.ld.4.m2.bc -args D:/mayur/PG/SoCD_lab/FFT/FFT/solution1/.autopilot/db/a.g.ld.3.fpc.bc -only-needed C:/Xilinx/Vitis_HLS/2023.1/win64/lib/libfloatconversion_39.bc 
INFO-FLOW: run_clang exec: C:/Xilinx/Vitis_HLS/2023.1/win64/tools/clang-3.9-csynth/bin/llvm-link D:/mayur/PG/SoCD_lab/FFT/FFT/solution1/.autopilot/db/a.g.ld.3.fpc.bc -only-needed C:/Xilinx/Vitis_HLS/2023.1/win64/lib/libfloatconversion_39.bc -o D:/mayur/PG/SoCD_lab/FFT/FFT/solution1/.autopilot/db/a.g.ld.4.m2.bc > D:/mayur/PG/SoCD_lab/FFT/FFT/solution1/.autopilot/db/a.g.ld.4.m2.bc.llvm-link.out.log 2> D:/mayur/PG/SoCD_lab/FFT/FFT/solution1/.autopilot/db/a.g.ld.4.m2.bc.llvm-link.err.log
INFO-FLOW: 
Execute       run_link_or_opt -opt -out D:/mayur/PG/SoCD_lab/FFT/FFT/solution1/.autopilot/db/a.g.ld.5.gdce.bc -args D:/mayur/PG/SoCD_lab/FFT/FFT/solution1/.autopilot/db/a.g.ld.4.m2.bc -reflow-globaldce -hls-top-function-name=dit_fft_8 
INFO-FLOW: run_clang exec: C:/Xilinx/Vitis_HLS/2023.1/win64/tools/clang-3.9-csynth/bin/opt -pass-remarks-missed=reflow|pasta|unroll -pass-remarks=reflow|pasta|unroll|inline -pass-remarks-output=D:/mayur/PG/SoCD_lab/FFT/FFT/solution1/.autopilot/db/a.g.ld.5.gdce.bc.opt.diag.yml D:/mayur/PG/SoCD_lab/FFT/FFT/solution1/.autopilot/db/a.g.ld.4.m2.bc -reflow-globaldce -hls-top-function-name=dit_fft_8 -o D:/mayur/PG/SoCD_lab/FFT/FFT/solution1/.autopilot/db/a.g.ld.5.gdce.bc > D:/mayur/PG/SoCD_lab/FFT/FFT/solution1/.autopilot/db/a.g.ld.5.gdce.bc.opt.out.log 2> D:/mayur/PG/SoCD_lab/FFT/FFT/solution1/.autopilot/db/a.g.ld.5.gdce.bc.opt.err.log
INFO-FLOW: 
INFO-FLOW: Running: gen_design_size_report post-opt
INFO-FLOW: Done: gen_design_size_report post-opt time: 0 seconds per iteration
Execute       send_msg_by_id INFO @200-777@%s Vivado 
INFO: [HLS 200-777] Using interface defaults for 'Vivado' flow target.
Execute       is_m_axi_addr64 
INFO-FLOW: Doing LTO.
INFO-FLOW: run_clang exec: C:/Xilinx/Vitis_HLS/2023.1/win64/tools/clang-3.9-csynth/bin/clang -foptimization-record-file=D:/mayur/PG/SoCD_lab/FFT/FFT/solution1/.autopilot/db/a.g.ld.0.bc.clang.reflow.diag.yml -mllvm -pass-remarks-missed=reflow|pasta|unroll -mllvm -pass-remarks=reflow|pasta|unroll|inline -fhls -mllvm -hls-top-function-name=dit_fft_8 -mllvm -hls-db-dir -mllvm D:/mayur/PG/SoCD_lab/FFT/FFT/solution1/.autopilot/db -emit-llvm -c -target fpga64-xilinx-none -mllvm -xcl-xmlinfo=D:/mayur/PG/SoCD_lab/FFT/FFT/solution1/.autopilot/db/kernel.internal.xml -mllvm -top-io-mapping-info=D:/mayur/PG/SoCD_lab/FFT/FFT/solution1/.autopilot/db/top-io-fe.xml -mllvm -hls-bitcode-version=3.1 -mllvm -reflow-enable-slave-interface-default-setting=true -mllvm -gen-kernel-xml=false -mllvm -default-maxi-offset=slave -mllvm -maxi-latency=0 -mllvm -hls-maxi-data-size-in-bits=8 -mllvm -hls-maxi-max-data-size-in-bits=1024 -mllvm -hls-max-widen-size-in-bits=0 -mllvm -xcl-kernel-max-mem-ports=0 -mllvm -maxi-read-trans=16 -mllvm -maxi-write-trans=16 -mllvm -maxi-read-burst-len=16 -mllvm -maxi-write-burst-len=16 -mllvm -reflow-enable-saxi-64bits=0 -mllvm -reflow-basic-block-instr-threshold=200000 -mllvm -reflow-auto-pipeline-threshold=64 -mllvm -reflow-enable-maxi-auto-id-channel=0 -mllvm -enable-fp-thr=0 -mllvm -reflow-bdd-simplify-threshold=1024 -mllvm -reflow-fanout-threshold=16 -mllvm -assume-maxi-align=1 -mllvm -reflow-pipeline-style-llvm-setting=2 -mllvm -reflow-enable-dataflow-strict-mode-checking=1 -ftime-report -mllvm -time-passes -mllvm -reflow-auto-array-partition-mode=default -mllvm -reflow-enable-auto-array-partition=true -mllvm -reflow-enable-auto-parallel-performance-driven=true -mllvm -reflow-enable-partition-for-automation=true -mllvm -reflow-aggregate-bitwidth-threshold=4096 -mllvm -reflow-reserved-saxilite-registers=1024 -mllvm -reflow-assume-no-address-wrap=true -mllvm -reflow-enable-occurrence-inference=true -mllvm -hls -mllvm -disable-inlined-alloca-merging=true -mllvm -default-clock-period=10 -x ir D:/mayur/PG/SoCD_lab/FFT/FFT/solution1/.autopilot/db/a.g.ld.5.gdce.bc -o D:/mayur/PG/SoCD_lab/FFT/FFT/solution1/.autopilot/db/a.g.lto.bc {-hls-platform-db-name=C:/Xilinx/Vitis_HLS/2023.1/common/technology\xilinx/common/platform.db} -hls-platform-name=zynq_slow -device-resource-info=BRAM_280.000000_DSP_220.000000_FF_106400.000000_LUT_53200.000000_SLICE_13300.000000_URAM_0.000000 -device-name-info=xc7z020clg484-1 > D:/mayur/PG/SoCD_lab/FFT/FFT/solution1/.autopilot/db/a.g.ld.0.bc.clang.reflow.out.log 2> D:/mayur/PG/SoCD_lab/FFT/FFT/solution1/.autopilot/db/a.g.ld.0.bc.clang.reflow.err.log
INFO: [HLS 214-131] Inlining function 'butterfly(std::complex<ap_fixed<16, 4, (ap_q_mode)0, (ap_o_mode)0, 0> >&, std::complex<ap_fixed<16, 4, (ap_q_mode)0, (ap_o_mode)0, 0> >&, ap_fixed<16, 4, (ap_q_mode)0, (ap_o_mode)0, 0>, ap_fixed<16, 4, (ap_q_mode)0, (ap_o_mode)0, 0>)' into 'dit_fft_8(std::complex<ap_fixed<16, 4, (ap_q_mode)0, (ap_o_mode)0, 0> >*, std::complex<ap_fixed<16, 4, (ap_q_mode)0, (ap_o_mode)0, 0> >*)' (fft8.cpp:39:28)
INFO: [HLS 214-131] Inlining function 'butterfly(std::complex<ap_fixed<16, 4, (ap_q_mode)0, (ap_o_mode)0, 0> >&, std::complex<ap_fixed<16, 4, (ap_q_mode)0, (ap_o_mode)0, 0> >&, ap_fixed<16, 4, (ap_q_mode)0, (ap_o_mode)0, 0>, ap_fixed<16, 4, (ap_q_mode)0, (ap_o_mode)0, 0>)' into 'dit_fft_8(std::complex<ap_fixed<16, 4, (ap_q_mode)0, (ap_o_mode)0, 0> >*, std::complex<ap_fixed<16, 4, (ap_q_mode)0, (ap_o_mode)0, 0> >*)' (fft8.cpp:40:31)
INFO: [HLS 214-131] Inlining function 'butterfly(std::complex<ap_fixed<16, 4, (ap_q_mode)0, (ap_o_mode)0, 0> >&, std::complex<ap_fixed<16, 4, (ap_q_mode)0, (ap_o_mode)0, 0> >&, ap_fixed<16, 4, (ap_q_mode)0, (ap_o_mode)0, 0>, ap_fixed<16, 4, (ap_q_mode)0, (ap_o_mode)0, 0>)' into 'dit_fft_8(std::complex<ap_fixed<16, 4, (ap_q_mode)0, (ap_o_mode)0, 0> >*, std::complex<ap_fixed<16, 4, (ap_q_mode)0, (ap_o_mode)0, 0> >*)' (fft8.cpp:41:31)
INFO: [HLS 214-131] Inlining function 'butterfly(std::complex<ap_fixed<16, 4, (ap_q_mode)0, (ap_o_mode)0, 0> >&, std::complex<ap_fixed<16, 4, (ap_q_mode)0, (ap_o_mode)0, 0> >&, ap_fixed<16, 4, (ap_q_mode)0, (ap_o_mode)0, 0>, ap_fixed<16, 4, (ap_q_mode)0, (ap_o_mode)0, 0>)' into 'dit_fft_8(std::complex<ap_fixed<16, 4, (ap_q_mode)0, (ap_o_mode)0, 0> >*, std::complex<ap_fixed<16, 4, (ap_q_mode)0, (ap_o_mode)0, 0> >*)' (fft8.cpp:42:31)
INFO: [HLS 214-131] Inlining function 'butterfly(std::complex<ap_fixed<16, 4, (ap_q_mode)0, (ap_o_mode)0, 0> >&, std::complex<ap_fixed<16, 4, (ap_q_mode)0, (ap_o_mode)0, 0> >&, ap_fixed<16, 4, (ap_q_mode)0, (ap_o_mode)0, 0>, ap_fixed<16, 4, (ap_q_mode)0, (ap_o_mode)0, 0>)' into 'dit_fft_8(std::complex<ap_fixed<16, 4, (ap_q_mode)0, (ap_o_mode)0, 0> >*, std::complex<ap_fixed<16, 4, (ap_q_mode)0, (ap_o_mode)0, 0> >*)' (fft8.cpp:45:31)
INFO: [HLS 214-131] Inlining function 'butterfly(std::complex<ap_fixed<16, 4, (ap_q_mode)0, (ap_o_mode)0, 0> >&, std::complex<ap_fixed<16, 4, (ap_q_mode)0, (ap_o_mode)0, 0> >&, ap_fixed<16, 4, (ap_q_mode)0, (ap_o_mode)0, 0>, ap_fixed<16, 4, (ap_q_mode)0, (ap_o_mode)0, 0>)' into 'dit_fft_8(std::complex<ap_fixed<16, 4, (ap_q_mode)0, (ap_o_mode)0, 0> >*, std::complex<ap_fixed<16, 4, (ap_q_mode)0, (ap_o_mode)0, 0> >*)' (fft8.cpp:46:31)
INFO: [HLS 214-131] Inlining function 'butterfly(std::complex<ap_fixed<16, 4, (ap_q_mode)0, (ap_o_mode)0, 0> >&, std::complex<ap_fixed<16, 4, (ap_q_mode)0, (ap_o_mode)0, 0> >&, ap_fixed<16, 4, (ap_q_mode)0, (ap_o_mode)0, 0>, ap_fixed<16, 4, (ap_q_mode)0, (ap_o_mode)0, 0>)' into 'dit_fft_8(std::complex<ap_fixed<16, 4, (ap_q_mode)0, (ap_o_mode)0, 0> >*, std::complex<ap_fixed<16, 4, (ap_q_mode)0, (ap_o_mode)0, 0> >*)' (fft8.cpp:47:31)
INFO: [HLS 214-131] Inlining function 'butterfly(std::complex<ap_fixed<16, 4, (ap_q_mode)0, (ap_o_mode)0, 0> >&, std::complex<ap_fixed<16, 4, (ap_q_mode)0, (ap_o_mode)0, 0> >&, ap_fixed<16, 4, (ap_q_mode)0, (ap_o_mode)0, 0>, ap_fixed<16, 4, (ap_q_mode)0, (ap_o_mode)0, 0>)' into 'dit_fft_8(std::complex<ap_fixed<16, 4, (ap_q_mode)0, (ap_o_mode)0, 0> >*, std::complex<ap_fixed<16, 4, (ap_q_mode)0, (ap_o_mode)0, 0> >*)' (fft8.cpp:48:31)
INFO: [HLS 214-131] Inlining function 'butterfly(std::complex<ap_fixed<16, 4, (ap_q_mode)0, (ap_o_mode)0, 0> >&, std::complex<ap_fixed<16, 4, (ap_q_mode)0, (ap_o_mode)0, 0> >&, ap_fixed<16, 4, (ap_q_mode)0, (ap_o_mode)0, 0>, ap_fixed<16, 4, (ap_q_mode)0, (ap_o_mode)0, 0>)' into 'dit_fft_8(std::complex<ap_fixed<16, 4, (ap_q_mode)0, (ap_o_mode)0, 0> >*, std::complex<ap_fixed<16, 4, (ap_q_mode)0, (ap_o_mode)0, 0> >*)' (fft8.cpp:51:33)
INFO: [HLS 214-131] Inlining function 'butterfly(std::complex<ap_fixed<16, 4, (ap_q_mode)0, (ap_o_mode)0, 0> >&, std::complex<ap_fixed<16, 4, (ap_q_mode)0, (ap_o_mode)0, 0> >&, ap_fixed<16, 4, (ap_q_mode)0, (ap_o_mode)0, 0>, ap_fixed<16, 4, (ap_q_mode)0, (ap_o_mode)0, 0>)' into 'dit_fft_8(std::complex<ap_fixed<16, 4, (ap_q_mode)0, (ap_o_mode)0, 0> >*, std::complex<ap_fixed<16, 4, (ap_q_mode)0, (ap_o_mode)0, 0> >*)' (fft8.cpp:52:33)
INFO: [HLS 214-131] Inlining function 'butterfly(std::complex<ap_fixed<16, 4, (ap_q_mode)0, (ap_o_mode)0, 0> >&, std::complex<ap_fixed<16, 4, (ap_q_mode)0, (ap_o_mode)0, 0> >&, ap_fixed<16, 4, (ap_q_mode)0, (ap_o_mode)0, 0>, ap_fixed<16, 4, (ap_q_mode)0, (ap_o_mode)0, 0>)' into 'dit_fft_8(std::complex<ap_fixed<16, 4, (ap_q_mode)0, (ap_o_mode)0, 0> >*, std::complex<ap_fixed<16, 4, (ap_q_mode)0, (ap_o_mode)0, 0> >*)' (fft8.cpp:53:33)
INFO: [HLS 214-131] Inlining function 'butterfly(std::complex<ap_fixed<16, 4, (ap_q_mode)0, (ap_o_mode)0, 0> >&, std::complex<ap_fixed<16, 4, (ap_q_mode)0, (ap_o_mode)0, 0> >&, ap_fixed<16, 4, (ap_q_mode)0, (ap_o_mode)0, 0>, ap_fixed<16, 4, (ap_q_mode)0, (ap_o_mode)0, 0>)' into 'dit_fft_8(std::complex<ap_fixed<16, 4, (ap_q_mode)0, (ap_o_mode)0, 0> >*, std::complex<ap_fixed<16, 4, (ap_q_mode)0, (ap_o_mode)0, 0> >*)' (fft8.cpp:54:33)
INFO: [HLS 214-248] Applying array_partition to 'in': Complete partitioning on dimension 1. (fft8.cpp:15:0)
INFO: [HLS 214-248] Applying array_partition to 'out': Complete partitioning on dimension 1. (fft8.cpp:15:0)
INFO: [HLS 214-241] Aggregating scalar variable 'out_7' with compact=bit mode in 32-bits (fft8.cpp:15:0)
INFO: [HLS 214-241] Aggregating scalar variable 'out_6' with compact=bit mode in 32-bits (fft8.cpp:15:0)
INFO: [HLS 214-241] Aggregating scalar variable 'out_5' with compact=bit mode in 32-bits (fft8.cpp:15:0)
INFO: [HLS 214-241] Aggregating scalar variable 'out_4' with compact=bit mode in 32-bits (fft8.cpp:15:0)
INFO: [HLS 214-241] Aggregating scalar variable 'out_3' with compact=bit mode in 32-bits (fft8.cpp:15:0)
INFO: [HLS 214-241] Aggregating scalar variable 'out_2' with compact=bit mode in 32-bits (fft8.cpp:15:0)
INFO: [HLS 214-241] Aggregating scalar variable 'out_1' with compact=bit mode in 32-bits (fft8.cpp:15:0)
INFO: [HLS 214-241] Aggregating scalar variable 'out_0' with compact=bit mode in 32-bits (fft8.cpp:15:0)
INFO: [HLS 214-241] Aggregating scalar variable 'in_7' with compact=bit mode in 32-bits (fft8.cpp:15:0)
INFO: [HLS 214-241] Aggregating scalar variable 'in_6' with compact=bit mode in 32-bits (fft8.cpp:15:0)
INFO: [HLS 214-241] Aggregating scalar variable 'in_5' with compact=bit mode in 32-bits (fft8.cpp:15:0)
INFO: [HLS 214-241] Aggregating scalar variable 'in_4' with compact=bit mode in 32-bits (fft8.cpp:15:0)
INFO: [HLS 214-241] Aggregating scalar variable 'in_3' with compact=bit mode in 32-bits (fft8.cpp:15:0)
INFO: [HLS 214-241] Aggregating scalar variable 'in_2' with compact=bit mode in 32-bits (fft8.cpp:15:0)
INFO: [HLS 214-241] Aggregating scalar variable 'in_1' with compact=bit mode in 32-bits (fft8.cpp:15:0)
INFO: [HLS 214-241] Aggregating scalar variable 'in_0' with compact=bit mode in 32-bits (fft8.cpp:15:0)
INFO-FLOW: DBG:PUTS: copy_raw_kernel_xml ap_link_39: kernel.xml not generated: D:/mayur/PG/SoCD_lab/FFT/FFT/solution1/.autopilot/db/kernel.internal.xml
INFO: [HLS 200-111] Finished Compiling Optimization and Transform: CPU user time: 0 seconds. CPU system time: 0 seconds. Elapsed time: 6.564 seconds; current allocated memory: 93.207 MB.
INFO: [HLS 200-111] Finished Checking Pragmas: CPU user time: 0 seconds. CPU system time: 0 seconds. Elapsed time: 0.004 seconds; current allocated memory: 93.207 MB.
Execute       opt_and_import_c a -opt_level=2 -skip_syncheck=0 -ng=0 -keep_printf=0 
Execute         cleanup_all_models 
INFO: [HLS 200-10] Starting code transformations ...
INFO-FLOW: Running Standard Transforms...
Execute         transform -hls -share-std-xform -demangle-name -inline-byval-memcpy -always-inline -promote-dbg-pointer -interface-preproc -mem2reg -scalarrepl -mem2reg -keep-read-access -instcombine -dce -promote-dbg-pointer -bitop-raise -loop-simplify -indvarspre -indvars -loop-simplify -xunroll -constprop -instcombine -simplifycfg -indvars -simplifycfg -dce -globaldce -basicaa -simplifycfg -mem2reg -globalopt -global-constprop -deadargelim -instcombine -simplifycfg -scalarrepl -instcombine -reassociate -licm -simplifycfg -loop-simplify -indvars -instcombine -simplifycfg -mem2reg -loop-simplify -indvars -instcombine -gvn -gvn -instcombine -adce -break-crit-edges -simplifycfg -loop-delete -global-array-opt -dce -dse -adce -find-syn-modules -top dit_fft_8 -deadargelim -mem2reg -instcombine -dce -presyn-prepare -auto-rom-infer -interface-preproc -syn-check -check-rec-only -find-region -simplifycfg -func-extr -function-inline -globaldce -mem2reg -instcombine -dce -gvn -globaldce -adce -adse -constprop -instcombine -bit-constprop -instcombine -dce -simplifycfg -bitop-raise -simplifycfg -dce -loop-delete -reassociate -globalopt -global-privatize -mem2reg -dce -global-constprop -pointer-simplify -constprop -dce -auto-shift-reg-idiom -promote-dbg-pointer -norm-name D:/mayur/PG/SoCD_lab/FFT/FFT/solution1/.autopilot/db/a.g.0.bc -o D:/mayur/PG/SoCD_lab/FFT/FFT/solution1/.autopilot/db/a.g.1.bc -f -phase std-opt 
INFO: [HLS 200-111] Finished Standard Transforms: CPU user time: 0 seconds. CPU system time: 0 seconds. Elapsed time: 0.125 seconds; current allocated memory: 100.551 MB.
INFO: [HLS 200-10] Checking synthesizability ...
INFO-FLOW: Checking Synthesizability 1/2..
Execute         transform -hls -syn-check -check-rec-only -scalarrepl -norm-name -dce -mem2reg -instcombine -directive-preproc -mem2reg -dse -dce -auto-rom-infer -dce -pag -array-normalize -instcombine -dce -array-seg-normalize -instcombine -dce -data-pack -instcombine -dce -inst-simplify -array-flatten -instcombine -dce -array-burst -dce -deadargelim -promote-global-argument -simplifycfg -mem2reg -globaldce -dce -deadargelim -dce -instcombine -function-inline -globaldce -dce -doublePtrSimplify -doublePtrElim -dce -doublePtrSimplify -promote-dbg-pointer -dce -scalarrepl -dse -adse -instcombine -ptrLegalization -simplifycfg -dce -instcombine -pointer-simplify -ptrArgReplace -dce -instcombine -resolve-double-ptr -scalarrepl -norm-name -dce -mem2reg -instcombine -ptrLegalization -simplifycfg -deadargelim -instcombine -dce -inst-simplify -directive-preproc -mem2reg -dse -dce -globaldce D:/mayur/PG/SoCD_lab/FFT/FFT/solution1/.autopilot/db/a.g.1.bc -o D:/mayur/PG/SoCD_lab/FFT/FFT/solution1/.autopilot/db/a.g.2.prechk.bc -f 
INFO-FLOW: Checking Synthesizability 2/2..
Execute         transform -syn-check D:/mayur/PG/SoCD_lab/FFT/FFT/solution1/.autopilot/db/a.g.2.prechk.bc -o D:/mayur/PG/SoCD_lab/FFT/FFT/solution1/.autopilot/db/a.g.2.bc -f -phase syn-check 
INFO: [HLS 200-111] Finished Checking Synthesizability: CPU user time: 0 seconds. CPU system time: 0 seconds. Elapsed time: 0.098 seconds; current allocated memory: 102.828 MB.
INFO-FLOW: Compiler optimizing ...
INFO-FLOW: Share syncheck's 1.bc for syn flow: copy D:/mayur/PG/SoCD_lab/FFT/FFT/solution1/.autopilot/db/a.g.1.bc to D:/mayur/PG/SoCD_lab/FFT/FFT/solution1/.autopilot/db/a.o.1.bc
INFO-FLOW: Presyn 1...
Execute         transform -hls -tmp D:/mayur/PG/SoCD_lab/FFT/FFT/solution1/.autopilot/db -interface-port-rename -directive-preproc -mem2reg -dse -dce -scalarrepl -norm-name -deadargelim -mem2reg -instcombine -dce -simplifycfg -auto-rom-infer -dce -resource-proc -clib-intrinsic-prepare -dce -func-buffer -dce -pag -array-normalize -func-legal -instcombine -gvn -constprop -dce -simplifycfg -mem2reg -globaldce -resolve-double-ptr -dce -deadargelim -dce -instcombine -ptrArgReplace -mem2reg -dce -array-seg-normalize -deadargelim -instcombine -dce -directive-preproc -mem2reg -dse -dce -pointer-simplify -dce -port-alignment -dce -interface-preproc -data-pack -instcombine -dce -basicaa -aggr-aa -aggrmodref-aa -aggr-aa -gvn -gvn -basicaa -aggr-aa -aggrmodref-aa -aggr-aa -dse -adse -adce -loop-simplify -indvars -instcombine -gvn -loop-simplify -mem2reg -dce -find-region -instcombine -auto-loop-pipeline -inst-simplify -interface-preproc -cfgopt -instcombine -indvars -auto-loop-unroll -loop-simplify -loop-bound -xunroll -constprop -instcombine -simplifycfg -indvars -simplifycfg -dce -globaldce -clean-region -attach-range -gvn -inst-simplify -constprop -simplifycfg -dce -pointer-simplify -dce -globalopt -constprop -dce -array-promote -scalar-auto-dep-elim -constprop -dce -ptrArgReplace -mem2reg -simplifycfg -dce -instcombine -dce -array-transform-check -array-reshape -instcombine -simplifycfg -dce -ptrArgReplace -deadargelim -mem2reg -instcombine -simplifycfg -dce -indvars -loop-simplify -loop-bound -xunroll -constprop -instcombine -simplifycfg -indvars -simplifycfg -dce -globaldce -basicaa -aggr-aa -aggrmodref-aa -aggr-aa -dse -duplicate-dataflow-processes -globaldce -instcombine -array-partition -prepare-dynamic-array-partition -instcombine -simplifycfg -dce -ptrArgReplace -global-constprop -deadargelim -mem2reg -func-legal -dce -global-constprop -deadargelim -mem2reg -simplifycfg -dce -merge-param -deadargelim -globalopt -constprop -dce -array-promote -scalar-auto-dep-elim -constprop -dce -ptrArgReplace -mem2reg -simplifycfg -dce -mem-intrinsic-preproc -dce -global-internalize -global-privatize -mem2reg -globaldce -promote-global-argument -ptrArgReplace -mem2reg -dce -globalopt -mergereturn -simplify-global-access -mem2reg -dce -pointer-simplify -dce -functionattrs -basicaa -aggr-aa -aggrmodref-aa -aggr-aa -gvn -gvn -basicaa -aggr-aa -aggrmodref-aa -aggr-aa -dse -adse -adce -dce -norm-name -basicaa -aggr-aa -aggrmodref-aa -aggr-aa -accesses-merge -function-inline -complex-op-raise -inst-simplify -globaldce -func-legal -dce -loop-bound -arraycheck -bitwidthmin2 -bitwidthmin2 -on-by-dataflow -loop-delete -instcombine -simplifycfg -globaldce -dce -gvn -deadargelim -dce -loop-simplify -clean-region -simplifycfg -propagate-stable-arguments -loop-stream -instcombine -simplifycfg -dce -globaldce -duplicate-dataflow-processes -stream-intrinsic-preproc -dce -check-ap-stream -loop-simplify -eliminate-keepreads -extract-dataflow-in-loop -loop-simplify -dce -gvn -deadargelim -dse -duplicate-dataflow-processes -check-dataflow-syntax -legalize-stream-variable -globaldce -legalize-global -extract-subproc -dce -dead-channel-elimination -canonicalize-gep -globaldce -dce -gvn -hls-dead-arg-elim -deadargelim -directive-preproc -canonicalize-dataflow -dce -globaldce -scalar-preprocessing -scalar-propagation2 -deadargelim -globaldce -mem2reg -check-dataflow-channels -function-stream -dce -globaldce -prop-fifo-spec -internal-stream-gen -canonicalize-gep -globaldce -dce -gvn -deadargelim -mergereturn -indvars -loop-simplify -instcombine -array-stream -array-seg-normalize -array-partition -func-legal -instcombine -simplifycfg -dce -bundle-memfifo-ops -deadargelim -directive-preproc -mem2reg -dse -dce -group-axi-access -licm -simplifycfg -dce -loop-delete -hls-display -norm-name D:/mayur/PG/SoCD_lab/FFT/FFT/solution1/.autopilot/db/a.o.1.bc -o D:/mayur/PG/SoCD_lab/FFT/FFT/solution1/.autopilot/db/a.o.1.tmp.bc -f 
Command         transform done; 0.193 sec.
INFO-FLOW: Presyn 2...
Execute         transform -hls -keep-callgraph -scalarrepl -mem2reg -port-alignment -attach-range -dce -pipe-mux-gen -indvars -loop-bound -inst-simplify -instcombine -dce -merge-array-access -mem2reg -dce -clean-region -mergereturn -if-conv -instcombine -dce -constprop -basicaa -aggr-aa -aggrmodref-aa -aggr-aa -gvn -gvn -basicaa -aggr-aa -aggrmodref-aa -aggr-aa -dse -adse -adce -scalarrepl -mem2reg -global-constprop -deadargelim -deadargelim -instcombine -dce -simplifycfg -ptrArgReplace -mem2reg -function-inline -globaldce -mem2reg -instcombine -dce -expr-balance -instcombine -dce -bitwidthmin2 -bitwidthmin2 -interface-preproc -directive-preproc -inst-rectify -instcombine -dce -functionattrs -constprop -instcombine -bit-constprop -simplify-global-access -globalopt -globaldce -inst-simplify -instcombine -elimdeaddata -dce -loop-delete -simplifycfg -loop-simplify -barrier -norm-name D:/mayur/PG/SoCD_lab/FFT/FFT/solution1/.autopilot/db/a.o.1.tmp.bc -o D:/mayur/PG/SoCD_lab/FFT/FFT/solution1/.autopilot/db/a.o.2.bc -f -phase presyn 
INFO: [XFORM 203-401] Performing if-conversion on hyperblock from (fft8.cpp:38:9) to (fft8.cpp:55:1) in function 'dit_fft_8'... converting 9 basic blocks.
Command         transform done; 0.109 sec.
INFO: [HLS 200-111] Finished Loop, function and other optimizations: CPU user time: 1 seconds. CPU system time: 0 seconds. Elapsed time: 0.31 seconds; current allocated memory: 127.266 MB.
INFO-FLOW: Building ssdm...
Execute         transform -hls -auto-function-inline -globaldce -ptrArgReplace -mem2reg -dce -reset-lda -loop-simplify -indvars -aggr-aa -licm -loop-dep -loop-bound -licm -loop-simplify -loop-sink-hoist -flattenloopnest -array-flatten -gvn -instcombine -dce -array-map -dce -func-legal -gvn -adce -instcombine -cfgopt -simplifycfg-lite -loop-simplify -array-burst -promote-global-argument -dce -array-seg-normalize -basicaa -aggrmodref-aa -globalsmodref-aa -aggr-aa -gvn -gvn -basicaa -aggrmodref-aa -globalsmodref-aa -aggr-aa -dse -adse -adce -licm -inst-simplify -dce -globaldce -instcombine -array-stream -eliminate-keepreads -instcombine -dce -deadargelim -doublePtrSimplify -doublePtrElim -dce -doublePtrSimplify -promote-dbg-pointer -dce -scalarrepl -mem2reg -norm-name -mem2reg -instcombine -dse -adse -adce -ptrLegalization -dce -auto-rom-infer -array-flatten -dce -instcombine -check-doubleptr -loop-rot -constprop -cfgopt -simplifycfg-lite -loop-simplify -indvars -pointer-simplify -dce -loop-bound -loop-simplify -loop-preproc -constprop -global-constprop -gvn -mem2reg -instcombine -dce -loop-bound -loop-merge -dce -deadargelim -dce -canonicalize-dataflow -dce -deadargelim -globaldce -mem2reg -bram-byte-enable -load-elim -read-loop-dep -loop-simplify -loop-extract-inner -directive-preproc -bitwidthmin2 -bitwidthmin2 -read-loop-dep -interface-preproc -directive-preproc -interface-gen -bram-byte-enable-spec-prop -deadargelim -inst-simplify -dce -gvn -mem2reg -instcombine -dce -adse -loop-bound -instcombine -cfgopt -simplifycfg-lite -loop-simplify -clean-region -io-protocol -find-region -mem2reg -bitop-raise -complex-op-raise -inst-simplify -inst-rectify -instcombine -adce -deadargelim -float-op-raise -loop-simplify -phi-opt -bitop-raise -cfgopt -simplifycfg-lite -strip-dead-prototypes -interface-lower -bitop-lower -intrinsic-lower -auto-function-inline -basicaa -aggrmodref-aa -globalsmodref-aa -aggr-aa -inst-simplify -simplifycfg-lite -loop-simplify -mergereturn -inst-simplify -inst-rectify -globaldce -dce -load-elim -bitop-lower -float-op-raise -fma-raise -loop-rewind -pointer-simplify -dce -cfgopt -dce -loop-bound -loop-dep -read-loop-dep -dce -dyn-mem-reuse -dce -recurrence-min -dce -share-scalar-alloca -deadargelim -dce -check-stream -norm-name -legalize -validate-dataflow -inst-clarity -bitwidth -dce -dump-loop-dep-to-ir -check-all-ssdm -dump-complexity-metric -cdfg-build D:/mayur/PG/SoCD_lab/FFT/FFT/solution1/.autopilot/db/a.o.2.bc -o D:/mayur/PG/SoCD_lab/FFT/FFT/solution1/.autopilot/db/a.o.3.bc -f -phase build-ssdm 
Execute           auto_get_db
Command         transform done; 0.161 sec.
INFO: [HLS 200-111] Finished Architecture Synthesis: CPU user time: 0 seconds. CPU system time: 0 seconds. Elapsed time: 0.162 seconds; current allocated memory: 127.273 MB.
INFO-FLOW: Finish building internal data model.
Command       opt_and_import_c done; 0.704 sec.
Command     elaborate done; 13.612 sec.
Execute     ap_eval exec zip -j D:/mayur/PG/SoCD_lab/FFT/FFT/solution1/.autopilot/db/dut.hcp $dbDir/a.o.3.bc $dbDir/${topname}.rtl_wrap.cfg.tcl $dbDir/apatb_${topname}.cpp $dbDir/apatb_${topname}_util.cpp $dbDir/apatb_${topname}_ir.ll $dbDir/mapper_${topname}.cpp $dbDir/top-io-fe.xml $dbDir/kernel.internal.xml $workdir/../hls.app 
Command     ap_eval done; 0.12 sec.
Execute     autosyn -from_csynth_design=1 
INFO: [HLS 200-10] Starting hardware synthesis ...
INFO-FLOW: Synthesizing C/C++ design ...
INFO: [HLS 200-10] Synthesizing 'dit_fft_8' ...
Execute       ap_set_top_model dit_fft_8 
Execute       get_model_list dit_fft_8 -filter all-wo-channel -topdown 
Execute       preproc_iomode -model dit_fft_8 
Execute       get_model_list dit_fft_8 -filter all-wo-channel 
INFO-FLOW: Model list for configure: dit_fft_8
INFO-FLOW: Configuring Module : dit_fft_8 ...
Execute       set_default_model dit_fft_8 
Execute       apply_spec_resource_limit dit_fft_8 
INFO-FLOW: Model list for preprocess: dit_fft_8
INFO-FLOW: Preprocessing Module: dit_fft_8 ...
Execute       set_default_model dit_fft_8 
Execute       cdfg_preprocess -model dit_fft_8 
Execute       rtl_gen_preprocess dit_fft_8 
INFO-FLOW: Model list for synthesis: dit_fft_8
INFO: [HLS 200-10] ----------------------------------------------------------------
INFO: [HLS 200-42] -- Implementing module 'dit_fft_8' 
INFO: [HLS 200-10] ----------------------------------------------------------------
Execute       set_default_model dit_fft_8 
Execute       schedule -model dit_fft_8 
INFO: [SCHED 204-11] Starting scheduling ...
INFO: [HLS 200-486] Changing DSP latency (root=add_ln9_3) to 3 in order to utilize available DSP registers.
INFO: [HLS 200-486] Changing DSP latency (root=sub_ln8_6) to 3 in order to utilize available DSP registers.
INFO: [HLS 200-486] Changing DSP latency (root=add_ln8) to 3 in order to utilize available DSP registers.
INFO: [SCHED 204-61] Pipelining function 'dit_fft_8'.
INFO: [HLS 200-1470] Pipelining result : Target II = 1, Final II = 1, Depth = 7, function 'dit_fft_8'
INFO: [SCHED 204-11] Finished scheduling.
Command       schedule done; 1.706 sec.
INFO: [HLS 200-111] Finished Scheduling: CPU user time: 1 seconds. CPU system time: 0 seconds. Elapsed time: 1.895 seconds; current allocated memory: 135.570 MB.
Execute       syn_report -verbosereport -o D:/mayur/PG/SoCD_lab/FFT/FFT/solution1/.autopilot/db/dit_fft_8.verbose.sched.rpt 
Execute         list_part -family xc7z020-clg484-1 
Execute           ap_family_info -name xc7z020-clg484-1 -data names 
Execute           ap_part_info -quiet -name xc7z020-clg484-1 -data family 
Execute       db_write -o D:/mayur/PG/SoCD_lab/FFT/FFT/solution1/.autopilot/db/dit_fft_8.sched.adb -f 
INFO-FLOW: Finish scheduling dit_fft_8.
Execute       set_default_model dit_fft_8 
Execute       bind -model dit_fft_8 
INFO: [BIND 205-100] Starting micro-architecture generation ...
INFO: [BIND 205-101] Performing variable lifetime analysis.
INFO: [BIND 205-101] Exploring resource sharing.
INFO: [BIND 205-101] Binding ...
INFO: [BIND 205-100] Finished micro-architecture generation.
Command       bind done; 0.111 sec.
INFO: [HLS 200-111] Finished Binding: CPU user time: 1 seconds. CPU system time: 0 seconds. Elapsed time: 0.298 seconds; current allocated memory: 136.727 MB.
Execute       syn_report -verbosereport -o D:/mayur/PG/SoCD_lab/FFT/FFT/solution1/.autopilot/db/dit_fft_8.verbose.bind.rpt 
Execute         list_part -family xc7z020-clg484-1 
Execute           ap_family_info -name xc7z020-clg484-1 -data names 
Execute           ap_part_info -quiet -name xc7z020-clg484-1 -data family 
Execute       db_write -o D:/mayur/PG/SoCD_lab/FFT/FFT/solution1/.autopilot/db/dit_fft_8.bind.adb -f 
Command       db_write done; 0.119 sec.
INFO-FLOW: Finish binding dit_fft_8.
Execute       get_model_list dit_fft_8 -filter all-wo-channel 
INFO-FLOW: Preprocessing for RTLGen ...
Execute       rtl_gen_preprocess dit_fft_8 
INFO-FLOW: Model list for RTL generation: dit_fft_8
INFO: [HLS 200-10] ----------------------------------------------------------------
INFO: [HLS 200-10] -- Generating RTL for module 'dit_fft_8' 
INFO: [HLS 200-10] ----------------------------------------------------------------
Execute       create_rtl_model dit_fft_8 -top_prefix  -sub_prefix dit_fft_8_ -mg_file D:/mayur/PG/SoCD_lab/FFT/FFT/solution1/.autopilot/db/dit_fft_8.compgen.tcl 
INFO: [RTGEN 206-500] Setting interface mode on port 'dit_fft_8/in_0' to 'ap_none'.
INFO: [RTGEN 206-500] Setting interface mode on port 'dit_fft_8/in_1' to 'ap_none'.
INFO: [RTGEN 206-500] Setting interface mode on port 'dit_fft_8/in_2' to 'ap_none'.
INFO: [RTGEN 206-500] Setting interface mode on port 'dit_fft_8/in_3' to 'ap_none'.
INFO: [RTGEN 206-500] Setting interface mode on port 'dit_fft_8/in_4' to 'ap_none'.
INFO: [RTGEN 206-500] Setting interface mode on port 'dit_fft_8/in_5' to 'ap_none'.
INFO: [RTGEN 206-500] Setting interface mode on port 'dit_fft_8/in_6' to 'ap_none'.
INFO: [RTGEN 206-500] Setting interface mode on port 'dit_fft_8/in_7' to 'ap_none'.
INFO: [RTGEN 206-500] Setting interface mode on port 'dit_fft_8/out_0' to 'ap_none'.
WARNING: [RTGEN 206-101] Port 'out_0' with mode 'ap_none' may require an associated data valid signal to correctly communicate with other blocks or a test bench; automatic C/RTL co-simulation may not be able to verify such a port.
INFO: [RTGEN 206-500] Setting interface mode on port 'dit_fft_8/out_1' to 'ap_none'.
WARNING: [RTGEN 206-101] Port 'out_1' with mode 'ap_none' may require an associated data valid signal to correctly communicate with other blocks or a test bench; automatic C/RTL co-simulation may not be able to verify such a port.
INFO: [RTGEN 206-500] Setting interface mode on port 'dit_fft_8/out_2' to 'ap_none'.
WARNING: [RTGEN 206-101] Port 'out_2' with mode 'ap_none' may require an associated data valid signal to correctly communicate with other blocks or a test bench; automatic C/RTL co-simulation may not be able to verify such a port.
INFO: [RTGEN 206-500] Setting interface mode on port 'dit_fft_8/out_3' to 'ap_none'.
WARNING: [RTGEN 206-101] Port 'out_3' with mode 'ap_none' may require an associated data valid signal to correctly communicate with other blocks or a test bench; automatic C/RTL co-simulation may not be able to verify such a port.
INFO: [RTGEN 206-500] Setting interface mode on port 'dit_fft_8/out_4' to 'ap_none'.
WARNING: [RTGEN 206-101] Port 'out_4' with mode 'ap_none' may require an associated data valid signal to correctly communicate with other blocks or a test bench; automatic C/RTL co-simulation may not be able to verify such a port.
INFO: [RTGEN 206-500] Setting interface mode on port 'dit_fft_8/out_5' to 'ap_none'.
WARNING: [RTGEN 206-101] Port 'out_5' with mode 'ap_none' may require an associated data valid signal to correctly communicate with other blocks or a test bench; automatic C/RTL co-simulation may not be able to verify such a port.
INFO: [RTGEN 206-500] Setting interface mode on port 'dit_fft_8/out_6' to 'ap_none'.
WARNING: [RTGEN 206-101] Port 'out_6' with mode 'ap_none' may require an associated data valid signal to correctly communicate with other blocks or a test bench; automatic C/RTL co-simulation may not be able to verify such a port.
INFO: [RTGEN 206-500] Setting interface mode on port 'dit_fft_8/out_7' to 'ap_none'.
WARNING: [RTGEN 206-101] Port 'out_7' with mode 'ap_none' may require an associated data valid signal to correctly communicate with other blocks or a test bench; automatic C/RTL co-simulation may not be able to verify such a port.
INFO: [RTGEN 206-500] Setting interface mode on function 'dit_fft_8' to 'ap_ctrl_none'.
INFO: [RTGEN 206-100] Generating core module 'am_addmul_16s_16s_12ns_29_4_1': 1 instance(s).
INFO: [RTGEN 206-100] Generating core module 'am_addmul_16s_16s_13s_29_4_1': 1 instance(s).
INFO: [RTGEN 206-100] Generating core module 'am_submul_16s_16s_13s_29_4_1': 1 instance(s).
INFO: [RTGEN 206-100] Generating core module 'mul_12s_12ns_12_1_1': 1 instance(s).
INFO: [RTGEN 206-100] Generating core module 'mul_16s_13ns_29_1_1': 1 instance(s).
INFO: [RTGEN 206-100] Generating core module 'mul_16s_13s_29_1_1': 1 instance(s).
INFO: [RTGEN 206-100] Finished creating RTL model for 'dit_fft_8'.
Command       create_rtl_model done; 0.591 sec.
INFO: [HLS 200-111] Finished Creating RTL model: CPU user time: 0 seconds. CPU system time: 0 seconds. Elapsed time: 0.812 seconds; current allocated memory: 143.188 MB.
Execute       source D:/mayur/PG/SoCD_lab/FFT/FFT/solution1/.autopilot/db/dit_fft_8.rtl_wrap.cfg.tcl 
Execute       gen_rtl dit_fft_8 -istop -style xilinx -f -lang vhdl -o D:/mayur/PG/SoCD_lab/FFT/FFT/solution1/syn/vhdl/dit_fft_8 
Command       gen_rtl done; 0.361 sec.
Execute       gen_rtl dit_fft_8 -istop -style xilinx -f -lang vlog -o D:/mayur/PG/SoCD_lab/FFT/FFT/solution1/syn/verilog/dit_fft_8 
Command       gen_rtl done; 0.155 sec.
Execute       syn_report -csynth -model dit_fft_8 -o D:/mayur/PG/SoCD_lab/FFT/FFT/solution1/syn/report/dit_fft_8_csynth.rpt 
Execute         list_part -family xc7z020-clg484-1 
Execute           ap_family_info -name xc7z020-clg484-1 -data names 
Execute           ap_part_info -quiet -name xc7z020-clg484-1 -data family 
Execute       syn_report -rtlxml -model dit_fft_8 -o D:/mayur/PG/SoCD_lab/FFT/FFT/solution1/syn/report/dit_fft_8_csynth.xml 
Execute         list_part -family xc7z020-clg484-1 
Execute           ap_family_info -name xc7z020-clg484-1 -data names 
Execute           ap_part_info -quiet -name xc7z020-clg484-1 -data family 
Execute       syn_report -verbosereport -model dit_fft_8 -o D:/mayur/PG/SoCD_lab/FFT/FFT/solution1/.autopilot/db/dit_fft_8.verbose.rpt 
Execute         list_part -family xc7z020-clg484-1 
Execute           ap_family_info -name xc7z020-clg484-1 -data names 
Execute           ap_part_info -quiet -name xc7z020-clg484-1 -data family 
Command       syn_report done; 0.365 sec.
Execute       db_write -model dit_fft_8 -f -o D:/mayur/PG/SoCD_lab/FFT/FFT/solution1/.autopilot/db/dit_fft_8.adb 
Command       db_write done; 0.448 sec.
Execute       db_write -model dit_fft_8 -bindview -o D:/mayur/PG/SoCD_lab/FFT/FFT/solution1/.autopilot/db/design.bindinfo.xml 
Execute       gen_tb_info dit_fft_8 -p D:/mayur/PG/SoCD_lab/FFT/FFT/solution1/.autopilot/db -o D:/mayur/PG/SoCD_lab/FFT/FFT/solution1/.autopilot/db/dit_fft_8 
Execute       export_constraint_db -f -tool general -o D:/mayur/PG/SoCD_lab/FFT/FFT/solution1/.autopilot/db/dit_fft_8.constraint.tcl 
Execute       syn_report -designview -model dit_fft_8 -o D:/mayur/PG/SoCD_lab/FFT/FFT/solution1/.autopilot/db/dit_fft_8.design.xml 
Execute       syn_report -csynthDesign -model dit_fft_8 -o D:/mayur/PG/SoCD_lab/FFT/FFT/solution1/syn/report/csynth.rpt -MHOut D:/mayur/PG/SoCD_lab/FFT/FFT/solution1/.autopilot/db/kernel_module_hierarchy.tcl 
Execute         list_part -family xc7z020-clg484-1 
Execute           ap_family_info -name xc7z020-clg484-1 -data names 
Execute           ap_part_info -quiet -name xc7z020-clg484-1 -data family 
Execute       syn_report -wcfg -model dit_fft_8 -o D:/mayur/PG/SoCD_lab/FFT/FFT/solution1/.autopilot/db/dit_fft_8_dataflow_ana.wcfg 
Execute       syn_report -protoinst -model dit_fft_8 -o D:/mayur/PG/SoCD_lab/FFT/FFT/solution1/.autopilot/db/dit_fft_8.protoinst 
Execute       sc_get_clocks dit_fft_8 
Execute       sc_get_portdomain dit_fft_8 
INFO-FLOW: Model list for RTL component generation: dit_fft_8
INFO-FLOW: Handling components in module [dit_fft_8] ... 
Execute       source D:/mayur/PG/SoCD_lab/FFT/FFT/solution1/.autopilot/db/dit_fft_8.compgen.tcl 
INFO-FLOW: Found component dit_fft_8_mul_16s_13s_29_1_1.
INFO-FLOW: Append model dit_fft_8_mul_16s_13s_29_1_1
INFO-FLOW: Found component dit_fft_8_mul_16s_13ns_29_1_1.
INFO-FLOW: Append model dit_fft_8_mul_16s_13ns_29_1_1
INFO-FLOW: Found component dit_fft_8_mul_12s_12ns_12_1_1.
INFO-FLOW: Append model dit_fft_8_mul_12s_12ns_12_1_1
INFO-FLOW: Found component dit_fft_8_am_addmul_16s_16s_12ns_29_4_1.
INFO-FLOW: Append model dit_fft_8_am_addmul_16s_16s_12ns_29_4_1
INFO-FLOW: Found component dit_fft_8_am_submul_16s_16s_13s_29_4_1.
INFO-FLOW: Append model dit_fft_8_am_submul_16s_16s_13s_29_4_1
INFO-FLOW: Found component dit_fft_8_am_addmul_16s_16s_13s_29_4_1.
INFO-FLOW: Append model dit_fft_8_am_addmul_16s_16s_13s_29_4_1
INFO-FLOW: Append model dit_fft_8
INFO-FLOW: Generating RTL model list ...
INFO-FLOW: All models in this session: dit_fft_8_mul_16s_13s_29_1_1 dit_fft_8_mul_16s_13ns_29_1_1 dit_fft_8_mul_12s_12ns_12_1_1 dit_fft_8_am_addmul_16s_16s_12ns_29_4_1 dit_fft_8_am_submul_16s_16s_13s_29_4_1 dit_fft_8_am_addmul_16s_16s_13s_29_4_1 dit_fft_8
INFO-FLOW: Generating D:/mayur/PG/SoCD_lab/FFT/FFT/solution1/.autopilot/db/autopilot.rtl.models.txt file...
INFO-FLOW: To file: write model dit_fft_8_mul_16s_13s_29_1_1
INFO-FLOW: To file: write model dit_fft_8_mul_16s_13ns_29_1_1
INFO-FLOW: To file: write model dit_fft_8_mul_12s_12ns_12_1_1
INFO-FLOW: To file: write model dit_fft_8_am_addmul_16s_16s_12ns_29_4_1
INFO-FLOW: To file: write model dit_fft_8_am_submul_16s_16s_13s_29_4_1
INFO-FLOW: To file: write model dit_fft_8_am_addmul_16s_16s_13s_29_4_1
INFO-FLOW: To file: write model dit_fft_8
INFO-FLOW: Generating D:/mayur/PG/SoCD_lab/FFT/FFT/solution1/.autopilot/db/autopilot.rtl.models.tcl file...
INFO-FLOW: Finished generating RTL model list.


INFO-FLOW: RTL Generation done.
INFO-FLOW: CAS Generation done.
INFO-FLOW: CBC Generation done.
INFO-FLOW: DBG:PROC: ::AESL_AUTOMG::auto_generate_csynth_design
INFO-FLOW: DBG:PUTS: read_platform_lib D:/mayur/PG/SoCD_lab/FFT/FFT/solution1/.autopilot/db/global.setting.tcl
Execute       source C:/Xilinx/Vitis_HLS/2023.1/common/technology/generic/autopilot/common.gen 
Execute         source C:/Xilinx/Vitis_HLS/2023.1/common/technology/generic/autopilot/APCoreGen.gen 
Execute       source C:/Xilinx/Vitis_HLS/2023.1/common/technology/generic/autopilot/op.gen 
Execute       source C:/Xilinx/Vitis_HLS/2023.1/common/technology/generic/autopilot/op_simcore.gen 
Execute       source C:/Xilinx/Vitis_HLS/2023.1/common/technology/generic/autopilot/interface.gen 
Execute       source D:/mayur/PG/SoCD_lab/FFT/FFT/solution1/.autopilot/db/global.setting.tcl 
Execute       source C:/Xilinx/Vitis_HLS/2023.1/common/technology/xilinx/common/xilinx.gen 
Execute         source C:/Xilinx/Vitis_HLS/2023.1/common/technology/xilinx/interface/plb46.gen 
Execute         source C:/Xilinx/Vitis_HLS/2023.1/common/technology/xilinx/interface/axi4.gen 
Execute         source C:/Xilinx/Vitis_HLS/2023.1/common/technology/xilinx/interface/nativeAXI4.gen 
Execute           source C:/Xilinx/Vitis_HLS/2023.1/common/technology/xilinx/interface/saxilite.gen 
Execute         source C:/Xilinx/Vitis_HLS/2023.1/common/technology/xilinx/scripts/xilinxcoregen.gen 
Execute         source C:/Xilinx/Vitis_HLS/2023.1/common/technology/xilinx/interface/XilEDKCoreGen.gen 
Execute         source C:/Xilinx/Vitis_HLS/2023.1/common/technology/xilinx/ip/dds_compiler.gen 
Execute         source C:/Xilinx/Vitis_HLS/2023.1/common/technology/xilinx/ip/util.gen 
Execute         source C:/Xilinx/Vitis_HLS/2023.1/common/technology/xilinx/ip/xfft.gen 
Execute         source C:/Xilinx/Vitis_HLS/2023.1/common/technology/xilinx/ip/xfir.gen 
Execute         source C:/Xilinx/Vitis_HLS/2023.1/common/technology/xilinx/DSP48/dsp48.gen 
INFO-FLOW: DBG:PUTS:   using AESL_AUTOCG::g_clock_period=10.000 (was NA)
INFO-FLOW: DBG:PROC: ::AESL_AUTOMG::generate_ip_cores gen_sim_model='1' gen_fp_models='0' gen_for_export='0' dstSCDir='' dstVhdlDir='D:/mayur/PG/SoCD_lab/FFT/FFT/solution1/.autopilot/db/vhdl' dstVlogDir='D:/mayur/PG/SoCD_lab/FFT/FFT/solution1/.autopilot/db/vlog' tclDir='D:/mayur/PG/SoCD_lab/FFT/FFT/solution1/.autopilot/db' modelList='dit_fft_8_mul_16s_13s_29_1_1
dit_fft_8_mul_16s_13ns_29_1_1
dit_fft_8_mul_12s_12ns_12_1_1
dit_fft_8_am_addmul_16s_16s_12ns_29_4_1
dit_fft_8_am_submul_16s_16s_13s_29_4_1
dit_fft_8_am_addmul_16s_16s_13s_29_4_1
dit_fft_8
' expOnly='0'
Execute       source D:/mayur/PG/SoCD_lab/FFT/FFT/solution1/.autopilot/db/global.setting.tcl 
Execute       ap_part_info -name xc7z020-clg484-1 -data names -quiet 
Execute       ap_part_info -name xc7z020-clg484-1 -data info -quiet 
Execute       source D:/mayur/PG/SoCD_lab/FFT/FFT/solution1/.autopilot/db/global.setting.tcl 
Execute       source D:/mayur/PG/SoCD_lab/FFT/FFT/solution1/.autopilot/db/global.setting.tcl 
Execute       source D:/mayur/PG/SoCD_lab/FFT/FFT/solution1/.autopilot/db/dit_fft_8.compgen.tcl 
Execute         ap_part_info -name xc7z020-clg484-1 -data names -quiet 
Execute         ap_part_info -name xc7z020-clg484-1 -data info -quiet 
Execute         ap_part_info -name xc7z020-clg484-1 -data info 
Execute         ap_part_info -name xc7z020-clg484-1 -data names -quiet 
Execute         ap_part_info -name xc7z020-clg484-1 -data info -quiet 
Execute         ap_part_info -name xc7z020-clg484-1 -data info 
Execute         ap_part_info -name xc7z020-clg484-1 -data names -quiet 
Execute         ap_part_info -name xc7z020-clg484-1 -data info -quiet 
Execute         ap_part_info -name xc7z020-clg484-1 -data info 
INFO: [HLS 200-111] Finished Generating all RTL models: CPU user time: 2 seconds. CPU system time: 1 seconds. Elapsed time: 2.751 seconds; current allocated memory: 161.234 MB.
INFO-FLOW: DBG:PROC: ::HLSREPORTS::create_csynth_xml bind_info_var='bind_info' RtlSubPrefix='dit_fft_8_' outfile=''
INFO-FLOW: Running: create_csynth_xml read xml data
INFO-FLOW: Done: create_csynth_xml read xml data time: 0 seconds per iteration
INFO-FLOW: Running: create_csynth_xml bind info
INFO-FLOW: Done: create_csynth_xml bind info time: 0 seconds per iteration
INFO-FLOW: Running: create_csynth_xml config info
INFO-FLOW: Done: create_csynth_xml config info time: 0.3 seconds per iteration
INFO-FLOW: Running: create_csynth_xml write xml
INFO-FLOW: Done: create_csynth_xml write xml time: 0 seconds per iteration
INFO-FLOW: DBG:PUTS:      create_csynth_xml wrote csynth_xml=D:/mayur/PG/SoCD_lab/FFT/FFT/solution1/syn/report/csynth.xml
INFO-FLOW: DBG:PROC: ::AP::DESIGN_DATA::generate_json generate_bd_files='0' generate_xo_files='0' modelList='dit_fft_8_mul_16s_13s_29_1_1
dit_fft_8_mul_16s_13ns_29_1_1
dit_fft_8_mul_12s_12ns_12_1_1
dit_fft_8_am_addmul_16s_16s_12ns_29_4_1
dit_fft_8_am_submul_16s_16s_13s_29_4_1
dit_fft_8_am_addmul_16s_16s_13s_29_4_1
dit_fft_8
' rtl_lang='both' bootstrap_tcl='false' outdir='' outfilename=''
Execute       source D:/mayur/PG/SoCD_lab/FFT/FFT/solution1/.autopilot/db/global.setting.tcl 
Execute       source D:/mayur/PG/SoCD_lab/FFT/FFT/solution1/.autopilot/db/global.setting.tcl 
Execute       source D:/mayur/PG/SoCD_lab/FFT/FFT/solution1/.autopilot/db/top-io-be.tcl 
Execute       source D:/mayur/PG/SoCD_lab/FFT/FFT/solution1/.autopilot/db/dit_fft_8.tbgen.tcl 
Execute       source D:/mayur/PG/SoCD_lab/FFT/FFT/solution1/.autopilot/db/dit_fft_8.rtl_wrap.cfg.tcl 
Execute       source D:/mayur/PG/SoCD_lab/FFT/FFT/solution1/.autopilot/db/dit_fft_8.compgen.dataonly.tcl 
Execute       source D:/mayur/PG/SoCD_lab/FFT/FFT/solution1/.autopilot/db/dit_fft_8.tbgen.tcl 
Execute       source D:/mayur/PG/SoCD_lab/FFT/FFT/solution1/.autopilot/db/global.setting.tcl 
Execute       ap_part_info -name xc7z020-clg484-1 -data names -quiet 
Execute       ap_part_info -name xc7z020-clg484-1 -data info -quiet 
Execute       source D:/mayur/PG/SoCD_lab/FFT/FFT/solution1/.autopilot/db/dit_fft_8.constraint.tcl 
Execute       sc_get_clocks dit_fft_8 
Execute       source D:/mayur/PG/SoCD_lab/FFT/FFT/solution1/.autopilot/db/global.setting.tcl 
INFO-FLOW: DBG:PROC: ::HLSREPORTS::add_csynth_report_sections bind_info_dict='adapter_nodes {} report_dict {TOPINST dit_fft_8 MODULE2INSTS {dit_fft_8 dit_fft_8} INST2MODULE {dit_fft_8 dit_fft_8} INSTDATA {dit_fft_8 {DEPTH 1 CHILDREN {}}} MODULEDATA {dit_fft_8 {BINDINFO {{BINDTYPE op ID {} IMPL fabric LATENCY 0 OPTYPE add PRAGMA {} RTLNAME add_ln11_fu_2950_p2 SOURCE fft8.cpp:11 VARIABLE add_ln11 LOOP {} BUNDLEDNAME {} DSP 0 BRAM 0 URAM 0 DISPNAME {bind_op add}} {BINDTYPE op ID {} IMPL fabric LATENCY 0 OPTYPE add PRAGMA {} RTLNAME add_ln11_24_fu_2964_p2 SOURCE fft8.cpp:11 VARIABLE add_ln11_24 LOOP {} BUNDLEDNAME {} DSP 0 BRAM 0 URAM 0 DISPNAME {bind_op add}} {BINDTYPE op ID {} IMPL fabric LATENCY 0 OPTYPE add PRAGMA {} RTLNAME add_ln11_1_fu_1854_p2 SOURCE fft8.cpp:11 VARIABLE add_ln11_1 LOOP {} BUNDLEDNAME {} DSP 0 BRAM 0 URAM 0 DISPNAME {bind_op add}} {BINDTYPE op ID {} IMPL fabric LATENCY 0 OPTYPE add PRAGMA {} RTLNAME add_ln11_25_fu_1868_p2 SOURCE fft8.cpp:11 VARIABLE add_ln11_25 LOOP {} BUNDLEDNAME {} DSP 0 BRAM 0 URAM 0 DISPNAME {bind_op add}} {BINDTYPE op ID {} IMPL fabric LATENCY 0 OPTYPE sub PRAGMA {} RTLNAME sub_ln12_fu_3010_p2 SOURCE fft8.cpp:12 VARIABLE sub_ln12 LOOP {} BUNDLEDNAME {} DSP 0 BRAM 0 URAM 0 DISPNAME {bind_op sub}} {BINDTYPE op ID {} IMPL fabric LATENCY 0 OPTYPE sub PRAGMA {} RTLNAME sub_ln12_1_fu_1914_p2 SOURCE fft8.cpp:12 VARIABLE sub_ln12_1 LOOP {} BUNDLEDNAME {} DSP 0 BRAM 0 URAM 0 DISPNAME {bind_op sub}} {BINDTYPE op ID {} IMPL fabric LATENCY 0 OPTYPE add PRAGMA {} RTLNAME add_ln11_2_fu_936_p2 SOURCE fft8.cpp:11 VARIABLE add_ln11_2 LOOP {} BUNDLEDNAME {} DSP 0 BRAM 0 URAM 0 DISPNAME {bind_op add}} {BINDTYPE op ID {} IMPL fabric LATENCY 0 OPTYPE add PRAGMA {} RTLNAME add_ln11_26_fu_950_p2 SOURCE fft8.cpp:11 VARIABLE add_ln11_26 LOOP {} BUNDLEDNAME {} DSP 0 BRAM 0 URAM 0 DISPNAME {bind_op add}} {BINDTYPE op ID {} IMPL fabric LATENCY 0 OPTYPE add PRAGMA {} RTLNAME add_ln11_3_fu_2443_p2 SOURCE fft8.cpp:11 VARIABLE add_ln11_3 LOOP {} BUNDLEDNAME {} DSP 0 BRAM 0 URAM 0 DISPNAME {bind_op add}} {BINDTYPE op ID {} IMPL fabric LATENCY 0 OPTYPE add PRAGMA {} RTLNAME add_ln11_27_fu_2457_p2 SOURCE fft8.cpp:11 VARIABLE add_ln11_27 LOOP {} BUNDLEDNAME {} DSP 0 BRAM 0 URAM 0 DISPNAME {bind_op add}} {BINDTYPE op ID {} IMPL fabric LATENCY 0 OPTYPE sub PRAGMA {} RTLNAME sub_ln12_2_fu_996_p2 SOURCE fft8.cpp:12 VARIABLE sub_ln12_2 LOOP {} BUNDLEDNAME {} DSP 0 BRAM 0 URAM 0 DISPNAME {bind_op sub}} {BINDTYPE op ID {} IMPL fabric LATENCY 0 OPTYPE sub PRAGMA {} RTLNAME sub_ln12_3_fu_2503_p2 SOURCE fft8.cpp:12 VARIABLE sub_ln12_3 LOOP {} BUNDLEDNAME {} DSP 0 BRAM 0 URAM 0 DISPNAME {bind_op sub}} {BINDTYPE op ID {} IMPL fabric LATENCY 0 OPTYPE add PRAGMA {} RTLNAME add_ln11_4_fu_1046_p2 SOURCE fft8.cpp:11 VARIABLE add_ln11_4 LOOP {} BUNDLEDNAME {} DSP 0 BRAM 0 URAM 0 DISPNAME {bind_op add}} {BINDTYPE op ID {} IMPL fabric LATENCY 0 OPTYPE add PRAGMA {} RTLNAME add_ln11_28_fu_1060_p2 SOURCE fft8.cpp:11 VARIABLE add_ln11_28 LOOP {} BUNDLEDNAME {} DSP 0 BRAM 0 URAM 0 DISPNAME {bind_op add}} {BINDTYPE op ID {} IMPL fabric LATENCY 0 OPTYPE add PRAGMA {} RTLNAME add_ln11_5_fu_1112_p2 SOURCE fft8.cpp:11 VARIABLE add_ln11_5 LOOP {} BUNDLEDNAME {} DSP 0 BRAM 0 URAM 0 DISPNAME {bind_op add}} {BINDTYPE op ID {} IMPL fabric LATENCY 0 OPTYPE add PRAGMA {} RTLNAME add_ln11_29_fu_1126_p2 SOURCE fft8.cpp:11 VARIABLE add_ln11_29 LOOP {} BUNDLEDNAME {} DSP 0 BRAM 0 URAM 0 DISPNAME {bind_op add}} {BINDTYPE op ID {} IMPL fabric LATENCY 0 OPTYPE sub PRAGMA {} RTLNAME sub_ln12_4_fu_1172_p2 SOURCE fft8.cpp:12 VARIABLE sub_ln12_4 LOOP {} BUNDLEDNAME {} DSP 0 BRAM 0 URAM 0 DISPNAME {bind_op sub}} {BINDTYPE op ID {} IMPL fabric LATENCY 0 OPTYPE sub PRAGMA {} RTLNAME sub_ln12_5_fu_1232_p2 SOURCE fft8.cpp:12 VARIABLE sub_ln12_5 LOOP {} BUNDLEDNAME {} DSP 0 BRAM 0 URAM 0 DISPNAME {bind_op sub}} {BINDTYPE op ID {} IMPL fabric LATENCY 0 OPTYPE add PRAGMA {} RTLNAME add_ln11_6_fu_1298_p2 SOURCE fft8.cpp:11 VARIABLE add_ln11_6 LOOP {} BUNDLEDNAME {} DSP 0 BRAM 0 URAM 0 DISPNAME {bind_op add}} {BINDTYPE op ID {} IMPL fabric LATENCY 0 OPTYPE add PRAGMA {} RTLNAME add_ln11_30_fu_1312_p2 SOURCE fft8.cpp:11 VARIABLE add_ln11_30 LOOP {} BUNDLEDNAME {} DSP 0 BRAM 0 URAM 0 DISPNAME {bind_op add}} {BINDTYPE op ID {} IMPL fabric LATENCY 0 OPTYPE add PRAGMA {} RTLNAME add_ln11_7_fu_736_p2 SOURCE fft8.cpp:11 VARIABLE add_ln11_7 LOOP {} BUNDLEDNAME {} DSP 0 BRAM 0 URAM 0 DISPNAME {bind_op add}} {BINDTYPE op ID {} IMPL fabric LATENCY 0 OPTYPE add PRAGMA {} RTLNAME add_ln11_31_fu_750_p2 SOURCE fft8.cpp:11 VARIABLE add_ln11_31 LOOP {} BUNDLEDNAME {} DSP 0 BRAM 0 URAM 0 DISPNAME {bind_op add}} {BINDTYPE op ID {} IMPL fabric LATENCY 0 OPTYPE sub PRAGMA {} RTLNAME sub_ln12_6_fu_1358_p2 SOURCE fft8.cpp:12 VARIABLE sub_ln12_6 LOOP {} BUNDLEDNAME {} DSP 0 BRAM 0 URAM 0 DISPNAME {bind_op sub}} {BINDTYPE op ID {} IMPL fabric LATENCY 0 OPTYPE sub PRAGMA {} RTLNAME sub_ln12_7_fu_798_p2 SOURCE fft8.cpp:12 VARIABLE sub_ln12_7 LOOP {} BUNDLEDNAME {} DSP 0 BRAM 0 URAM 0 DISPNAME {bind_op sub}} {BINDTYPE op ID {} IMPL fabric LATENCY 0 OPTYPE add PRAGMA {} RTLNAME add_ln11_8_fu_4164_p2 SOURCE fft8.cpp:11 VARIABLE add_ln11_8 LOOP {} BUNDLEDNAME {} DSP 0 BRAM 0 URAM 0 DISPNAME {bind_op add}} {BINDTYPE op ID {} IMPL fabric LATENCY 0 OPTYPE add PRAGMA {} RTLNAME add_ln11_32_fu_4178_p2 SOURCE fft8.cpp:11 VARIABLE add_ln11_32 LOOP {} BUNDLEDNAME {} DSP 0 BRAM 0 URAM 0 DISPNAME {bind_op add}} {BINDTYPE op ID {} IMPL fabric LATENCY 0 OPTYPE add PRAGMA {} RTLNAME add_ln11_9_fu_4230_p2 SOURCE fft8.cpp:11 VARIABLE add_ln11_9 LOOP {} BUNDLEDNAME {} DSP 0 BRAM 0 URAM 0 DISPNAME {bind_op add}} {BINDTYPE op ID {} IMPL fabric LATENCY 0 OPTYPE add PRAGMA {} RTLNAME add_ln11_33_fu_4244_p2 SOURCE fft8.cpp:11 VARIABLE add_ln11_33 LOOP {} BUNDLEDNAME {} DSP 0 BRAM 0 URAM 0 DISPNAME {bind_op add}} {BINDTYPE op ID {} IMPL fabric LATENCY 0 OPTYPE sub PRAGMA {} RTLNAME sub_ln12_8_fu_4290_p2 SOURCE fft8.cpp:12 VARIABLE sub_ln12_8 LOOP {} BUNDLEDNAME {} DSP 0 BRAM 0 URAM 0 DISPNAME {bind_op sub}} {BINDTYPE op ID {} IMPL fabric LATENCY 0 OPTYPE sub PRAGMA {} RTLNAME sub_ln12_9_fu_4350_p2 SOURCE fft8.cpp:12 VARIABLE sub_ln12_9 LOOP {} BUNDLEDNAME {} DSP 0 BRAM 0 URAM 0 DISPNAME {bind_op sub}} {BINDTYPE op ID {} IMPL fabric LATENCY 0 OPTYPE sub PRAGMA {} RTLNAME sub_ln8_fu_2625_p2 SOURCE fft8.cpp:8 VARIABLE sub_ln8 LOOP {} BUNDLEDNAME {} DSP 0 BRAM 0 URAM 0 DISPNAME {bind_op sub}} {BINDTYPE op ID {} IMPL fabric LATENCY 0 OPTYPE sub PRAGMA {} RTLNAME sub_ln8_1_fu_3070_p2 SOURCE fft8.cpp:8 VARIABLE sub_ln8_1 LOOP {} BUNDLEDNAME {} DSP 0 BRAM 0 URAM 0 DISPNAME {bind_op sub}} {BINDTYPE op ID {} IMPL fabric LATENCY 0 OPTYPE sub PRAGMA {} RTLNAME sub_ln9_fu_1480_p2 SOURCE fft8.cpp:9 VARIABLE sub_ln9 LOOP {} BUNDLEDNAME {} DSP 0 BRAM 0 URAM 0 DISPNAME {bind_op sub}} {BINDTYPE op ID {} IMPL fabric LATENCY 0 OPTYPE add PRAGMA {} RTLNAME add_ln11_10_fu_4416_p2 SOURCE fft8.cpp:11 VARIABLE add_ln11_10 LOOP {} BUNDLEDNAME {} DSP 0 BRAM 0 URAM 0 DISPNAME {bind_op add}} {BINDTYPE op ID {} IMPL fabric LATENCY 0 OPTYPE add PRAGMA {} RTLNAME add_ln11_34_fu_4430_p2 SOURCE fft8.cpp:11 VARIABLE add_ln11_34 LOOP {} BUNDLEDNAME {} DSP 0 BRAM 0 URAM 0 DISPNAME {bind_op add}} {BINDTYPE op ID {} IMPL fabric LATENCY 0 OPTYPE add PRAGMA {} RTLNAME add_ln11_11_fu_1981_p2 SOURCE fft8.cpp:11 VARIABLE add_ln11_11 LOOP {} BUNDLEDNAME {} DSP 0 BRAM 0 URAM 0 DISPNAME {bind_op add}} {BINDTYPE op ID {} IMPL fabric LATENCY 0 OPTYPE add PRAGMA {} RTLNAME add_ln11_35_fu_1995_p2 SOURCE fft8.cpp:11 VARIABLE add_ln11_35 LOOP {} BUNDLEDNAME {} DSP 0 BRAM 0 URAM 0 DISPNAME {bind_op add}} {BINDTYPE op ID {} IMPL fabric LATENCY 0 OPTYPE sub PRAGMA {} RTLNAME sub_ln12_10_fu_4476_p2 SOURCE fft8.cpp:12 VARIABLE sub_ln12_10 LOOP {} BUNDLEDNAME {} DSP 0 BRAM 0 URAM 0 DISPNAME {bind_op sub}} {BINDTYPE op ID {} IMPL fabric LATENCY 0 OPTYPE sub PRAGMA {} RTLNAME sub_ln12_11_fu_2042_p2 SOURCE fft8.cpp:12 VARIABLE sub_ln12_11 LOOP {} BUNDLEDNAME {} DSP 0 BRAM 0 URAM 0 DISPNAME {bind_op sub}} {BINDTYPE op ID {} IMPL fabric LATENCY 0 OPTYPE add PRAGMA {} RTLNAME add_ln11_12_fu_3163_p2 SOURCE fft8.cpp:11 VARIABLE add_ln11_12 LOOP {} BUNDLEDNAME {} DSP 0 BRAM 0 URAM 0 DISPNAME {bind_op add}} {BINDTYPE op ID {} IMPL fabric LATENCY 0 OPTYPE add PRAGMA {} RTLNAME add_ln11_36_fu_3177_p2 SOURCE fft8.cpp:11 VARIABLE add_ln11_36 LOOP {} BUNDLEDNAME {} DSP 0 BRAM 0 URAM 0 DISPNAME {bind_op add}} {BINDTYPE op ID {} IMPL fabric LATENCY 0 OPTYPE add PRAGMA {} RTLNAME add_ln11_13_fu_2647_p2 SOURCE fft8.cpp:11 VARIABLE add_ln11_13 LOOP {} BUNDLEDNAME {} DSP 0 BRAM 0 URAM 0 DISPNAME {bind_op add}} {BINDTYPE op ID {} IMPL fabric LATENCY 0 OPTYPE add PRAGMA {} RTLNAME add_ln11_37_fu_2661_p2 SOURCE fft8.cpp:11 VARIABLE add_ln11_37 LOOP {} BUNDLEDNAME {} DSP 0 BRAM 0 URAM 0 DISPNAME {bind_op add}} {BINDTYPE op ID {} IMPL fabric LATENCY 0 OPTYPE sub PRAGMA {} RTLNAME sub_ln12_12_fu_3223_p2 SOURCE fft8.cpp:12 VARIABLE sub_ln12_12 LOOP {} BUNDLEDNAME {} DSP 0 BRAM 0 URAM 0 DISPNAME {bind_op sub}} {BINDTYPE op ID {} IMPL fabric LATENCY 0 OPTYPE sub PRAGMA {} RTLNAME sub_ln12_13_fu_2707_p2 SOURCE fft8.cpp:12 VARIABLE sub_ln12_13 LOOP {} BUNDLEDNAME {} DSP 0 BRAM 0 URAM 0 DISPNAME {bind_op sub}} {BINDTYPE op ID {} IMPL fabric LATENCY 0 OPTYPE sub PRAGMA {} RTLNAME sub_ln8_2_fu_920_p2 SOURCE fft8.cpp:8 VARIABLE sub_ln8_2 LOOP {} BUNDLEDNAME {} DSP 0 BRAM 0 URAM 0 DISPNAME {bind_op sub}} {BINDTYPE op ID {} IMPL fabric LATENCY 0 OPTYPE sub PRAGMA {} RTLNAME sub_ln8_3_fu_1628_p2 SOURCE fft8.cpp:8 VARIABLE sub_ln8_3 LOOP {} BUNDLEDNAME {} DSP 0 BRAM 0 URAM 0 DISPNAME {bind_op sub}} {BINDTYPE op ID {} IMPL fabric LATENCY 0 OPTYPE sub PRAGMA {} RTLNAME sub_ln9_1_fu_1750_p2 SOURCE fft8.cpp:9 VARIABLE sub_ln9_1 LOOP {} BUNDLEDNAME {} DSP 0 BRAM 0 URAM 0 DISPNAME {bind_op sub}} {BINDTYPE op ID {} IMPL fabric LATENCY 0 OPTYPE add PRAGMA {} RTLNAME add_ln11_14_fu_2108_p2 SOURCE fft8.cpp:11 VARIABLE add_ln11_14 LOOP {} BUNDLEDNAME {} DSP 0 BRAM 0 URAM 0 DISPNAME {bind_op add}} {BINDTYPE op ID {} IMPL fabric LATENCY 0 OPTYPE add PRAGMA {} RTLNAME add_ln11_38_fu_2122_p2 SOURCE fft8.cpp:11 VARIABLE add_ln11_38 LOOP {} BUNDLEDNAME {} DSP 0 BRAM 0 URAM 0 DISPNAME {bind_op add}} {BINDTYPE op ID {} IMPL fabric LATENCY 0 OPTYPE add PRAGMA {} RTLNAME add_ln11_15_fu_2174_p2 SOURCE fft8.cpp:11 VARIABLE add_ln11_15 LOOP {} BUNDLEDNAME {} DSP 0 BRAM 0 URAM 0 DISPNAME {bind_op add}} {BINDTYPE op ID {} IMPL fabric LATENCY 0 OPTYPE add PRAGMA {} RTLNAME add_ln11_39_fu_2188_p2 SOURCE fft8.cpp:11 VARIABLE add_ln11_39 LOOP {} BUNDLEDNAME {} DSP 0 BRAM 0 URAM 0 DISPNAME {bind_op add}} {BINDTYPE op ID {} IMPL fabric LATENCY 0 OPTYPE sub PRAGMA {} RTLNAME sub_ln12_14_fu_2234_p2 SOURCE fft8.cpp:12 VARIABLE sub_ln12_14 LOOP {} BUNDLEDNAME {} DSP 0 BRAM 0 URAM 0 DISPNAME {bind_op sub}} {BINDTYPE op ID {} IMPL fabric LATENCY 0 OPTYPE sub PRAGMA {} RTLNAME sub_ln12_15_fu_2294_p2 SOURCE fft8.cpp:12 VARIABLE sub_ln12_15 LOOP {} BUNDLEDNAME {} DSP 0 BRAM 0 URAM 0 DISPNAME {bind_op sub}} {BINDTYPE op ID {} IMPL fabric LATENCY 0 OPTYPE add PRAGMA {} RTLNAME add_ln11_16_fu_4543_p2 SOURCE fft8.cpp:11 VARIABLE add_ln11_16 LOOP {} BUNDLEDNAME {} DSP 0 BRAM 0 URAM 0 DISPNAME {bind_op add}} {BINDTYPE op ID {} IMPL fabric LATENCY 0 OPTYPE add PRAGMA {} RTLNAME add_ln11_40_fu_4557_p2 SOURCE fft8.cpp:11 VARIABLE add_ln11_40 LOOP {} BUNDLEDNAME {} DSP 0 BRAM 0 URAM 0 DISPNAME {bind_op add}} {BINDTYPE op ID {} IMPL fabric LATENCY 0 OPTYPE add PRAGMA {} RTLNAME add_ln11_17_fu_4611_p2 SOURCE fft8.cpp:11 VARIABLE add_ln11_17 LOOP {} BUNDLEDNAME {} DSP 0 BRAM 0 URAM 0 DISPNAME {bind_op add}} {BINDTYPE op ID {} IMPL fabric LATENCY 0 OPTYPE add PRAGMA {} RTLNAME add_ln11_41_fu_4625_p2 SOURCE fft8.cpp:11 VARIABLE add_ln11_41 LOOP {} BUNDLEDNAME {} DSP 0 BRAM 0 URAM 0 DISPNAME {bind_op add}} {BINDTYPE op ID {} IMPL fabric LATENCY 0 OPTYPE sub PRAGMA {} RTLNAME sub_ln12_16_fu_4681_p2 SOURCE fft8.cpp:12 VARIABLE sub_ln12_16 LOOP {} BUNDLEDNAME {} DSP 0 BRAM 0 URAM 0 DISPNAME {bind_op sub}} {BINDTYPE op ID {} IMPL fabric LATENCY 0 OPTYPE sub PRAGMA {} RTLNAME sub_ln12_17_fu_4741_p2 SOURCE fft8.cpp:12 VARIABLE sub_ln12_17 LOOP {} BUNDLEDNAME {} DSP 0 BRAM 0 URAM 0 DISPNAME {bind_op sub}} {BINDTYPE op ID {} IMPL dsp48 LATENCY 3 OPTYPE add PRAGMA {} RTLNAME am_addmul_16s_16s_12ns_29_4_1_U4 SOURCE fft8.cpp:8 VARIABLE add_ln8 LOOP {} BUNDLEDNAME {} DSP 1 BRAM 0 URAM 0 DISPNAME {bind_op add}} {BINDTYPE op ID {} IMPL dsp48 LATENCY 3 OPTYPE mul PRAGMA {} RTLNAME am_addmul_16s_16s_12ns_29_4_1_U4 SOURCE fft8.cpp:8 VARIABLE mul_ln8 LOOP {} BUNDLEDNAME {} DSP 1 BRAM 0 URAM 0 DISPNAME {bind_op mul}} {BINDTYPE op ID {} IMPL fabric LATENCY 0 OPTYPE add PRAGMA {} RTLNAME tr_19_fu_3351_p2 SOURCE fft8.cpp:8 VARIABLE tr_19 LOOP {} BUNDLEDNAME {} DSP 0 BRAM 0 URAM 0 DISPNAME {bind_op add}} {BINDTYPE op ID {} IMPL auto LATENCY 0 OPTYPE mul PRAGMA {} RTLNAME mul_16s_13s_29_1_1_U1 SOURCE fft8.cpp:9 VARIABLE mul_ln9 LOOP {} BUNDLEDNAME {} DSP 1 BRAM 0 URAM 0 DISPNAME {bind_op mul}} {BINDTYPE op ID {} IMPL auto LATENCY 0 OPTYPE mul PRAGMA {} RTLNAME mul_16s_13ns_29_1_1_U2 SOURCE fft8.cpp:9 VARIABLE mul_ln9_1 LOOP {} BUNDLEDNAME {} DSP 1 BRAM 0 URAM 0 DISPNAME {bind_op mul}} {BINDTYPE op ID {} IMPL fabric LATENCY 0 OPTYPE add PRAGMA {} RTLNAME add_ln9_fu_2801_p2 SOURCE fft8.cpp:9 VARIABLE add_ln9 LOOP {} BUNDLEDNAME {} DSP 0 BRAM 0 URAM 0 DISPNAME {bind_op add}} {BINDTYPE op ID {} IMPL fabric LATENCY 0 OPTYPE add PRAGMA {} RTLNAME add_ln9_1_fu_2410_p2 SOURCE fft8.cpp:9 VARIABLE add_ln9_1 LOOP {} BUNDLEDNAME {} DSP 0 BRAM 0 URAM 0 DISPNAME {bind_op add}} {BINDTYPE op ID {} IMPL fabric LATENCY 0 OPTYPE add PRAGMA {} RTLNAME ti_19_fu_2834_p2 SOURCE fft8.cpp:9 VARIABLE ti_19 LOOP {} BUNDLEDNAME {} DSP 0 BRAM 0 URAM 0 DISPNAME {bind_op add}} {BINDTYPE op ID {} IMPL fabric LATENCY 0 OPTYPE add PRAGMA {} RTLNAME add_ln11_18_fu_4817_p2 SOURCE fft8.cpp:11 VARIABLE add_ln11_18 LOOP {} BUNDLEDNAME {} DSP 0 BRAM 0 URAM 0 DISPNAME {bind_op add}} {BINDTYPE op ID {} IMPL fabric LATENCY 0 OPTYPE add PRAGMA {} RTLNAME add_ln11_42_fu_4831_p2 SOURCE fft8.cpp:11 VARIABLE add_ln11_42 LOOP {} BUNDLEDNAME {} DSP 0 BRAM 0 URAM 0 DISPNAME {bind_op add}} {BINDTYPE op ID {} IMPL fabric LATENCY 0 OPTYPE add PRAGMA {} RTLNAME add_ln11_19_fu_4884_p2 SOURCE fft8.cpp:11 VARIABLE add_ln11_19 LOOP {} BUNDLEDNAME {} DSP 0 BRAM 0 URAM 0 DISPNAME {bind_op add}} {BINDTYPE op ID {} IMPL fabric LATENCY 0 OPTYPE add PRAGMA {} RTLNAME add_ln11_43_fu_4898_p2 SOURCE fft8.cpp:11 VARIABLE add_ln11_43 LOOP {} BUNDLEDNAME {} DSP 0 BRAM 0 URAM 0 DISPNAME {bind_op add}} {BINDTYPE op ID {} IMPL fabric LATENCY 0 OPTYPE sub PRAGMA {} RTLNAME sub_ln12_18_fu_4944_p2 SOURCE fft8.cpp:12 VARIABLE sub_ln12_18 LOOP {} BUNDLEDNAME {} DSP 0 BRAM 0 URAM 0 DISPNAME {bind_op sub}} {BINDTYPE op ID {} IMPL fabric LATENCY 0 OPTYPE sub PRAGMA {} RTLNAME sub_ln12_19_fu_5004_p2 SOURCE fft8.cpp:12 VARIABLE sub_ln12_19 LOOP {} BUNDLEDNAME {} DSP 0 BRAM 0 URAM 0 DISPNAME {bind_op sub}} {BINDTYPE op ID {} IMPL fabric LATENCY 0 OPTYPE sub PRAGMA {} RTLNAME sub_ln8_4_fu_2928_p2 SOURCE fft8.cpp:8 VARIABLE sub_ln8_4 LOOP {} BUNDLEDNAME {} DSP 0 BRAM 0 URAM 0 DISPNAME {bind_op sub}} {BINDTYPE op ID {} IMPL fabric LATENCY 0 OPTYPE sub PRAGMA {} RTLNAME sub_ln8_5_fu_3581_p2 SOURCE fft8.cpp:8 VARIABLE sub_ln8_5 LOOP {} BUNDLEDNAME {} DSP 0 BRAM 0 URAM 0 DISPNAME {bind_op sub}} {BINDTYPE op ID {} IMPL fabric LATENCY 0 OPTYPE sub PRAGMA {} RTLNAME sub_ln9_2_fu_3696_p2 SOURCE fft8.cpp:9 VARIABLE sub_ln9_2 LOOP {} BUNDLEDNAME {} DSP 0 BRAM 0 URAM 0 DISPNAME {bind_op sub}} {BINDTYPE op ID {} IMPL fabric LATENCY 0 OPTYPE add PRAGMA {} RTLNAME add_ln11_20_fu_5071_p2 SOURCE fft8.cpp:11 VARIABLE add_ln11_20 LOOP {} BUNDLEDNAME {} DSP 0 BRAM 0 URAM 0 DISPNAME {bind_op add}} {BINDTYPE op ID {} IMPL fabric LATENCY 0 OPTYPE add PRAGMA {} RTLNAME add_ln11_44_fu_5085_p2 SOURCE fft8.cpp:11 VARIABLE add_ln11_44 LOOP {} BUNDLEDNAME {} DSP 0 BRAM 0 URAM 0 DISPNAME {bind_op add}} {BINDTYPE op ID {} IMPL fabric LATENCY 0 OPTYPE add PRAGMA {} RTLNAME add_ln11_21_fu_5139_p2 SOURCE fft8.cpp:11 VARIABLE add_ln11_21 LOOP {} BUNDLEDNAME {} DSP 0 BRAM 0 URAM 0 DISPNAME {bind_op add}} {BINDTYPE op ID {} IMPL fabric LATENCY 0 OPTYPE add PRAGMA {} RTLNAME add_ln11_45_fu_5153_p2 SOURCE fft8.cpp:11 VARIABLE add_ln11_45 LOOP {} BUNDLEDNAME {} DSP 0 BRAM 0 URAM 0 DISPNAME {bind_op add}} {BINDTYPE op ID {} IMPL fabric LATENCY 0 OPTYPE sub PRAGMA {} RTLNAME sub_ln12_20_fu_5200_p2 SOURCE fft8.cpp:12 VARIABLE sub_ln12_20 LOOP {} BUNDLEDNAME {} DSP 0 BRAM 0 URAM 0 DISPNAME {bind_op sub}} {BINDTYPE op ID {} IMPL fabric LATENCY 0 OPTYPE sub PRAGMA {} RTLNAME sub_ln12_21_fu_5260_p2 SOURCE fft8.cpp:12 VARIABLE sub_ln12_21 LOOP {} BUNDLEDNAME {} DSP 0 BRAM 0 URAM 0 DISPNAME {bind_op sub}} {BINDTYPE op ID {} IMPL dsp48 LATENCY 3 OPTYPE sub PRAGMA {} RTLNAME am_submul_16s_16s_13s_29_4_1_U5 SOURCE fft8.cpp:8 VARIABLE sub_ln8_6 LOOP {} BUNDLEDNAME {} DSP 1 BRAM 0 URAM 0 DISPNAME {bind_op sub}} {BINDTYPE op ID {} IMPL dsp48 LATENCY 3 OPTYPE mul PRAGMA {} RTLNAME am_submul_16s_16s_13s_29_4_1_U5 SOURCE fft8.cpp:8 VARIABLE mul_ln8_1 LOOP {} BUNDLEDNAME {} DSP 1 BRAM 0 URAM 0 DISPNAME {bind_op mul}} {BINDTYPE op ID {} IMPL fabric LATENCY 0 OPTYPE add PRAGMA {} RTLNAME tr_24_fu_3828_p2 SOURCE fft8.cpp:8 VARIABLE tr_24 LOOP {} BUNDLEDNAME {} DSP 0 BRAM 0 URAM 0 DISPNAME {bind_op add}} {BINDTYPE op ID {} IMPL dsp48 LATENCY 3 OPTYPE add PRAGMA {} RTLNAME am_addmul_16s_16s_13s_29_4_1_U6 SOURCE fft8.cpp:9 VARIABLE add_ln9_3 LOOP {} BUNDLEDNAME {} DSP 1 BRAM 0 URAM 0 DISPNAME {bind_op add}} {BINDTYPE op ID {} IMPL dsp48 LATENCY 3 OPTYPE mul PRAGMA {} RTLNAME am_addmul_16s_16s_13s_29_4_1_U6 SOURCE fft8.cpp:9 VARIABLE mul_ln9_3 LOOP {} BUNDLEDNAME {} DSP 1 BRAM 0 URAM 0 DISPNAME {bind_op mul}} {BINDTYPE op ID {} IMPL fabric LATENCY 0 OPTYPE add PRAGMA {} RTLNAME add_ln9_4_fu_2378_p2 SOURCE fft8.cpp:9 VARIABLE add_ln9_4 LOOP {} BUNDLEDNAME {} DSP 0 BRAM 0 URAM 0 DISPNAME {bind_op add}} {BINDTYPE op ID {} IMPL auto LATENCY 0 OPTYPE mul PRAGMA {} RTLNAME mul_12s_12ns_12_1_1_U3 SOURCE fft8.cpp:9 VARIABLE mul_ln9_2 LOOP {} BUNDLEDNAME {} DSP 1 BRAM 0 URAM 0 DISPNAME {bind_op mul}} {BINDTYPE op ID {} IMPL fabric LATENCY 0 OPTYPE add PRAGMA {} RTLNAME ti_24_fu_4006_p2 SOURCE fft8.cpp:9 VARIABLE ti_24 LOOP {} BUNDLEDNAME {} DSP 0 BRAM 0 URAM 0 DISPNAME {bind_op add}} {BINDTYPE op ID {} IMPL fabric LATENCY 0 OPTYPE add PRAGMA {} RTLNAME add_ln11_22_fu_5363_p2 SOURCE fft8.cpp:11 VARIABLE add_ln11_22 LOOP {} BUNDLEDNAME {} DSP 0 BRAM 0 URAM 0 DISPNAME {bind_op add}} {BINDTYPE op ID {} IMPL fabric LATENCY 0 OPTYPE add PRAGMA {} RTLNAME add_ln11_46_fu_5377_p2 SOURCE fft8.cpp:11 VARIABLE add_ln11_46 LOOP {} BUNDLEDNAME {} DSP 0 BRAM 0 URAM 0 DISPNAME {bind_op add}} {BINDTYPE op ID {} IMPL fabric LATENCY 0 OPTYPE add PRAGMA {} RTLNAME add_ln11_23_fu_5430_p2 SOURCE fft8.cpp:11 VARIABLE add_ln11_23 LOOP {} BUNDLEDNAME {} DSP 0 BRAM 0 URAM 0 DISPNAME {bind_op add}} {BINDTYPE op ID {} IMPL fabric LATENCY 0 OPTYPE add PRAGMA {} RTLNAME add_ln11_47_fu_5444_p2 SOURCE fft8.cpp:11 VARIABLE add_ln11_47 LOOP {} BUNDLEDNAME {} DSP 0 BRAM 0 URAM 0 DISPNAME {bind_op add}} {BINDTYPE op ID {} IMPL fabric LATENCY 0 OPTYPE sub PRAGMA {} RTLNAME sub_ln12_22_fu_5490_p2 SOURCE fft8.cpp:12 VARIABLE sub_ln12_22 LOOP {} BUNDLEDNAME {} DSP 0 BRAM 0 URAM 0 DISPNAME {bind_op sub}} {BINDTYPE op ID {} IMPL fabric LATENCY 0 OPTYPE sub PRAGMA {} RTLNAME sub_ln12_23_fu_5550_p2 SOURCE fft8.cpp:12 VARIABLE sub_ln12_23 LOOP {} BUNDLEDNAME {} DSP 0 BRAM 0 URAM 0 DISPNAME {bind_op sub}}} AREA {DSP 6 BRAM 0 URAM 0}}}}'
INFO-FLOW: DBG:PUTS:      update_csynth_reports json2rpt_hw_sw_interfaces
INFO-FLOW: Running: gen_csynth_sec_pragma
INFO-FLOW: Done: gen_csynth_sec_pragma time: 0 seconds per iteration
INFO-FLOW: DBG:PUTS:      update_csynth_reports wrote xml
INFO-FLOW: DBG:PUTS:      update_csynth_reports appended to csynth rpt file
INFO: [HLS 200-111] Finished Updating report files: CPU user time: 0 seconds. CPU system time: 0 seconds. Elapsed time: 0.623 seconds; current allocated memory: 167.145 MB.
INFO: [VHDL 208-304] Generating VHDL RTL for dit_fft_8.
INFO: [VLOG 209-307] Generating Verilog RTL for dit_fft_8.
Execute       syn_report -model dit_fft_8 -printsummary 
INFO: [HLS 200-789] **** Estimated Fmax: 140.31 MHz
Command     autosyn done; 6.33 sec.
Command   csynth_design done; 20.171 sec.
INFO: [HLS 200-111] Finished Command csynth_design CPU user time: 5 seconds. CPU system time: 1 seconds. Elapsed time: 20.171 seconds; current allocated memory: 76.969 MB.
Command ap_source done; 20.951 sec.
Execute cleanup_all 
