D:\mayur\PG\SoCD_lab\FFT\FFT\solution1\.autopilot\db\fft8.pp.0.cpp:1335:7: warning: Added loop label VITIS_LOOP_1213_1:   [xilinx-label-all-loops]
      for (i = 0; i < __N - 1; ++i) {
      ^~~
      VITIS_LOOP_1213_1: 
D:\mayur\PG\SoCD_lab\FFT\FFT\solution1\.autopilot\db\fft8.pp.0.cpp:1335:7: note: FIX-IT applied suggested code changes
D:\mayur\PG\SoCD_lab\FFT\FFT\solution1\.autopilot\db\fft8.pp.0.cpp:2309:5: warning: Added loop label VITIS_LOOP_676_1:   [xilinx-label-all-loops]
    for (unsigned i = low; i != high; ++i) {
    ^~~
    VITIS_LOOP_676_1: 
D:\mayur\PG\SoCD_lab\FFT\FFT\solution1\.autopilot\db\fft8.pp.0.cpp:2309:5: note: FIX-IT applied suggested code changes
D:\mayur\PG\SoCD_lab\FFT\FFT\solution1\.autopilot\db\fft8.pp.0.cpp:2323:5: warning: Added loop label VITIS_LOOP_690_1:   [xilinx-label-all-loops]
    for (unsigned i = low; i != high; ++i) {
    ^~~
    VITIS_LOOP_690_1: 
D:\mayur\PG\SoCD_lab\FFT\FFT\solution1\.autopilot\db\fft8.pp.0.cpp:2323:5: note: FIX-IT applied suggested code changes
D:\mayur\PG\SoCD_lab\FFT\FFT\solution1\.autopilot\db\fft8.pp.0.cpp:2337:5: warning: Added loop label VITIS_LOOP_704_1:   [xilinx-label-all-loops]
    for (unsigned i = low; i != high; ++i) {
    ^~~
    VITIS_LOOP_704_1: 
D:\mayur\PG\SoCD_lab\FFT\FFT\solution1\.autopilot\db\fft8.pp.0.cpp:2337:5: note: FIX-IT applied suggested code changes
D:\mayur\PG\SoCD_lab\FFT\FFT\solution1\.autopilot\db\fft8.pp.0.cpp:3936:7: warning: Added loop label VITIS_LOOP_1247_1:   [xilinx-label-all-loops]
      for (i = 0; i < __N - 1; ++i) {
      ^~~
      VITIS_LOOP_1247_1: 
D:\mayur\PG\SoCD_lab\FFT\FFT\solution1\.autopilot\db\fft8.pp.0.cpp:3936:7: note: FIX-IT applied suggested code changes
