==============================================================
Vitis HLS - High-Level Synthesis from C, C++ and OpenCL v2023.1 (64-bit)
Tool Version Limit: 2023.05
Copyright 1986-2022 Xilinx, Inc. All Rights Reserved.
Copyright 2022-2023 Advanced Micro Devices, Inc. All Rights Reserved.

==============================================================
INFO: [SYN 201-201] Setting up clock 'default' with a period of 10ns.
INFO: [HLS 200-1611] Setting target device to 'xc7z020-clg484-1'
INFO: [HLS 200-1505] Using flow_target 'vivado'
INFO: [HLS 200-1510] Running: set_part xc7z020clg484-1 
INFO: [HLS 200-1510] Running: create_clock -period 10 -name default 
INFO: [SYN 201-201] Setting up clock 'default' with a period of 10ns.
INFO: [HLS 200-1510] Running: csim_design -quiet 
INFO: [SIM 211-2] *************** CSIM start ***************
INFO: [SIM 211-4] CSIM will launch GCC as the compiler.
INFO: [HLS 200-2036] Building debug C Simulation binaries
INFO: [SIM 211-1] CSim done with 0 errors.
INFO: [SIM 211-3] *************** CSIM finish ***************
INFO: [HLS 200-111] Finished Command csim_design CPU user time: 0 seconds. CPU system time: 0 seconds. Elapsed time: 9.42 seconds; current allocated memory: 0.621 MB.
==============================================================
Vitis HLS - High-Level Synthesis from C, C++ and OpenCL v2023.1 (64-bit)
Tool Version Limit: 2023.05
Copyright 1986-2022 Xilinx, Inc. All Rights Reserved.
Copyright 2022-2023 Advanced Micro Devices, Inc. All Rights Reserved.

==============================================================
INFO: [SYN 201-201] Setting up clock 'default' with a period of 10ns.
INFO: [HLS 200-1611] Setting target device to 'xc7z020-clg484-1'
INFO: [HLS 200-1505] Using flow_target 'vivado'
INFO: [HLS 200-1510] Running: set_part xc7z020clg484-1 
INFO: [HLS 200-1510] Running: create_clock -period 10 -name default 
INFO: [HLS 200-1510] Running: csynth_design 
INFO: [HLS 200-111] Finished File checks and directory preparation: CPU user time: 0 seconds. CPU system time: 0 seconds. Elapsed time: 0.119 seconds; current allocated memory: 89.496 MB.
INFO: [HLS 200-10] Analyzing design file 'fft8.cpp' ... 
INFO: [HLS 200-111] Finished Source Code Analysis and Preprocessing: CPU user time: 0 seconds. CPU system time: 0 seconds. Elapsed time: 8.816 seconds; current allocated memory: 91.020 MB.
INFO: [HLS 200-777] Using interface defaults for 'Vivado' flow target.
INFO: [HLS 214-131] Inlining function 'butterfly(std::complex<ap_fixed<16, 4, (ap_q_mode)0, (ap_o_mode)0, 0> >&, std::complex<ap_fixed<16, 4, (ap_q_mode)0, (ap_o_mode)0, 0> >&, ap_fixed<16, 4, (ap_q_mode)0, (ap_o_mode)0, 0>, ap_fixed<16, 4, (ap_q_mode)0, (ap_o_mode)0, 0>)' into 'dit_fft_8(std::complex<ap_fixed<16, 4, (ap_q_mode)0, (ap_o_mode)0, 0> >*, std::complex<ap_fixed<16, 4, (ap_q_mode)0, (ap_o_mode)0, 0> >*)' (fft8.cpp:49:28)
INFO: [HLS 214-131] Inlining function 'butterfly(std::complex<ap_fixed<16, 4, (ap_q_mode)0, (ap_o_mode)0, 0> >&, std::complex<ap_fixed<16, 4, (ap_q_mode)0, (ap_o_mode)0, 0> >&, ap_fixed<16, 4, (ap_q_mode)0, (ap_o_mode)0, 0>, ap_fixed<16, 4, (ap_q_mode)0, (ap_o_mode)0, 0>)' into 'dit_fft_8(std::complex<ap_fixed<16, 4, (ap_q_mode)0, (ap_o_mode)0, 0> >*, std::complex<ap_fixed<16, 4, (ap_q_mode)0, (ap_o_mode)0, 0> >*)' (fft8.cpp:50:31)
INFO: [HLS 214-131] Inlining function 'butterfly(std::complex<ap_fixed<16, 4, (ap_q_mode)0, (ap_o_mode)0, 0> >&, std::complex<ap_fixed<16, 4, (ap_q_mode)0, (ap_o_mode)0, 0> >&, ap_fixed<16, 4, (ap_q_mode)0, (ap_o_mode)0, 0>, ap_fixed<16, 4, (ap_q_mode)0, (ap_o_mode)0, 0>)' into 'dit_fft_8(std::complex<ap_fixed<16, 4, (ap_q_mode)0, (ap_o_mode)0, 0> >*, std::complex<ap_fixed<16, 4, (ap_q_mode)0, (ap_o_mode)0, 0> >*)' (fft8.cpp:51:31)
INFO: [HLS 214-131] Inlining function 'butterfly(std::complex<ap_fixed<16, 4, (ap_q_mode)0, (ap_o_mode)0, 0> >&, std::complex<ap_fixed<16, 4, (ap_q_mode)0, (ap_o_mode)0, 0> >&, ap_fixed<16, 4, (ap_q_mode)0, (ap_o_mode)0, 0>, ap_fixed<16, 4, (ap_q_mode)0, (ap_o_mode)0, 0>)' into 'dit_fft_8(std::complex<ap_fixed<16, 4, (ap_q_mode)0, (ap_o_mode)0, 0> >*, std::complex<ap_fixed<16, 4, (ap_q_mode)0, (ap_o_mode)0, 0> >*)' (fft8.cpp:52:31)
INFO: [HLS 214-131] Inlining function 'butterfly(std::complex<ap_fixed<16, 4, (ap_q_mode)0, (ap_o_mode)0, 0> >&, std::complex<ap_fixed<16, 4, (ap_q_mode)0, (ap_o_mode)0, 0> >&, ap_fixed<16, 4, (ap_q_mode)0, (ap_o_mode)0, 0>, ap_fixed<16, 4, (ap_q_mode)0, (ap_o_mode)0, 0>)' into 'dit_fft_8(std::complex<ap_fixed<16, 4, (ap_q_mode)0, (ap_o_mode)0, 0> >*, std::complex<ap_fixed<16, 4, (ap_q_mode)0, (ap_o_mode)0, 0> >*)' (fft8.cpp:55:31)
INFO: [HLS 214-131] Inlining function 'butterfly(std::complex<ap_fixed<16, 4, (ap_q_mode)0, (ap_o_mode)0, 0> >&, std::complex<ap_fixed<16, 4, (ap_q_mode)0, (ap_o_mode)0, 0> >&, ap_fixed<16, 4, (ap_q_mode)0, (ap_o_mode)0, 0>, ap_fixed<16, 4, (ap_q_mode)0, (ap_o_mode)0, 0>)' into 'dit_fft_8(std::complex<ap_fixed<16, 4, (ap_q_mode)0, (ap_o_mode)0, 0> >*, std::complex<ap_fixed<16, 4, (ap_q_mode)0, (ap_o_mode)0, 0> >*)' (fft8.cpp:56:31)
INFO: [HLS 214-131] Inlining function 'butterfly(std::complex<ap_fixed<16, 4, (ap_q_mode)0, (ap_o_mode)0, 0> >&, std::complex<ap_fixed<16, 4, (ap_q_mode)0, (ap_o_mode)0, 0> >&, ap_fixed<16, 4, (ap_q_mode)0, (ap_o_mode)0, 0>, ap_fixed<16, 4, (ap_q_mode)0, (ap_o_mode)0, 0>)' into 'dit_fft_8(std::complex<ap_fixed<16, 4, (ap_q_mode)0, (ap_o_mode)0, 0> >*, std::complex<ap_fixed<16, 4, (ap_q_mode)0, (ap_o_mode)0, 0> >*)' (fft8.cpp:57:31)
INFO: [HLS 214-131] Inlining function 'butterfly(std::complex<ap_fixed<16, 4, (ap_q_mode)0, (ap_o_mode)0, 0> >&, std::complex<ap_fixed<16, 4, (ap_q_mode)0, (ap_o_mode)0, 0> >&, ap_fixed<16, 4, (ap_q_mode)0, (ap_o_mode)0, 0>, ap_fixed<16, 4, (ap_q_mode)0, (ap_o_mode)0, 0>)' into 'dit_fft_8(std::complex<ap_fixed<16, 4, (ap_q_mode)0, (ap_o_mode)0, 0> >*, std::complex<ap_fixed<16, 4, (ap_q_mode)0, (ap_o_mode)0, 0> >*)' (fft8.cpp:58:31)
INFO: [HLS 214-131] Inlining function 'butterfly(std::complex<ap_fixed<16, 4, (ap_q_mode)0, (ap_o_mode)0, 0> >&, std::complex<ap_fixed<16, 4, (ap_q_mode)0, (ap_o_mode)0, 0> >&, ap_fixed<16, 4, (ap_q_mode)0, (ap_o_mode)0, 0>, ap_fixed<16, 4, (ap_q_mode)0, (ap_o_mode)0, 0>)' into 'dit_fft_8(std::complex<ap_fixed<16, 4, (ap_q_mode)0, (ap_o_mode)0, 0> >*, std::complex<ap_fixed<16, 4, (ap_q_mode)0, (ap_o_mode)0, 0> >*)' (fft8.cpp:61:33)
INFO: [HLS 214-131] Inlining function 'butterfly(std::complex<ap_fixed<16, 4, (ap_q_mode)0, (ap_o_mode)0, 0> >&, std::complex<ap_fixed<16, 4, (ap_q_mode)0, (ap_o_mode)0, 0> >&, ap_fixed<16, 4, (ap_q_mode)0, (ap_o_mode)0, 0>, ap_fixed<16, 4, (ap_q_mode)0, (ap_o_mode)0, 0>)' into 'dit_fft_8(std::complex<ap_fixed<16, 4, (ap_q_mode)0, (ap_o_mode)0, 0> >*, std::complex<ap_fixed<16, 4, (ap_q_mode)0, (ap_o_mode)0, 0> >*)' (fft8.cpp:62:33)
INFO: [HLS 214-131] Inlining function 'butterfly(std::complex<ap_fixed<16, 4, (ap_q_mode)0, (ap_o_mode)0, 0> >&, std::complex<ap_fixed<16, 4, (ap_q_mode)0, (ap_o_mode)0, 0> >&, ap_fixed<16, 4, (ap_q_mode)0, (ap_o_mode)0, 0>, ap_fixed<16, 4, (ap_q_mode)0, (ap_o_mode)0, 0>)' into 'dit_fft_8(std::complex<ap_fixed<16, 4, (ap_q_mode)0, (ap_o_mode)0, 0> >*, std::complex<ap_fixed<16, 4, (ap_q_mode)0, (ap_o_mode)0, 0> >*)' (fft8.cpp:63:33)
INFO: [HLS 214-131] Inlining function 'butterfly(std::complex<ap_fixed<16, 4, (ap_q_mode)0, (ap_o_mode)0, 0> >&, std::complex<ap_fixed<16, 4, (ap_q_mode)0, (ap_o_mode)0, 0> >&, ap_fixed<16, 4, (ap_q_mode)0, (ap_o_mode)0, 0>, ap_fixed<16, 4, (ap_q_mode)0, (ap_o_mode)0, 0>)' into 'dit_fft_8(std::complex<ap_fixed<16, 4, (ap_q_mode)0, (ap_o_mode)0, 0> >*, std::complex<ap_fixed<16, 4, (ap_q_mode)0, (ap_o_mode)0, 0> >*)' (fft8.cpp:64:33)
ERROR: [HLS 214-244] in function 'std::complex<ap_fixed<16, 4, (ap_q_mode)0, (ap_o_mode)0, 0> >::real() const': Failed to implement stream interface on variable 'out'. Each array element of 'out' must: (a) be accessed only once, (b) read or write the whole array element in one operation and (c) be accessed in sequential order.
ERROR: [HLS 214-244] in function 'std::complex<ap_fixed<16, 4, (ap_q_mode)0, (ap_o_mode)0, 0> >::imag() const': Failed to implement stream interface on variable 'out'. Each array element of 'out' must: (a) be accessed only once, (b) read or write the whole array element in one operation and (c) be accessed in sequential order.
ERROR: [HLS 200-1715] Encountered problem during source synthesis
INFO: [HLS 200-111] Finished Command csynth_design CPU user time: 0 seconds. CPU system time: 0 seconds. Elapsed time: 13.482 seconds; current allocated memory: 2.566 MB.
==============================================================
Vitis HLS - High-Level Synthesis from C, C++ and OpenCL v2023.1 (64-bit)
Tool Version Limit: 2023.05
Copyright 1986-2022 Xilinx, Inc. All Rights Reserved.
Copyright 2022-2023 Advanced Micro Devices, Inc. All Rights Reserved.

==============================================================
INFO: [SYN 201-201] Setting up clock 'default' with a period of 10ns.
INFO: [HLS 200-1611] Setting target device to 'xc7z020-clg484-1'
INFO: [HLS 200-1505] Using flow_target 'vivado'
INFO: [HLS 200-1510] Running: set_part xc7z020clg484-1 
INFO: [HLS 200-1510] Running: create_clock -period 10 -name default 
INFO: [HLS 200-1510] Running: csim_design -quiet 
INFO: [SIM 211-2] *************** CSIM start ***************
INFO: [SIM 211-4] CSIM will launch GCC as the compiler.
INFO: [HLS 200-2036] Building debug C Simulation binaries
INFO: [SIM 211-1] CSim done with 0 errors.
INFO: [SIM 211-3] *************** CSIM finish ***************
INFO: [HLS 200-111] Finished Command csim_design CPU user time: 0 seconds. CPU system time: 0 seconds. Elapsed time: 3.255 seconds; current allocated memory: 0.594 MB.
==============================================================
Vitis HLS - High-Level Synthesis from C, C++ and OpenCL v2023.1 (64-bit)
Tool Version Limit: 2023.05
Copyright 1986-2022 Xilinx, Inc. All Rights Reserved.
Copyright 2022-2023 Advanced Micro Devices, Inc. All Rights Reserved.

==============================================================
INFO: [SYN 201-201] Setting up clock 'default' with a period of 10ns.
INFO: [HLS 200-1611] Setting target device to 'xc7z020-clg484-1'
INFO: [HLS 200-1505] Using flow_target 'vivado'
INFO: [HLS 200-1510] Running: set_part xc7z020clg484-1 
INFO: [HLS 200-1510] Running: create_clock -period 10 -name default 
INFO: [HLS 200-1510] Running: csynth_design 
INFO: [HLS 200-111] Finished File checks and directory preparation: CPU user time: 0 seconds. CPU system time: 0 seconds. Elapsed time: 0.113 seconds; current allocated memory: 89.242 MB.
INFO: [HLS 200-10] Analyzing design file 'fft8.cpp' ... 
INFO: [HLS 200-111] Finished Source Code Analysis and Preprocessing: CPU user time: 0 seconds. CPU system time: 0 seconds. Elapsed time: 6.345 seconds; current allocated memory: 90.184 MB.
INFO: [HLS 200-777] Using interface defaults for 'Vivado' flow target.
INFO: [HLS 214-131] Inlining function 'butterfly(std::complex<ap_fixed<16, 4, (ap_q_mode)0, (ap_o_mode)0, 0> >&, std::complex<ap_fixed<16, 4, (ap_q_mode)0, (ap_o_mode)0, 0> >&, ap_fixed<16, 4, (ap_q_mode)0, (ap_o_mode)0, 0>, ap_fixed<16, 4, (ap_q_mode)0, (ap_o_mode)0, 0>)' into 'dit_fft_8(std::complex<ap_fixed<16, 4, (ap_q_mode)0, (ap_o_mode)0, 0> >*, std::complex<ap_fixed<16, 4, (ap_q_mode)0, (ap_o_mode)0, 0> >*)' (fft8.cpp:40:28)
INFO: [HLS 214-131] Inlining function 'butterfly(std::complex<ap_fixed<16, 4, (ap_q_mode)0, (ap_o_mode)0, 0> >&, std::complex<ap_fixed<16, 4, (ap_q_mode)0, (ap_o_mode)0, 0> >&, ap_fixed<16, 4, (ap_q_mode)0, (ap_o_mode)0, 0>, ap_fixed<16, 4, (ap_q_mode)0, (ap_o_mode)0, 0>)' into 'dit_fft_8(std::complex<ap_fixed<16, 4, (ap_q_mode)0, (ap_o_mode)0, 0> >*, std::complex<ap_fixed<16, 4, (ap_q_mode)0, (ap_o_mode)0, 0> >*)' (fft8.cpp:41:31)
INFO: [HLS 214-131] Inlining function 'butterfly(std::complex<ap_fixed<16, 4, (ap_q_mode)0, (ap_o_mode)0, 0> >&, std::complex<ap_fixed<16, 4, (ap_q_mode)0, (ap_o_mode)0, 0> >&, ap_fixed<16, 4, (ap_q_mode)0, (ap_o_mode)0, 0>, ap_fixed<16, 4, (ap_q_mode)0, (ap_o_mode)0, 0>)' into 'dit_fft_8(std::complex<ap_fixed<16, 4, (ap_q_mode)0, (ap_o_mode)0, 0> >*, std::complex<ap_fixed<16, 4, (ap_q_mode)0, (ap_o_mode)0, 0> >*)' (fft8.cpp:42:31)
INFO: [HLS 214-131] Inlining function 'butterfly(std::complex<ap_fixed<16, 4, (ap_q_mode)0, (ap_o_mode)0, 0> >&, std::complex<ap_fixed<16, 4, (ap_q_mode)0, (ap_o_mode)0, 0> >&, ap_fixed<16, 4, (ap_q_mode)0, (ap_o_mode)0, 0>, ap_fixed<16, 4, (ap_q_mode)0, (ap_o_mode)0, 0>)' into 'dit_fft_8(std::complex<ap_fixed<16, 4, (ap_q_mode)0, (ap_o_mode)0, 0> >*, std::complex<ap_fixed<16, 4, (ap_q_mode)0, (ap_o_mode)0, 0> >*)' (fft8.cpp:43:31)
INFO: [HLS 214-131] Inlining function 'butterfly(std::complex<ap_fixed<16, 4, (ap_q_mode)0, (ap_o_mode)0, 0> >&, std::complex<ap_fixed<16, 4, (ap_q_mode)0, (ap_o_mode)0, 0> >&, ap_fixed<16, 4, (ap_q_mode)0, (ap_o_mode)0, 0>, ap_fixed<16, 4, (ap_q_mode)0, (ap_o_mode)0, 0>)' into 'dit_fft_8(std::complex<ap_fixed<16, 4, (ap_q_mode)0, (ap_o_mode)0, 0> >*, std::complex<ap_fixed<16, 4, (ap_q_mode)0, (ap_o_mode)0, 0> >*)' (fft8.cpp:46:31)
INFO: [HLS 214-131] Inlining function 'butterfly(std::complex<ap_fixed<16, 4, (ap_q_mode)0, (ap_o_mode)0, 0> >&, std::complex<ap_fixed<16, 4, (ap_q_mode)0, (ap_o_mode)0, 0> >&, ap_fixed<16, 4, (ap_q_mode)0, (ap_o_mode)0, 0>, ap_fixed<16, 4, (ap_q_mode)0, (ap_o_mode)0, 0>)' into 'dit_fft_8(std::complex<ap_fixed<16, 4, (ap_q_mode)0, (ap_o_mode)0, 0> >*, std::complex<ap_fixed<16, 4, (ap_q_mode)0, (ap_o_mode)0, 0> >*)' (fft8.cpp:47:31)
INFO: [HLS 214-131] Inlining function 'butterfly(std::complex<ap_fixed<16, 4, (ap_q_mode)0, (ap_o_mode)0, 0> >&, std::complex<ap_fixed<16, 4, (ap_q_mode)0, (ap_o_mode)0, 0> >&, ap_fixed<16, 4, (ap_q_mode)0, (ap_o_mode)0, 0>, ap_fixed<16, 4, (ap_q_mode)0, (ap_o_mode)0, 0>)' into 'dit_fft_8(std::complex<ap_fixed<16, 4, (ap_q_mode)0, (ap_o_mode)0, 0> >*, std::complex<ap_fixed<16, 4, (ap_q_mode)0, (ap_o_mode)0, 0> >*)' (fft8.cpp:48:31)
INFO: [HLS 214-131] Inlining function 'butterfly(std::complex<ap_fixed<16, 4, (ap_q_mode)0, (ap_o_mode)0, 0> >&, std::complex<ap_fixed<16, 4, (ap_q_mode)0, (ap_o_mode)0, 0> >&, ap_fixed<16, 4, (ap_q_mode)0, (ap_o_mode)0, 0>, ap_fixed<16, 4, (ap_q_mode)0, (ap_o_mode)0, 0>)' into 'dit_fft_8(std::complex<ap_fixed<16, 4, (ap_q_mode)0, (ap_o_mode)0, 0> >*, std::complex<ap_fixed<16, 4, (ap_q_mode)0, (ap_o_mode)0, 0> >*)' (fft8.cpp:49:31)
INFO: [HLS 214-131] Inlining function 'butterfly(std::complex<ap_fixed<16, 4, (ap_q_mode)0, (ap_o_mode)0, 0> >&, std::complex<ap_fixed<16, 4, (ap_q_mode)0, (ap_o_mode)0, 0> >&, ap_fixed<16, 4, (ap_q_mode)0, (ap_o_mode)0, 0>, ap_fixed<16, 4, (ap_q_mode)0, (ap_o_mode)0, 0>)' into 'dit_fft_8(std::complex<ap_fixed<16, 4, (ap_q_mode)0, (ap_o_mode)0, 0> >*, std::complex<ap_fixed<16, 4, (ap_q_mode)0, (ap_o_mode)0, 0> >*)' (fft8.cpp:52:33)
INFO: [HLS 214-131] Inlining function 'butterfly(std::complex<ap_fixed<16, 4, (ap_q_mode)0, (ap_o_mode)0, 0> >&, std::complex<ap_fixed<16, 4, (ap_q_mode)0, (ap_o_mode)0, 0> >&, ap_fixed<16, 4, (ap_q_mode)0, (ap_o_mode)0, 0>, ap_fixed<16, 4, (ap_q_mode)0, (ap_o_mode)0, 0>)' into 'dit_fft_8(std::complex<ap_fixed<16, 4, (ap_q_mode)0, (ap_o_mode)0, 0> >*, std::complex<ap_fixed<16, 4, (ap_q_mode)0, (ap_o_mode)0, 0> >*)' (fft8.cpp:53:33)
INFO: [HLS 214-131] Inlining function 'butterfly(std::complex<ap_fixed<16, 4, (ap_q_mode)0, (ap_o_mode)0, 0> >&, std::complex<ap_fixed<16, 4, (ap_q_mode)0, (ap_o_mode)0, 0> >&, ap_fixed<16, 4, (ap_q_mode)0, (ap_o_mode)0, 0>, ap_fixed<16, 4, (ap_q_mode)0, (ap_o_mode)0, 0>)' into 'dit_fft_8(std::complex<ap_fixed<16, 4, (ap_q_mode)0, (ap_o_mode)0, 0> >*, std::complex<ap_fixed<16, 4, (ap_q_mode)0, (ap_o_mode)0, 0> >*)' (fft8.cpp:54:33)
INFO: [HLS 214-131] Inlining function 'butterfly(std::complex<ap_fixed<16, 4, (ap_q_mode)0, (ap_o_mode)0, 0> >&, std::complex<ap_fixed<16, 4, (ap_q_mode)0, (ap_o_mode)0, 0> >&, ap_fixed<16, 4, (ap_q_mode)0, (ap_o_mode)0, 0>, ap_fixed<16, 4, (ap_q_mode)0, (ap_o_mode)0, 0>)' into 'dit_fft_8(std::complex<ap_fixed<16, 4, (ap_q_mode)0, (ap_o_mode)0, 0> >*, std::complex<ap_fixed<16, 4, (ap_q_mode)0, (ap_o_mode)0, 0> >*)' (fft8.cpp:55:33)
INFO: [HLS 214-248] Applying array_partition to 'in': Complete partitioning on dimension 1. (fft8.cpp:15:0)
INFO: [HLS 214-248] Applying array_partition to 'out': Complete partitioning on dimension 1. (fft8.cpp:15:0)
WARNING: [HLS 214-322] Unsuported scalar variable on pragma 'ap_memory Interface', ignore it. (fft8.cpp:19:9)
WARNING: [HLS 214-322] Unsuported scalar variable on pragma 'ap_memory Interface', ignore it. (fft8.cpp:20:9)
INFO: [HLS 214-241] Aggregating scalar variable 'out_7' with compact=bit mode in 32-bits (fft8.cpp:15:0)
INFO: [HLS 214-241] Aggregating scalar variable 'out_6' with compact=bit mode in 32-bits (fft8.cpp:15:0)
INFO: [HLS 214-241] Aggregating scalar variable 'out_5' with compact=bit mode in 32-bits (fft8.cpp:15:0)
INFO: [HLS 214-241] Aggregating scalar variable 'out_4' with compact=bit mode in 32-bits (fft8.cpp:15:0)
INFO: [HLS 214-241] Aggregating scalar variable 'out_3' with compact=bit mode in 32-bits (fft8.cpp:15:0)
INFO: [HLS 214-241] Aggregating scalar variable 'out_2' with compact=bit mode in 32-bits (fft8.cpp:15:0)
INFO: [HLS 214-241] Aggregating scalar variable 'out_1' with compact=bit mode in 32-bits (fft8.cpp:15:0)
INFO: [HLS 214-241] Aggregating scalar variable 'out_0' with compact=bit mode in 32-bits (fft8.cpp:15:0)
INFO: [HLS 214-241] Aggregating scalar variable 'in_7' with compact=bit mode in 32-bits (fft8.cpp:15:0)
INFO: [HLS 214-241] Aggregating scalar variable 'in_6' with compact=bit mode in 32-bits (fft8.cpp:15:0)
INFO: [HLS 214-241] Aggregating scalar variable 'in_5' with compact=bit mode in 32-bits (fft8.cpp:15:0)
INFO: [HLS 214-241] Aggregating scalar variable 'in_4' with compact=bit mode in 32-bits (fft8.cpp:15:0)
INFO: [HLS 214-241] Aggregating scalar variable 'in_3' with compact=bit mode in 32-bits (fft8.cpp:15:0)
INFO: [HLS 214-241] Aggregating scalar variable 'in_2' with compact=bit mode in 32-bits (fft8.cpp:15:0)
INFO: [HLS 214-241] Aggregating scalar variable 'in_1' with compact=bit mode in 32-bits (fft8.cpp:15:0)
INFO: [HLS 214-241] Aggregating scalar variable 'in_0' with compact=bit mode in 32-bits (fft8.cpp:15:0)
INFO: [HLS 200-111] Finished Compiling Optimization and Transform: CPU user time: 1 seconds. CPU system time: 0 seconds. Elapsed time: 4.662 seconds; current allocated memory: 91.652 MB.
INFO: [HLS 200-111] Finished Checking Pragmas: CPU user time: 0 seconds. CPU system time: 0 seconds. Elapsed time: 0.003 seconds; current allocated memory: 91.652 MB.
INFO: [HLS 200-10] Starting code transformations ...
INFO: [HLS 200-111] Finished Standard Transforms: CPU user time: 0 seconds. CPU system time: 0 seconds. Elapsed time: 0.15 seconds; current allocated memory: 99.098 MB.
INFO: [HLS 200-10] Checking synthesizability ...
INFO: [HLS 200-111] Finished Checking Synthesizability: CPU user time: 0 seconds. CPU system time: 0 seconds. Elapsed time: 0.079 seconds; current allocated memory: 101.375 MB.
INFO: [XFORM 203-401] Performing if-conversion on hyperblock from (fft8.cpp:39:9) to (fft8.cpp:56:1) in function 'dit_fft_8'... converting 9 basic blocks.
INFO: [HLS 200-111] Finished Loop, function and other optimizations: CPU user time: 0 seconds. CPU system time: 0 seconds. Elapsed time: 0.243 seconds; current allocated memory: 125.555 MB.
INFO: [HLS 200-111] Finished Architecture Synthesis: CPU user time: 0 seconds. CPU system time: 0 seconds. Elapsed time: 0.165 seconds; current allocated memory: 125.562 MB.
INFO: [HLS 200-10] Starting hardware synthesis ...
INFO: [HLS 200-10] Synthesizing 'dit_fft_8' ...
INFO: [HLS 200-10] ----------------------------------------------------------------
INFO: [HLS 200-42] -- Implementing module 'dit_fft_8' 
INFO: [HLS 200-10] ----------------------------------------------------------------
INFO: [SCHED 204-11] Starting scheduling ...
INFO: [HLS 200-486] Changing DSP latency (root=add_ln9_3) to 3 in order to utilize available DSP registers.
INFO: [HLS 200-486] Changing DSP latency (root=sub_ln8_6) to 3 in order to utilize available DSP registers.
INFO: [HLS 200-486] Changing DSP latency (root=add_ln8) to 3 in order to utilize available DSP registers.
INFO: [SCHED 204-61] Pipelining function 'dit_fft_8'.
INFO: [HLS 200-1470] Pipelining result : Target II = 1, Final II = 1, Depth = 7, function 'dit_fft_8'
INFO: [SCHED 204-11] Finished scheduling.
INFO: [HLS 200-111] Finished Scheduling: CPU user time: 2 seconds. CPU system time: 0 seconds. Elapsed time: 2.009 seconds; current allocated memory: 134.152 MB.
INFO: [BIND 205-100] Starting micro-architecture generation ...
INFO: [BIND 205-101] Performing variable lifetime analysis.
INFO: [BIND 205-101] Exploring resource sharing.
INFO: [BIND 205-101] Binding ...
INFO: [BIND 205-100] Finished micro-architecture generation.
INFO: [HLS 200-111] Finished Binding: CPU user time: 0 seconds. CPU system time: 0 seconds. Elapsed time: 0.286 seconds; current allocated memory: 135.289 MB.
INFO: [HLS 200-10] ----------------------------------------------------------------
INFO: [HLS 200-10] -- Generating RTL for module 'dit_fft_8' 
INFO: [HLS 200-10] ----------------------------------------------------------------
INFO: [RTGEN 206-500] Setting interface mode on port 'dit_fft_8/in_0' to 'ap_none'.
INFO: [RTGEN 206-500] Setting interface mode on port 'dit_fft_8/in_1' to 'ap_none'.
INFO: [RTGEN 206-500] Setting interface mode on port 'dit_fft_8/in_2' to 'ap_none'.
INFO: [RTGEN 206-500] Setting interface mode on port 'dit_fft_8/in_3' to 'ap_none'.
INFO: [RTGEN 206-500] Setting interface mode on port 'dit_fft_8/in_4' to 'ap_none'.
INFO: [RTGEN 206-500] Setting interface mode on port 'dit_fft_8/in_5' to 'ap_none'.
INFO: [RTGEN 206-500] Setting interface mode on port 'dit_fft_8/in_6' to 'ap_none'.
INFO: [RTGEN 206-500] Setting interface mode on port 'dit_fft_8/in_7' to 'ap_none'.
INFO: [RTGEN 206-500] Setting interface mode on port 'dit_fft_8/out_0' to 'ap_vld'.
INFO: [RTGEN 206-500] Setting interface mode on port 'dit_fft_8/out_1' to 'ap_vld'.
INFO: [RTGEN 206-500] Setting interface mode on port 'dit_fft_8/out_2' to 'ap_vld'.
INFO: [RTGEN 206-500] Setting interface mode on port 'dit_fft_8/out_3' to 'ap_vld'.
INFO: [RTGEN 206-500] Setting interface mode on port 'dit_fft_8/out_4' to 'ap_vld'.
INFO: [RTGEN 206-500] Setting interface mode on port 'dit_fft_8/out_5' to 'ap_vld'.
INFO: [RTGEN 206-500] Setting interface mode on port 'dit_fft_8/out_6' to 'ap_vld'.
INFO: [RTGEN 206-500] Setting interface mode on port 'dit_fft_8/out_7' to 'ap_vld'.
INFO: [RTGEN 206-500] Setting interface mode on function 'dit_fft_8' to 'ap_ctrl_none'.
INFO: [HLS 200-1030] Apply Unified Pipeline Control on module 'dit_fft_8' pipeline 'dit_fft_8' pipeline type 'function pipeline'
INFO: [RTGEN 206-100] Generating core module 'am_addmul_16s_16s_12ns_29_4_1': 1 instance(s).
INFO: [RTGEN 206-100] Generating core module 'am_addmul_16s_16s_13s_29_4_1': 1 instance(s).
INFO: [RTGEN 206-100] Generating core module 'am_submul_16s_16s_13s_29_4_1': 1 instance(s).
INFO: [RTGEN 206-100] Generating core module 'mul_12s_12ns_12_1_1': 1 instance(s).
INFO: [RTGEN 206-100] Generating core module 'mul_16s_13ns_29_1_1': 1 instance(s).
INFO: [RTGEN 206-100] Generating core module 'mul_16s_13s_29_1_1': 1 instance(s).
INFO: [RTGEN 206-100] Finished creating RTL model for 'dit_fft_8'.
INFO: [HLS 200-111] Finished Creating RTL model: CPU user time: 0 seconds. CPU system time: 0 seconds. Elapsed time: 0.723 seconds; current allocated memory: 141.910 MB.
INFO: [HLS 200-111] Finished Generating all RTL models: CPU user time: 2 seconds. CPU system time: 1 seconds. Elapsed time: 3.019 seconds; current allocated memory: 159.578 MB.
INFO: [HLS 200-111] Finished Updating report files: CPU user time: 0 seconds. CPU system time: 0 seconds. Elapsed time: 0.708 seconds; current allocated memory: 165.949 MB.
INFO: [VHDL 208-304] Generating VHDL RTL for dit_fft_8.
INFO: [VLOG 209-307] Generating Verilog RTL for dit_fft_8.
INFO: [HLS 200-789] **** Estimated Fmax: 140.31 MHz
INFO: [HLS 200-111] Finished Command csynth_design CPU user time: 5 seconds. CPU system time: 1 seconds. Elapsed time: 18.599 seconds; current allocated memory: 76.996 MB.
==============================================================
Vitis HLS - High-Level Synthesis from C, C++ and OpenCL v2023.1 (64-bit)
Tool Version Limit: 2023.05
Copyright 1986-2022 Xilinx, Inc. All Rights Reserved.
Copyright 2022-2023 Advanced Micro Devices, Inc. All Rights Reserved.

==============================================================
INFO: [SYN 201-201] Setting up clock 'default' with a period of 10ns.
INFO: [HLS 200-1611] Setting target device to 'xc7z020-clg484-1'
INFO: [HLS 200-1505] Using flow_target 'vivado'
INFO: [HLS 200-1510] Running: set_part xc7z020clg484-1 
INFO: [HLS 200-1510] Running: create_clock -period 10 -name default 
INFO: [HLS 200-1510] Running: csim_design -quiet 
INFO: [SIM 211-2] *************** CSIM start ***************
INFO: [SIM 211-4] CSIM will launch GCC as the compiler.
INFO: [HLS 200-2036] Building debug C Simulation binaries
INFO: [SIM 211-1] CSim done with 0 errors.
INFO: [SIM 211-3] *************** CSIM finish ***************
INFO: [HLS 200-111] Finished Command csim_design CPU user time: 0 seconds. CPU system time: 0 seconds. Elapsed time: 3.496 seconds; current allocated memory: 0.500 MB.
==============================================================
Vitis HLS - High-Level Synthesis from C, C++ and OpenCL v2023.1 (64-bit)
Tool Version Limit: 2023.05
Copyright 1986-2022 Xilinx, Inc. All Rights Reserved.
Copyright 2022-2023 Advanced Micro Devices, Inc. All Rights Reserved.

==============================================================
INFO: [SYN 201-201] Setting up clock 'default' with a period of 10ns.
INFO: [HLS 200-1611] Setting target device to 'xc7z020-clg484-1'
INFO: [HLS 200-1505] Using flow_target 'vivado'
INFO: [HLS 200-1510] Running: set_part xc7z020clg484-1 
INFO: [HLS 200-1510] Running: create_clock -period 10 -name default 
INFO: [HLS 200-1510] Running: csynth_design 
INFO: [HLS 200-111] Finished File checks and directory preparation: CPU user time: 0 seconds. CPU system time: 0 seconds. Elapsed time: 0.121 seconds; current allocated memory: 89.473 MB.
INFO: [HLS 200-10] Analyzing design file 'fft8.cpp' ... 
INFO: [HLS 200-111] Finished Source Code Analysis and Preprocessing: CPU user time: 0 seconds. CPU system time: 0 seconds. Elapsed time: 6.279 seconds; current allocated memory: 90.727 MB.
INFO: [HLS 200-777] Using interface defaults for 'Vivado' flow target.
INFO: [HLS 214-131] Inlining function 'butterfly(std::complex<ap_fixed<16, 4, (ap_q_mode)0, (ap_o_mode)0, 0> >&, std::complex<ap_fixed<16, 4, (ap_q_mode)0, (ap_o_mode)0, 0> >&, ap_fixed<16, 4, (ap_q_mode)0, (ap_o_mode)0, 0>, ap_fixed<16, 4, (ap_q_mode)0, (ap_o_mode)0, 0>)' into 'dit_fft_8(std::complex<ap_fixed<16, 4, (ap_q_mode)0, (ap_o_mode)0, 0> >*, std::complex<ap_fixed<16, 4, (ap_q_mode)0, (ap_o_mode)0, 0> >*)' (fft8.cpp:40:28)
INFO: [HLS 214-131] Inlining function 'butterfly(std::complex<ap_fixed<16, 4, (ap_q_mode)0, (ap_o_mode)0, 0> >&, std::complex<ap_fixed<16, 4, (ap_q_mode)0, (ap_o_mode)0, 0> >&, ap_fixed<16, 4, (ap_q_mode)0, (ap_o_mode)0, 0>, ap_fixed<16, 4, (ap_q_mode)0, (ap_o_mode)0, 0>)' into 'dit_fft_8(std::complex<ap_fixed<16, 4, (ap_q_mode)0, (ap_o_mode)0, 0> >*, std::complex<ap_fixed<16, 4, (ap_q_mode)0, (ap_o_mode)0, 0> >*)' (fft8.cpp:41:31)
INFO: [HLS 214-131] Inlining function 'butterfly(std::complex<ap_fixed<16, 4, (ap_q_mode)0, (ap_o_mode)0, 0> >&, std::complex<ap_fixed<16, 4, (ap_q_mode)0, (ap_o_mode)0, 0> >&, ap_fixed<16, 4, (ap_q_mode)0, (ap_o_mode)0, 0>, ap_fixed<16, 4, (ap_q_mode)0, (ap_o_mode)0, 0>)' into 'dit_fft_8(std::complex<ap_fixed<16, 4, (ap_q_mode)0, (ap_o_mode)0, 0> >*, std::complex<ap_fixed<16, 4, (ap_q_mode)0, (ap_o_mode)0, 0> >*)' (fft8.cpp:42:31)
INFO: [HLS 214-131] Inlining function 'butterfly(std::complex<ap_fixed<16, 4, (ap_q_mode)0, (ap_o_mode)0, 0> >&, std::complex<ap_fixed<16, 4, (ap_q_mode)0, (ap_o_mode)0, 0> >&, ap_fixed<16, 4, (ap_q_mode)0, (ap_o_mode)0, 0>, ap_fixed<16, 4, (ap_q_mode)0, (ap_o_mode)0, 0>)' into 'dit_fft_8(std::complex<ap_fixed<16, 4, (ap_q_mode)0, (ap_o_mode)0, 0> >*, std::complex<ap_fixed<16, 4, (ap_q_mode)0, (ap_o_mode)0, 0> >*)' (fft8.cpp:43:31)
INFO: [HLS 214-131] Inlining function 'butterfly(std::complex<ap_fixed<16, 4, (ap_q_mode)0, (ap_o_mode)0, 0> >&, std::complex<ap_fixed<16, 4, (ap_q_mode)0, (ap_o_mode)0, 0> >&, ap_fixed<16, 4, (ap_q_mode)0, (ap_o_mode)0, 0>, ap_fixed<16, 4, (ap_q_mode)0, (ap_o_mode)0, 0>)' into 'dit_fft_8(std::complex<ap_fixed<16, 4, (ap_q_mode)0, (ap_o_mode)0, 0> >*, std::complex<ap_fixed<16, 4, (ap_q_mode)0, (ap_o_mode)0, 0> >*)' (fft8.cpp:46:31)
INFO: [HLS 214-131] Inlining function 'butterfly(std::complex<ap_fixed<16, 4, (ap_q_mode)0, (ap_o_mode)0, 0> >&, std::complex<ap_fixed<16, 4, (ap_q_mode)0, (ap_o_mode)0, 0> >&, ap_fixed<16, 4, (ap_q_mode)0, (ap_o_mode)0, 0>, ap_fixed<16, 4, (ap_q_mode)0, (ap_o_mode)0, 0>)' into 'dit_fft_8(std::complex<ap_fixed<16, 4, (ap_q_mode)0, (ap_o_mode)0, 0> >*, std::complex<ap_fixed<16, 4, (ap_q_mode)0, (ap_o_mode)0, 0> >*)' (fft8.cpp:47:31)
INFO: [HLS 214-131] Inlining function 'butterfly(std::complex<ap_fixed<16, 4, (ap_q_mode)0, (ap_o_mode)0, 0> >&, std::complex<ap_fixed<16, 4, (ap_q_mode)0, (ap_o_mode)0, 0> >&, ap_fixed<16, 4, (ap_q_mode)0, (ap_o_mode)0, 0>, ap_fixed<16, 4, (ap_q_mode)0, (ap_o_mode)0, 0>)' into 'dit_fft_8(std::complex<ap_fixed<16, 4, (ap_q_mode)0, (ap_o_mode)0, 0> >*, std::complex<ap_fixed<16, 4, (ap_q_mode)0, (ap_o_mode)0, 0> >*)' (fft8.cpp:48:31)
INFO: [HLS 214-131] Inlining function 'butterfly(std::complex<ap_fixed<16, 4, (ap_q_mode)0, (ap_o_mode)0, 0> >&, std::complex<ap_fixed<16, 4, (ap_q_mode)0, (ap_o_mode)0, 0> >&, ap_fixed<16, 4, (ap_q_mode)0, (ap_o_mode)0, 0>, ap_fixed<16, 4, (ap_q_mode)0, (ap_o_mode)0, 0>)' into 'dit_fft_8(std::complex<ap_fixed<16, 4, (ap_q_mode)0, (ap_o_mode)0, 0> >*, std::complex<ap_fixed<16, 4, (ap_q_mode)0, (ap_o_mode)0, 0> >*)' (fft8.cpp:49:31)
INFO: [HLS 214-131] Inlining function 'butterfly(std::complex<ap_fixed<16, 4, (ap_q_mode)0, (ap_o_mode)0, 0> >&, std::complex<ap_fixed<16, 4, (ap_q_mode)0, (ap_o_mode)0, 0> >&, ap_fixed<16, 4, (ap_q_mode)0, (ap_o_mode)0, 0>, ap_fixed<16, 4, (ap_q_mode)0, (ap_o_mode)0, 0>)' into 'dit_fft_8(std::complex<ap_fixed<16, 4, (ap_q_mode)0, (ap_o_mode)0, 0> >*, std::complex<ap_fixed<16, 4, (ap_q_mode)0, (ap_o_mode)0, 0> >*)' (fft8.cpp:52:33)
INFO: [HLS 214-131] Inlining function 'butterfly(std::complex<ap_fixed<16, 4, (ap_q_mode)0, (ap_o_mode)0, 0> >&, std::complex<ap_fixed<16, 4, (ap_q_mode)0, (ap_o_mode)0, 0> >&, ap_fixed<16, 4, (ap_q_mode)0, (ap_o_mode)0, 0>, ap_fixed<16, 4, (ap_q_mode)0, (ap_o_mode)0, 0>)' into 'dit_fft_8(std::complex<ap_fixed<16, 4, (ap_q_mode)0, (ap_o_mode)0, 0> >*, std::complex<ap_fixed<16, 4, (ap_q_mode)0, (ap_o_mode)0, 0> >*)' (fft8.cpp:53:33)
INFO: [HLS 214-131] Inlining function 'butterfly(std::complex<ap_fixed<16, 4, (ap_q_mode)0, (ap_o_mode)0, 0> >&, std::complex<ap_fixed<16, 4, (ap_q_mode)0, (ap_o_mode)0, 0> >&, ap_fixed<16, 4, (ap_q_mode)0, (ap_o_mode)0, 0>, ap_fixed<16, 4, (ap_q_mode)0, (ap_o_mode)0, 0>)' into 'dit_fft_8(std::complex<ap_fixed<16, 4, (ap_q_mode)0, (ap_o_mode)0, 0> >*, std::complex<ap_fixed<16, 4, (ap_q_mode)0, (ap_o_mode)0, 0> >*)' (fft8.cpp:54:33)
INFO: [HLS 214-131] Inlining function 'butterfly(std::complex<ap_fixed<16, 4, (ap_q_mode)0, (ap_o_mode)0, 0> >&, std::complex<ap_fixed<16, 4, (ap_q_mode)0, (ap_o_mode)0, 0> >&, ap_fixed<16, 4, (ap_q_mode)0, (ap_o_mode)0, 0>, ap_fixed<16, 4, (ap_q_mode)0, (ap_o_mode)0, 0>)' into 'dit_fft_8(std::complex<ap_fixed<16, 4, (ap_q_mode)0, (ap_o_mode)0, 0> >*, std::complex<ap_fixed<16, 4, (ap_q_mode)0, (ap_o_mode)0, 0> >*)' (fft8.cpp:55:33)
INFO: [HLS 214-248] Applying array_partition to 'in': Complete partitioning on dimension 1. (fft8.cpp:15:0)
INFO: [HLS 214-248] Applying array_partition to 'out': Complete partitioning on dimension 1. (fft8.cpp:15:0)
INFO: [HLS 214-241] Aggregating scalar variable 'out_7' with compact=bit mode in 32-bits (fft8.cpp:15:0)
INFO: [HLS 214-241] Aggregating scalar variable 'out_6' with compact=bit mode in 32-bits (fft8.cpp:15:0)
INFO: [HLS 214-241] Aggregating scalar variable 'out_5' with compact=bit mode in 32-bits (fft8.cpp:15:0)
INFO: [HLS 214-241] Aggregating scalar variable 'out_4' with compact=bit mode in 32-bits (fft8.cpp:15:0)
INFO: [HLS 214-241] Aggregating scalar variable 'out_3' with compact=bit mode in 32-bits (fft8.cpp:15:0)
INFO: [HLS 214-241] Aggregating scalar variable 'out_2' with compact=bit mode in 32-bits (fft8.cpp:15:0)
INFO: [HLS 214-241] Aggregating scalar variable 'out_1' with compact=bit mode in 32-bits (fft8.cpp:15:0)
INFO: [HLS 214-241] Aggregating scalar variable 'out_0' with compact=bit mode in 32-bits (fft8.cpp:15:0)
INFO: [HLS 214-241] Aggregating scalar variable 'in_7' with compact=bit mode in 32-bits (fft8.cpp:15:0)
INFO: [HLS 214-241] Aggregating scalar variable 'in_6' with compact=bit mode in 32-bits (fft8.cpp:15:0)
INFO: [HLS 214-241] Aggregating scalar variable 'in_5' with compact=bit mode in 32-bits (fft8.cpp:15:0)
INFO: [HLS 214-241] Aggregating scalar variable 'in_4' with compact=bit mode in 32-bits (fft8.cpp:15:0)
INFO: [HLS 214-241] Aggregating scalar variable 'in_3' with compact=bit mode in 32-bits (fft8.cpp:15:0)
INFO: [HLS 214-241] Aggregating scalar variable 'in_2' with compact=bit mode in 32-bits (fft8.cpp:15:0)
INFO: [HLS 214-241] Aggregating scalar variable 'in_1' with compact=bit mode in 32-bits (fft8.cpp:15:0)
INFO: [HLS 214-241] Aggregating scalar variable 'in_0' with compact=bit mode in 32-bits (fft8.cpp:15:0)
INFO: [HLS 200-111] Finished Compiling Optimization and Transform: CPU user time: 0 seconds. CPU system time: 0 seconds. Elapsed time: 4.481 seconds; current allocated memory: 92.125 MB.
INFO: [HLS 200-111] Finished Checking Pragmas: CPU user time: 0 seconds. CPU system time: 0 seconds. Elapsed time: 0.002 seconds; current allocated memory: 92.125 MB.
INFO: [HLS 200-10] Starting code transformations ...
INFO: [HLS 200-111] Finished Standard Transforms: CPU user time: 0 seconds. CPU system time: 0 seconds. Elapsed time: 0.087 seconds; current allocated memory: 99.340 MB.
INFO: [HLS 200-10] Checking synthesizability ...
INFO: [HLS 200-111] Finished Checking Synthesizability: CPU user time: 0 seconds. CPU system time: 0 seconds. Elapsed time: 0.07 seconds; current allocated memory: 101.168 MB.
INFO: [XFORM 203-401] Performing if-conversion on hyperblock from (fft8.cpp:39:9) to (fft8.cpp:56:1) in function 'dit_fft_8'... converting 9 basic blocks.
INFO: [HLS 200-111] Finished Loop, function and other optimizations: CPU user time: 0 seconds. CPU system time: 0 seconds. Elapsed time: 0.233 seconds; current allocated memory: 126.086 MB.
INFO: [HLS 200-111] Finished Architecture Synthesis: CPU user time: 1 seconds. CPU system time: 0 seconds. Elapsed time: 0.151 seconds; current allocated memory: 126.094 MB.
INFO: [HLS 200-10] Starting hardware synthesis ...
INFO: [HLS 200-10] Synthesizing 'dit_fft_8' ...
INFO: [HLS 200-10] ----------------------------------------------------------------
INFO: [HLS 200-42] -- Implementing module 'dit_fft_8' 
INFO: [HLS 200-10] ----------------------------------------------------------------
INFO: [SCHED 204-11] Starting scheduling ...
INFO: [HLS 200-486] Changing DSP latency (root=add_ln9_3) to 3 in order to utilize available DSP registers.
INFO: [HLS 200-486] Changing DSP latency (root=sub_ln8_6) to 3 in order to utilize available DSP registers.
INFO: [HLS 200-486] Changing DSP latency (root=add_ln8) to 3 in order to utilize available DSP registers.
INFO: [SCHED 204-61] Pipelining function 'dit_fft_8'.
INFO: [HLS 200-1470] Pipelining result : Target II = 1, Final II = 1, Depth = 7, function 'dit_fft_8'
INFO: [SCHED 204-11] Finished scheduling.
INFO: [HLS 200-111] Finished Scheduling: CPU user time: 1 seconds. CPU system time: 0 seconds. Elapsed time: 1.863 seconds; current allocated memory: 134.531 MB.
INFO: [BIND 205-100] Starting micro-architecture generation ...
INFO: [BIND 205-101] Performing variable lifetime analysis.
INFO: [BIND 205-101] Exploring resource sharing.
INFO: [BIND 205-101] Binding ...
INFO: [BIND 205-100] Finished micro-architecture generation.
INFO: [HLS 200-111] Finished Binding: CPU user time: 1 seconds. CPU system time: 0 seconds. Elapsed time: 0.285 seconds; current allocated memory: 135.660 MB.
INFO: [HLS 200-10] ----------------------------------------------------------------
INFO: [HLS 200-10] -- Generating RTL for module 'dit_fft_8' 
INFO: [HLS 200-10] ----------------------------------------------------------------
INFO: [RTGEN 206-500] Setting interface mode on port 'dit_fft_8/in_0' to 'ap_none'.
INFO: [RTGEN 206-500] Setting interface mode on port 'dit_fft_8/in_1' to 'ap_none'.
INFO: [RTGEN 206-500] Setting interface mode on port 'dit_fft_8/in_2' to 'ap_none'.
INFO: [RTGEN 206-500] Setting interface mode on port 'dit_fft_8/in_3' to 'ap_none'.
INFO: [RTGEN 206-500] Setting interface mode on port 'dit_fft_8/in_4' to 'ap_none'.
INFO: [RTGEN 206-500] Setting interface mode on port 'dit_fft_8/in_5' to 'ap_none'.
INFO: [RTGEN 206-500] Setting interface mode on port 'dit_fft_8/in_6' to 'ap_none'.
INFO: [RTGEN 206-500] Setting interface mode on port 'dit_fft_8/in_7' to 'ap_none'.
INFO: [RTGEN 206-500] Setting interface mode on port 'dit_fft_8/out_0' to 'ap_none'.
WARNING: [RTGEN 206-101] Port 'out_0' with mode 'ap_none' may require an associated data valid signal to correctly communicate with other blocks or a test bench; automatic C/RTL co-simulation may not be able to verify such a port.
INFO: [RTGEN 206-500] Setting interface mode on port 'dit_fft_8/out_1' to 'ap_none'.
WARNING: [RTGEN 206-101] Port 'out_1' with mode 'ap_none' may require an associated data valid signal to correctly communicate with other blocks or a test bench; automatic C/RTL co-simulation may not be able to verify such a port.
INFO: [RTGEN 206-500] Setting interface mode on port 'dit_fft_8/out_2' to 'ap_none'.
WARNING: [RTGEN 206-101] Port 'out_2' with mode 'ap_none' may require an associated data valid signal to correctly communicate with other blocks or a test bench; automatic C/RTL co-simulation may not be able to verify such a port.
INFO: [RTGEN 206-500] Setting interface mode on port 'dit_fft_8/out_3' to 'ap_none'.
WARNING: [RTGEN 206-101] Port 'out_3' with mode 'ap_none' may require an associated data valid signal to correctly communicate with other blocks or a test bench; automatic C/RTL co-simulation may not be able to verify such a port.
INFO: [RTGEN 206-500] Setting interface mode on port 'dit_fft_8/out_4' to 'ap_none'.
WARNING: [RTGEN 206-101] Port 'out_4' with mode 'ap_none' may require an associated data valid signal to correctly communicate with other blocks or a test bench; automatic C/RTL co-simulation may not be able to verify such a port.
INFO: [RTGEN 206-500] Setting interface mode on port 'dit_fft_8/out_5' to 'ap_none'.
WARNING: [RTGEN 206-101] Port 'out_5' with mode 'ap_none' may require an associated data valid signal to correctly communicate with other blocks or a test bench; automatic C/RTL co-simulation may not be able to verify such a port.
INFO: [RTGEN 206-500] Setting interface mode on port 'dit_fft_8/out_6' to 'ap_none'.
WARNING: [RTGEN 206-101] Port 'out_6' with mode 'ap_none' may require an associated data valid signal to correctly communicate with other blocks or a test bench; automatic C/RTL co-simulation may not be able to verify such a port.
INFO: [RTGEN 206-500] Setting interface mode on port 'dit_fft_8/out_7' to 'ap_none'.
WARNING: [RTGEN 206-101] Port 'out_7' with mode 'ap_none' may require an associated data valid signal to correctly communicate with other blocks or a test bench; automatic C/RTL co-simulation may not be able to verify such a port.
INFO: [RTGEN 206-500] Setting interface mode on function 'dit_fft_8' to 'ap_ctrl_none'.
INFO: [RTGEN 206-100] Generating core module 'am_addmul_16s_16s_12ns_29_4_1': 1 instance(s).
INFO: [RTGEN 206-100] Generating core module 'am_addmul_16s_16s_13s_29_4_1': 1 instance(s).
INFO: [RTGEN 206-100] Generating core module 'am_submul_16s_16s_13s_29_4_1': 1 instance(s).
INFO: [RTGEN 206-100] Generating core module 'mul_12s_12ns_12_1_1': 1 instance(s).
INFO: [RTGEN 206-100] Generating core module 'mul_16s_13ns_29_1_1': 1 instance(s).
INFO: [RTGEN 206-100] Generating core module 'mul_16s_13s_29_1_1': 1 instance(s).
INFO: [RTGEN 206-100] Finished creating RTL model for 'dit_fft_8'.
INFO: [HLS 200-111] Finished Creating RTL model: CPU user time: 0 seconds. CPU system time: 0 seconds. Elapsed time: 0.821 seconds; current allocated memory: 141.422 MB.
INFO: [HLS 200-111] Finished Generating all RTL models: CPU user time: 2 seconds. CPU system time: 1 seconds. Elapsed time: 2.707 seconds; current allocated memory: 160.137 MB.
INFO: [HLS 200-111] Finished Updating report files: CPU user time: 0 seconds. CPU system time: 0 seconds. Elapsed time: 0.648 seconds; current allocated memory: 166.121 MB.
INFO: [VHDL 208-304] Generating VHDL RTL for dit_fft_8.
INFO: [VLOG 209-307] Generating Verilog RTL for dit_fft_8.
INFO: [HLS 200-789] **** Estimated Fmax: 140.31 MHz
INFO: [HLS 200-111] Finished Command csynth_design CPU user time: 5 seconds. CPU system time: 1 seconds. Elapsed time: 17.842 seconds; current allocated memory: 76.805 MB.
==============================================================
Vitis HLS - High-Level Synthesis from C, C++ and OpenCL v2023.1 (64-bit)
Tool Version Limit: 2023.05
Copyright 1986-2022 Xilinx, Inc. All Rights Reserved.
Copyright 2022-2023 Advanced Micro Devices, Inc. All Rights Reserved.

==============================================================
INFO: [SYN 201-201] Setting up clock 'default' with a period of 10ns.
INFO: [HLS 200-1611] Setting target device to 'xc7z020-clg484-1'
INFO: [HLS 200-1505] Using flow_target 'vivado'
INFO: [HLS 200-1510] Running: set_part xc7z020clg484-1 
INFO: [HLS 200-1510] Running: create_clock -period 10 -name default 
INFO: [HLS 200-1510] Running: csynth_design 
INFO: [HLS 200-111] Finished File checks and directory preparation: CPU user time: 0 seconds. CPU system time: 0 seconds. Elapsed time: 0.122 seconds; current allocated memory: 90.438 MB.
INFO: [HLS 200-10] Analyzing design file 'fft8.cpp' ... 
INFO: [HLS 200-111] Finished Source Code Analysis and Preprocessing: CPU user time: 0 seconds. CPU system time: 0 seconds. Elapsed time: 6.3 seconds; current allocated memory: 91.699 MB.
INFO: [HLS 200-777] Using interface defaults for 'Vivado' flow target.
INFO: [HLS 214-131] Inlining function 'butterfly(std::complex<ap_fixed<16, 4, (ap_q_mode)0, (ap_o_mode)0, 0> >&, std::complex<ap_fixed<16, 4, (ap_q_mode)0, (ap_o_mode)0, 0> >&, ap_fixed<16, 4, (ap_q_mode)0, (ap_o_mode)0, 0>, ap_fixed<16, 4, (ap_q_mode)0, (ap_o_mode)0, 0>)' into 'dit_fft_8(std::complex<ap_fixed<16, 4, (ap_q_mode)0, (ap_o_mode)0, 0> >*, std::complex<ap_fixed<16, 4, (ap_q_mode)0, (ap_o_mode)0, 0> >*)' (fft8.cpp:39:28)
INFO: [HLS 214-131] Inlining function 'butterfly(std::complex<ap_fixed<16, 4, (ap_q_mode)0, (ap_o_mode)0, 0> >&, std::complex<ap_fixed<16, 4, (ap_q_mode)0, (ap_o_mode)0, 0> >&, ap_fixed<16, 4, (ap_q_mode)0, (ap_o_mode)0, 0>, ap_fixed<16, 4, (ap_q_mode)0, (ap_o_mode)0, 0>)' into 'dit_fft_8(std::complex<ap_fixed<16, 4, (ap_q_mode)0, (ap_o_mode)0, 0> >*, std::complex<ap_fixed<16, 4, (ap_q_mode)0, (ap_o_mode)0, 0> >*)' (fft8.cpp:40:31)
INFO: [HLS 214-131] Inlining function 'butterfly(std::complex<ap_fixed<16, 4, (ap_q_mode)0, (ap_o_mode)0, 0> >&, std::complex<ap_fixed<16, 4, (ap_q_mode)0, (ap_o_mode)0, 0> >&, ap_fixed<16, 4, (ap_q_mode)0, (ap_o_mode)0, 0>, ap_fixed<16, 4, (ap_q_mode)0, (ap_o_mode)0, 0>)' into 'dit_fft_8(std::complex<ap_fixed<16, 4, (ap_q_mode)0, (ap_o_mode)0, 0> >*, std::complex<ap_fixed<16, 4, (ap_q_mode)0, (ap_o_mode)0, 0> >*)' (fft8.cpp:41:31)
INFO: [HLS 214-131] Inlining function 'butterfly(std::complex<ap_fixed<16, 4, (ap_q_mode)0, (ap_o_mode)0, 0> >&, std::complex<ap_fixed<16, 4, (ap_q_mode)0, (ap_o_mode)0, 0> >&, ap_fixed<16, 4, (ap_q_mode)0, (ap_o_mode)0, 0>, ap_fixed<16, 4, (ap_q_mode)0, (ap_o_mode)0, 0>)' into 'dit_fft_8(std::complex<ap_fixed<16, 4, (ap_q_mode)0, (ap_o_mode)0, 0> >*, std::complex<ap_fixed<16, 4, (ap_q_mode)0, (ap_o_mode)0, 0> >*)' (fft8.cpp:42:31)
INFO: [HLS 214-131] Inlining function 'butterfly(std::complex<ap_fixed<16, 4, (ap_q_mode)0, (ap_o_mode)0, 0> >&, std::complex<ap_fixed<16, 4, (ap_q_mode)0, (ap_o_mode)0, 0> >&, ap_fixed<16, 4, (ap_q_mode)0, (ap_o_mode)0, 0>, ap_fixed<16, 4, (ap_q_mode)0, (ap_o_mode)0, 0>)' into 'dit_fft_8(std::complex<ap_fixed<16, 4, (ap_q_mode)0, (ap_o_mode)0, 0> >*, std::complex<ap_fixed<16, 4, (ap_q_mode)0, (ap_o_mode)0, 0> >*)' (fft8.cpp:45:31)
INFO: [HLS 214-131] Inlining function 'butterfly(std::complex<ap_fixed<16, 4, (ap_q_mode)0, (ap_o_mode)0, 0> >&, std::complex<ap_fixed<16, 4, (ap_q_mode)0, (ap_o_mode)0, 0> >&, ap_fixed<16, 4, (ap_q_mode)0, (ap_o_mode)0, 0>, ap_fixed<16, 4, (ap_q_mode)0, (ap_o_mode)0, 0>)' into 'dit_fft_8(std::complex<ap_fixed<16, 4, (ap_q_mode)0, (ap_o_mode)0, 0> >*, std::complex<ap_fixed<16, 4, (ap_q_mode)0, (ap_o_mode)0, 0> >*)' (fft8.cpp:46:31)
INFO: [HLS 214-131] Inlining function 'butterfly(std::complex<ap_fixed<16, 4, (ap_q_mode)0, (ap_o_mode)0, 0> >&, std::complex<ap_fixed<16, 4, (ap_q_mode)0, (ap_o_mode)0, 0> >&, ap_fixed<16, 4, (ap_q_mode)0, (ap_o_mode)0, 0>, ap_fixed<16, 4, (ap_q_mode)0, (ap_o_mode)0, 0>)' into 'dit_fft_8(std::complex<ap_fixed<16, 4, (ap_q_mode)0, (ap_o_mode)0, 0> >*, std::complex<ap_fixed<16, 4, (ap_q_mode)0, (ap_o_mode)0, 0> >*)' (fft8.cpp:47:31)
INFO: [HLS 214-131] Inlining function 'butterfly(std::complex<ap_fixed<16, 4, (ap_q_mode)0, (ap_o_mode)0, 0> >&, std::complex<ap_fixed<16, 4, (ap_q_mode)0, (ap_o_mode)0, 0> >&, ap_fixed<16, 4, (ap_q_mode)0, (ap_o_mode)0, 0>, ap_fixed<16, 4, (ap_q_mode)0, (ap_o_mode)0, 0>)' into 'dit_fft_8(std::complex<ap_fixed<16, 4, (ap_q_mode)0, (ap_o_mode)0, 0> >*, std::complex<ap_fixed<16, 4, (ap_q_mode)0, (ap_o_mode)0, 0> >*)' (fft8.cpp:48:31)
INFO: [HLS 214-131] Inlining function 'butterfly(std::complex<ap_fixed<16, 4, (ap_q_mode)0, (ap_o_mode)0, 0> >&, std::complex<ap_fixed<16, 4, (ap_q_mode)0, (ap_o_mode)0, 0> >&, ap_fixed<16, 4, (ap_q_mode)0, (ap_o_mode)0, 0>, ap_fixed<16, 4, (ap_q_mode)0, (ap_o_mode)0, 0>)' into 'dit_fft_8(std::complex<ap_fixed<16, 4, (ap_q_mode)0, (ap_o_mode)0, 0> >*, std::complex<ap_fixed<16, 4, (ap_q_mode)0, (ap_o_mode)0, 0> >*)' (fft8.cpp:51:33)
INFO: [HLS 214-131] Inlining function 'butterfly(std::complex<ap_fixed<16, 4, (ap_q_mode)0, (ap_o_mode)0, 0> >&, std::complex<ap_fixed<16, 4, (ap_q_mode)0, (ap_o_mode)0, 0> >&, ap_fixed<16, 4, (ap_q_mode)0, (ap_o_mode)0, 0>, ap_fixed<16, 4, (ap_q_mode)0, (ap_o_mode)0, 0>)' into 'dit_fft_8(std::complex<ap_fixed<16, 4, (ap_q_mode)0, (ap_o_mode)0, 0> >*, std::complex<ap_fixed<16, 4, (ap_q_mode)0, (ap_o_mode)0, 0> >*)' (fft8.cpp:52:33)
INFO: [HLS 214-131] Inlining function 'butterfly(std::complex<ap_fixed<16, 4, (ap_q_mode)0, (ap_o_mode)0, 0> >&, std::complex<ap_fixed<16, 4, (ap_q_mode)0, (ap_o_mode)0, 0> >&, ap_fixed<16, 4, (ap_q_mode)0, (ap_o_mode)0, 0>, ap_fixed<16, 4, (ap_q_mode)0, (ap_o_mode)0, 0>)' into 'dit_fft_8(std::complex<ap_fixed<16, 4, (ap_q_mode)0, (ap_o_mode)0, 0> >*, std::complex<ap_fixed<16, 4, (ap_q_mode)0, (ap_o_mode)0, 0> >*)' (fft8.cpp:53:33)
INFO: [HLS 214-131] Inlining function 'butterfly(std::complex<ap_fixed<16, 4, (ap_q_mode)0, (ap_o_mode)0, 0> >&, std::complex<ap_fixed<16, 4, (ap_q_mode)0, (ap_o_mode)0, 0> >&, ap_fixed<16, 4, (ap_q_mode)0, (ap_o_mode)0, 0>, ap_fixed<16, 4, (ap_q_mode)0, (ap_o_mode)0, 0>)' into 'dit_fft_8(std::complex<ap_fixed<16, 4, (ap_q_mode)0, (ap_o_mode)0, 0> >*, std::complex<ap_fixed<16, 4, (ap_q_mode)0, (ap_o_mode)0, 0> >*)' (fft8.cpp:54:33)
INFO: [HLS 214-248] Applying array_partition to 'in': Complete partitioning on dimension 1. (fft8.cpp:15:0)
INFO: [HLS 214-248] Applying array_partition to 'out': Complete partitioning on dimension 1. (fft8.cpp:15:0)
INFO: [HLS 214-241] Aggregating scalar variable 'out_7' with compact=bit mode in 32-bits (fft8.cpp:15:0)
INFO: [HLS 214-241] Aggregating scalar variable 'out_6' with compact=bit mode in 32-bits (fft8.cpp:15:0)
INFO: [HLS 214-241] Aggregating scalar variable 'out_5' with compact=bit mode in 32-bits (fft8.cpp:15:0)
INFO: [HLS 214-241] Aggregating scalar variable 'out_4' with compact=bit mode in 32-bits (fft8.cpp:15:0)
INFO: [HLS 214-241] Aggregating scalar variable 'out_3' with compact=bit mode in 32-bits (fft8.cpp:15:0)
INFO: [HLS 214-241] Aggregating scalar variable 'out_2' with compact=bit mode in 32-bits (fft8.cpp:15:0)
INFO: [HLS 214-241] Aggregating scalar variable 'out_1' with compact=bit mode in 32-bits (fft8.cpp:15:0)
INFO: [HLS 214-241] Aggregating scalar variable 'out_0' with compact=bit mode in 32-bits (fft8.cpp:15:0)
INFO: [HLS 214-241] Aggregating scalar variable 'in_7' with compact=bit mode in 32-bits (fft8.cpp:15:0)
INFO: [HLS 214-241] Aggregating scalar variable 'in_6' with compact=bit mode in 32-bits (fft8.cpp:15:0)
INFO: [HLS 214-241] Aggregating scalar variable 'in_5' with compact=bit mode in 32-bits (fft8.cpp:15:0)
INFO: [HLS 214-241] Aggregating scalar variable 'in_4' with compact=bit mode in 32-bits (fft8.cpp:15:0)
INFO: [HLS 214-241] Aggregating scalar variable 'in_3' with compact=bit mode in 32-bits (fft8.cpp:15:0)
INFO: [HLS 214-241] Aggregating scalar variable 'in_2' with compact=bit mode in 32-bits (fft8.cpp:15:0)
INFO: [HLS 214-241] Aggregating scalar variable 'in_1' with compact=bit mode in 32-bits (fft8.cpp:15:0)
INFO: [HLS 214-241] Aggregating scalar variable 'in_0' with compact=bit mode in 32-bits (fft8.cpp:15:0)
INFO: [HLS 200-111] Finished Compiling Optimization and Transform: CPU user time: 0 seconds. CPU system time: 0 seconds. Elapsed time: 6.564 seconds; current allocated memory: 93.207 MB.
INFO: [HLS 200-111] Finished Checking Pragmas: CPU user time: 0 seconds. CPU system time: 0 seconds. Elapsed time: 0.004 seconds; current allocated memory: 93.207 MB.
INFO: [HLS 200-10] Starting code transformations ...
INFO: [HLS 200-111] Finished Standard Transforms: CPU user time: 0 seconds. CPU system time: 0 seconds. Elapsed time: 0.125 seconds; current allocated memory: 100.551 MB.
INFO: [HLS 200-10] Checking synthesizability ...
INFO: [HLS 200-111] Finished Checking Synthesizability: CPU user time: 0 seconds. CPU system time: 0 seconds. Elapsed time: 0.098 seconds; current allocated memory: 102.828 MB.
INFO: [XFORM 203-401] Performing if-conversion on hyperblock from (fft8.cpp:38:9) to (fft8.cpp:55:1) in function 'dit_fft_8'... converting 9 basic blocks.
INFO: [HLS 200-111] Finished Loop, function and other optimizations: CPU user time: 1 seconds. CPU system time: 0 seconds. Elapsed time: 0.31 seconds; current allocated memory: 127.266 MB.
INFO: [HLS 200-111] Finished Architecture Synthesis: CPU user time: 0 seconds. CPU system time: 0 seconds. Elapsed time: 0.162 seconds; current allocated memory: 127.273 MB.
INFO: [HLS 200-10] Starting hardware synthesis ...
INFO: [HLS 200-10] Synthesizing 'dit_fft_8' ...
INFO: [HLS 200-10] ----------------------------------------------------------------
INFO: [HLS 200-42] -- Implementing module 'dit_fft_8' 
INFO: [HLS 200-10] ----------------------------------------------------------------
INFO: [SCHED 204-11] Starting scheduling ...
INFO: [HLS 200-486] Changing DSP latency (root=add_ln9_3) to 3 in order to utilize available DSP registers.
INFO: [HLS 200-486] Changing DSP latency (root=sub_ln8_6) to 3 in order to utilize available DSP registers.
INFO: [HLS 200-486] Changing DSP latency (root=add_ln8) to 3 in order to utilize available DSP registers.
INFO: [SCHED 204-61] Pipelining function 'dit_fft_8'.
INFO: [HLS 200-1470] Pipelining result : Target II = 1, Final II = 1, Depth = 7, function 'dit_fft_8'
INFO: [SCHED 204-11] Finished scheduling.
INFO: [HLS 200-111] Finished Scheduling: CPU user time: 1 seconds. CPU system time: 0 seconds. Elapsed time: 1.895 seconds; current allocated memory: 135.570 MB.
INFO: [BIND 205-100] Starting micro-architecture generation ...
INFO: [BIND 205-101] Performing variable lifetime analysis.
INFO: [BIND 205-101] Exploring resource sharing.
INFO: [BIND 205-101] Binding ...
INFO: [BIND 205-100] Finished micro-architecture generation.
INFO: [HLS 200-111] Finished Binding: CPU user time: 1 seconds. CPU system time: 0 seconds. Elapsed time: 0.298 seconds; current allocated memory: 136.727 MB.
INFO: [HLS 200-10] ----------------------------------------------------------------
INFO: [HLS 200-10] -- Generating RTL for module 'dit_fft_8' 
INFO: [HLS 200-10] ----------------------------------------------------------------
INFO: [RTGEN 206-500] Setting interface mode on port 'dit_fft_8/in_0' to 'ap_none'.
INFO: [RTGEN 206-500] Setting interface mode on port 'dit_fft_8/in_1' to 'ap_none'.
INFO: [RTGEN 206-500] Setting interface mode on port 'dit_fft_8/in_2' to 'ap_none'.
INFO: [RTGEN 206-500] Setting interface mode on port 'dit_fft_8/in_3' to 'ap_none'.
INFO: [RTGEN 206-500] Setting interface mode on port 'dit_fft_8/in_4' to 'ap_none'.
INFO: [RTGEN 206-500] Setting interface mode on port 'dit_fft_8/in_5' to 'ap_none'.
INFO: [RTGEN 206-500] Setting interface mode on port 'dit_fft_8/in_6' to 'ap_none'.
INFO: [RTGEN 206-500] Setting interface mode on port 'dit_fft_8/in_7' to 'ap_none'.
INFO: [RTGEN 206-500] Setting interface mode on port 'dit_fft_8/out_0' to 'ap_none'.
WARNING: [RTGEN 206-101] Port 'out_0' with mode 'ap_none' may require an associated data valid signal to correctly communicate with other blocks or a test bench; automatic C/RTL co-simulation may not be able to verify such a port.
INFO: [RTGEN 206-500] Setting interface mode on port 'dit_fft_8/out_1' to 'ap_none'.
WARNING: [RTGEN 206-101] Port 'out_1' with mode 'ap_none' may require an associated data valid signal to correctly communicate with other blocks or a test bench; automatic C/RTL co-simulation may not be able to verify such a port.
INFO: [RTGEN 206-500] Setting interface mode on port 'dit_fft_8/out_2' to 'ap_none'.
WARNING: [RTGEN 206-101] Port 'out_2' with mode 'ap_none' may require an associated data valid signal to correctly communicate with other blocks or a test bench; automatic C/RTL co-simulation may not be able to verify such a port.
INFO: [RTGEN 206-500] Setting interface mode on port 'dit_fft_8/out_3' to 'ap_none'.
WARNING: [RTGEN 206-101] Port 'out_3' with mode 'ap_none' may require an associated data valid signal to correctly communicate with other blocks or a test bench; automatic C/RTL co-simulation may not be able to verify such a port.
INFO: [RTGEN 206-500] Setting interface mode on port 'dit_fft_8/out_4' to 'ap_none'.
WARNING: [RTGEN 206-101] Port 'out_4' with mode 'ap_none' may require an associated data valid signal to correctly communicate with other blocks or a test bench; automatic C/RTL co-simulation may not be able to verify such a port.
INFO: [RTGEN 206-500] Setting interface mode on port 'dit_fft_8/out_5' to 'ap_none'.
WARNING: [RTGEN 206-101] Port 'out_5' with mode 'ap_none' may require an associated data valid signal to correctly communicate with other blocks or a test bench; automatic C/RTL co-simulation may not be able to verify such a port.
INFO: [RTGEN 206-500] Setting interface mode on port 'dit_fft_8/out_6' to 'ap_none'.
WARNING: [RTGEN 206-101] Port 'out_6' with mode 'ap_none' may require an associated data valid signal to correctly communicate with other blocks or a test bench; automatic C/RTL co-simulation may not be able to verify such a port.
INFO: [RTGEN 206-500] Setting interface mode on port 'dit_fft_8/out_7' to 'ap_none'.
WARNING: [RTGEN 206-101] Port 'out_7' with mode 'ap_none' may require an associated data valid signal to correctly communicate with other blocks or a test bench; automatic C/RTL co-simulation may not be able to verify such a port.
INFO: [RTGEN 206-500] Setting interface mode on function 'dit_fft_8' to 'ap_ctrl_none'.
INFO: [RTGEN 206-100] Generating core module 'am_addmul_16s_16s_12ns_29_4_1': 1 instance(s).
INFO: [RTGEN 206-100] Generating core module 'am_addmul_16s_16s_13s_29_4_1': 1 instance(s).
INFO: [RTGEN 206-100] Generating core module 'am_submul_16s_16s_13s_29_4_1': 1 instance(s).
INFO: [RTGEN 206-100] Generating core module 'mul_12s_12ns_12_1_1': 1 instance(s).
INFO: [RTGEN 206-100] Generating core module 'mul_16s_13ns_29_1_1': 1 instance(s).
INFO: [RTGEN 206-100] Generating core module 'mul_16s_13s_29_1_1': 1 instance(s).
INFO: [RTGEN 206-100] Finished creating RTL model for 'dit_fft_8'.
INFO: [HLS 200-111] Finished Creating RTL model: CPU user time: 0 seconds. CPU system time: 0 seconds. Elapsed time: 0.812 seconds; current allocated memory: 143.188 MB.
INFO: [HLS 200-111] Finished Generating all RTL models: CPU user time: 2 seconds. CPU system time: 1 seconds. Elapsed time: 2.751 seconds; current allocated memory: 161.234 MB.
INFO: [HLS 200-111] Finished Updating report files: CPU user time: 0 seconds. CPU system time: 0 seconds. Elapsed time: 0.623 seconds; current allocated memory: 167.145 MB.
INFO: [VHDL 208-304] Generating VHDL RTL for dit_fft_8.
INFO: [VLOG 209-307] Generating Verilog RTL for dit_fft_8.
INFO: [HLS 200-789] **** Estimated Fmax: 140.31 MHz
INFO: [HLS 200-111] Finished Command csynth_design CPU user time: 5 seconds. CPU system time: 1 seconds. Elapsed time: 20.171 seconds; current allocated memory: 76.969 MB.
